#
# A fatal error has been detected by the Java Runtime Environment:
#
#  SIGSEGV (0xb) at pc=0x00007fd5381c1a4c, pid=4103, tid=140552964802304
#
# JRE version: Java(TM) SE Runtime Environment (7.0_45-b18) (build 1.7.0_45-b18)
# Java VM: Java HotSpot(TM) 64-Bit Server VM (24.45-b08 mixed mode linux-amd64 compressed oops)
# Problematic frame:
# C  [fxplugins.so+0xea4c]  cache_has_enough_data+0x0
#
# Failed to write core dump. Core dumps have been disabled. To enable core dumping, try "ulimit -c unlimited" before starting Java again
#
# If you would like to submit a bug report, please visit:
#   http://bugreport.sun.com/bugreport/crash.jsp
#

---------------  T H R E A D  ---------------

Current thread is native thread

siginfo:si_signo=SIGSEGV: si_errno=0, si_code=1 (SEGV_MAPERR), si_addr=0x0000000000000018

Registers:
RAX=0x0000000000000000, RBX=0x00007fd52406a060, RCX=0x00007fd524028580, RDX=0x0000000000000001
RSP=0x00007fd50989fdc8, RBP=0x00007fd52c1d3810, RSI=0x0000000000000003, RDI=0x0000000000000000
R8 =0x00007fd524084600, R9 =0x0000000000001033, R10=0x0000000000000001, R11=0x0000000000000000
R12=0x0000000000000000, R13=0x00007fd50989fde8, R14=0x00007fd50bffeac0, R15=0x00007fd52c1d38c0
RIP=0x00007fd5381c1a4c, EFLAGS=0x0000000000010246, CSGSFS=0x0000000000000033, ERR=0x0000000000000004
  TRAPNO=0x000000000000000e

Top of Stack: (sp=0x00007fd50989fdc8)
0x00007fd50989fdc8:   00007fd5381c05e8 00007fd52405e540
0x00007fd50989fdd8:   00007fd52406a060 00007fd504002440
0x00007fd50989fde8:   00007fd53b488b35 00007fd52c1d3870
0x00007fd50989fdf8:   00007fd52c1d3810 00007fd52405e540
0x00007fd50989fe08:   00007fd504002440 00007fd50bffeac0
0x00007fd50989fe18:   00007fd538445240 0000000000000001
0x00007fd50989fe28:   00007fd5240129d0 00007fd504002db0
0x00007fd50989fe38:   0000000000000001 0000000000000000
0x00007fd50989fe48:   00007fd50bffeac0 0000000000001000
0x00007fd50989fe58:   00007fd53b4d9aa6 0000000000000000
0x00007fd50989fe68:   00007fd52405e540 0000000000000000
0x00007fd50989fe78:   0000000000000000 00007fd5932bf060
0x00007fd50989fe88:   00007fd50bffeac0 0000000000001000
0x00007fd50989fe98:   00007fd53b4d90e5 0000000000000000
0x00007fd50989fea8:   00007fd592e86f6e 0000000000000000
0x00007fd50989feb8:   00007fd5098a0700 00007fd5098a0700
0x00007fd50989fec8:   c263634548a8794e 0000000000000000
0x00007fd50989fed8:   00007fd5932bf060 00007fd50bffeac0
0x00007fd50989fee8:   0000000000001000 3dc97056b5c8794e
0x00007fd50989fef8:   3dc8469596c6794e 0000000000000000
0x00007fd50989ff08:   0000000000000000 0000000000000000
0x00007fd50989ff18:   0000000000000000 0000000000000000
0x00007fd50989ff28:   0000000000000000 0000000000000000
0x00007fd50989ff38:   0000000000000000 0000000000000000
0x00007fd50989ff48:   0000000000000000 0000000000000000
0x00007fd50989ff58:   0000000000000000 0000000000000000
0x00007fd50989ff68:   0000000000000000 0000000000000000
0x00007fd50989ff78:   0000000000000000 0000000000000000
0x00007fd50989ff88:   0000000000000000 0000000000000000
0x00007fd50989ff98:   0000000000000000 0000000000000000
0x00007fd50989ffa8:   0000000000000000 00007fd5098a0700
0x00007fd50989ffb8:   00007fd5927969cd 0000000000000000 

Instructions: (pc=0x00007fd5381c1a4c)
0x00007fd5381c1a2c:   48 8b 05 05 f5 20 00 48 8b bd f8 00 00 00 ff 50
0x00007fd5381c1a3c:   18 48 89 df e8 2b 8c ff ff 31 c0 5a 5b 5d c3 90
0x00007fd5381c1a4c:   48 8b 47 18 48 39 47 10 0f 9c c0 0f b6 c0 c3 55
0x00007fd5381c1a5c:   b8 01 00 00 00 48 89 f5 53 48 89 fb 48 83 ec 08 

Register to memory mapping:

RAX=0x0000000000000000 is an unknown value
RBX=0x00007fd52406a060 is an unknown value
RCX=0x00007fd524028580 is an unknown value
RDX=0x0000000000000001 is an unknown value
RSP=0x00007fd50989fdc8 is an unknown value
RBP=0x00007fd52c1d3810 is an unknown value
RSI=0x0000000000000003 is an unknown value
RDI=0x0000000000000000 is an unknown value
R8 =0x00007fd524084600 is an unknown value
R9 =0x0000000000001033 is an unknown value
R10=0x0000000000000001 is an unknown value
R11=0x0000000000000000 is an unknown value
R12=0x0000000000000000 is an unknown value
R13=0x00007fd50989fde8 is an unknown value
R14=0x00007fd50bffeac0 is pointing into the stack for thread: 0x00007fd504004000
R15=0x00007fd52c1d38c0 is an unknown value


Stack: [0x00007fd5090a0000,0x00007fd5098a1000],  sp=0x00007fd50989fdc8,  free space=8191k
Native frames: (J=compiled Java code, j=interpreted, Vv=VM code, C=native code)
C  [fxplugins.so+0xea4c]  cache_has_enough_data+0x0


---------------  P R O C E S S  ---------------

VM state:not at safepoint (normal execution)

VM Mutex/Monitor currently owned by a thread: None

Heap
 PSYoungGen      total 36352K, used 18095K [0x00000000d7880000, 0x00000000da100000, 0x0000000100000000)
  eden space 31232K, 41% used [0x00000000d7880000,0x00000000d852ee58,0x00000000d9700000)
  from space 5120K, 99% used [0x00000000d9700000,0x00000000d9bfcfc8,0x00000000d9c00000)
  to   space 5120K, 0% used [0x00000000d9c00000,0x00000000d9c00000,0x00000000da100000)
 ParOldGen       total 82432K, used 844K [0x0000000086a00000, 0x000000008ba80000, 0x00000000d7880000)
  object space 82432K, 1% used [0x0000000086a00000,0x0000000086ad32a8,0x000000008ba80000)
 PSPermGen       total 21504K, used 17358K [0x0000000081800000, 0x0000000082d00000, 0x0000000086a00000)
  object space 21504K, 80% used [0x0000000081800000,0x00000000828f3a08,0x0000000082d00000)

Card table byte_map: [0x00007fd5900a5000,0x00007fd59049a000] byte_map_base: 0x00007fd58fc99000

Polling page: 0x00007fd5932bb000

Code Cache  [0x00007fd589000000, 0x00007fd589270000, 0x00007fd58c000000)
 total_blobs=779 nmethods=181 adapters=551 free_code_cache=48079Kb largest_free_block=49190528

Compilation events (10 events):
Event: 1,836 Thread 0x00007fd58c15b800 nmethod 177 0x00007fd5890fd810 code [0x00007fd5890fd960, 0x00007fd5890fdb18]
Event: 1,836 Thread 0x00007fd58c15b800  178             sun.java2d.loops.GraphicsPrimitiveMgr$2::compare (39 bytes)
Event: 1,837 Thread 0x00007fd58c15b800 nmethod 178 0x00007fd589101810 code [0x00007fd589101960, 0x00007fd589101a38]
Event: 1,837 Thread 0x00007fd58c15b800  179             com.sun.scenario.effect.impl.sw.java.JSWBrightpassPeer::filter (811 bytes)
Event: 1,858 Thread 0x00007fd58c15b800 nmethod 179 0x00007fd589103350 code [0x00007fd589103640, 0x00007fd5891041f8]
Event: 1,889 Thread 0x00007fd58c158800 nmethod 172 0x00007fd58910a290 code [0x00007fd58910a700, 0x00007fd58910d760]
Event: 1,891 Thread 0x00007fd58c15b800  180             com.sun.scenario.effect.impl.sw.java.JSWBlend_ADDPeer::filter (1315 bytes)
Event: 1,914 Thread 0x00007fd58c158800  181             javafx.beans.property.ObjectPropertyBase::get (29 bytes)
Event: 1,915 Thread 0x00007fd58c158800 nmethod 181 0x00007fd5890ff210 code [0x00007fd5890ff360, 0x00007fd5890ff3d8]
Event: 1,923 Thread 0x00007fd58c15b800 nmethod 180 0x00007fd589111f50 code [0x00007fd589112300, 0x00007fd589113730]

GC Heap History (2 events):
Event: 1,342 GC heap before
{Heap before GC invocations=1 (full 0):
 PSYoungGen      total 36352K, used 30992K [0x00000000d7880000, 0x00000000da100000, 0x0000000100000000)
  eden space 31232K, 99% used [0x00000000d7880000,0x00000000d96c4008,0x00000000d9700000)
  from space 5120K, 0% used [0x00000000d9c00000,0x00000000d9c00000,0x00000000da100000)
  to   space 5120K, 0% used [0x00000000d9700000,0x00000000d9700000,0x00000000d9c00000)
 ParOldGen       total 82432K, used 0K [0x0000000086a00000, 0x000000008ba80000, 0x00000000d7880000)
  object space 82432K, 0% used [0x0000000086a00000,0x0000000086a00000,0x000000008ba80000)
 PSPermGen       total 21504K, used 15664K [0x0000000081800000, 0x0000000082d00000, 0x0000000086a00000)
  object space 21504K, 72% used [0x0000000081800000,0x000000008274c3a8,0x0000000082d00000)
Event: 1,353 GC heap after
Heap after GC invocations=1 (full 0):
 PSYoungGen      total 36352K, used 5107K [0x00000000d7880000, 0x00000000da100000, 0x0000000100000000)
  eden space 31232K, 0% used [0x00000000d7880000,0x00000000d7880000,0x00000000d9700000)
  from space 5120K, 99% used [0x00000000d9700000,0x00000000d9bfcfc8,0x00000000d9c00000)
  to   space 5120K, 0% used [0x00000000d9c00000,0x00000000d9c00000,0x00000000da100000)
 ParOldGen       total 82432K, used 844K [0x0000000086a00000, 0x000000008ba80000, 0x00000000d7880000)
  object space 82432K, 1% used [0x0000000086a00000,0x0000000086ad32a8,0x000000008ba80000)
 PSPermGen       total 21504K, used 15664K [0x0000000081800000, 0x0000000082d00000, 0x0000000086a00000)
  object space 21504K, 72% used [0x0000000081800000,0x000000008274c3a8,0x0000000082d00000)
}

Deoptimization events (10 events):
Event: 1,282 Thread 0x00007fd54403c000 Uncommon trap: reason=bimorphic action=maybe_recompile pc=0x00007fd5890b8024 method=java.util.Collections$UnmodifiableCollection.size()I @ 4
Event: 1,282 Thread 0x00007fd54403c000 Uncommon trap: reason=bimorphic action=maybe_recompile pc=0x00007fd5890bc284 method=java.util.Collections$UnmodifiableList.get(I)Ljava/lang/Object; @ 5
Event: 1,282 Thread 0x00007fd54403c000 Uncommon trap: reason=bimorphic action=maybe_recompile pc=0x00007fd5890bc284 method=java.util.Collections$UnmodifiableList.get(I)Ljava/lang/Object; @ 5
Event: 1,282 Thread 0x00007fd54403c000 Uncommon trap: reason=bimorphic action=maybe_recompile pc=0x00007fd5890b8024 method=java.util.Collections$UnmodifiableCollection.size()I @ 4
Event: 1,282 Thread 0x00007fd54403c000 Uncommon trap: reason=bimorphic action=maybe_recompile pc=0x00007fd5890bc284 method=java.util.Collections$UnmodifiableList.get(I)Ljava/lang/Object; @ 5
Event: 1,634 Thread 0x00007fd54403c000 Uncommon trap: reason=class_check action=maybe_recompile pc=0x00007fd58906323c method=java.util.Properties$LineReader.readLine()I @ 62
Event: 1,635 Thread 0x00007fd54403c000 Uncommon trap: reason=class_check action=maybe_recompile pc=0x00007fd58906323c method=java.util.Properties$LineReader.readLine()I @ 62
Event: 1,781 Thread 0x00007fd54403c000 Uncommon trap: reason=class_check action=maybe_recompile pc=0x00007fd58909d76c method=java.io.DataInputStream.readFully([BII)V @ 34
Event: 1,781 Thread 0x00007fd54403c000 Uncommon trap: reason=class_check action=maybe_recompile pc=0x00007fd58909d76c method=java.io.DataInputStream.readFully([BII)V @ 34
Event: 1,781 Thread 0x00007fd54403c000 Uncommon trap: reason=class_check action=maybe_recompile pc=0x00007fd58909d76c method=java.io.DataInputStream.readFully([BII)V @ 34

Internal exceptions (10 events):
Event: 0,909 Thread 0x00007fd544096000 Threw 0x00000000d8ef4498 at /HUDSON/workspace/7u-2-build-linux-amd64/jdk7u45/229/hotspot/src/share/vm/prims/jni.cpp:717
Event: 0,916 Thread 0x00007fd52c16c000 Threw 0x00000000d9005f48 at /HUDSON/workspace/7u-2-build-linux-amd64/jdk7u45/229/hotspot/src/share/vm/prims/nativeLookup.cpp:378
Event: 0,934 Thread 0x00007fd52c16c000 Threw 0x00000000d901a060 at /HUDSON/workspace/7u-2-build-linux-amd64/jdk7u45/229/hotspot/src/share/vm/prims/jvm.cpp:1244
Event: 0,936 Thread 0x00007fd52c16c000 Threw 0x00000000d90265f0 at /HUDSON/workspace/7u-2-build-linux-amd64/jdk7u45/229/hotspot/src/share/vm/prims/jvm.cpp:1244
Event: 0,936 Thread 0x00007fd52c16c000 Threw 0x00000000d9027428 at /HUDSON/workspace/7u-2-build-linux-amd64/jdk7u45/229/hotspot/src/share/vm/prims/jvm.cpp:1244
Event: 1,143 Thread 0x00007fd544096000 Implicit null exception at 0x00007fd5890b8cb5 to 0x00007fd5890b8dc1
Event: 1,282 Thread 0x00007fd54403c000 Threw 0x00000000d7f0a1c0 at /HUDSON/workspace/7u-2-build-linux-amd64/jdk7u45/229/hotspot/src/share/vm/prims/jni.cpp:717
Event: 1,282 Thread 0x00007fd54403c000 Threw 0x00000000d7f0aa48 at /HUDSON/workspace/7u-2-build-linux-amd64/jdk7u45/229/hotspot/src/share/vm/prims/jni.cpp:717
Event: 1,338 Thread 0x00007fd54403c000 Threw 0x00000000d961f2a8 at /HUDSON/workspace/7u-2-build-linux-amd64/jdk7u45/229/hotspot/src/share/vm/prims/jvm.cpp:1244
Event: 1,780 Thread 0x00007fd54403c000 Threw 0x00000000d813b1d8 at /HUDSON/workspace/7u-2-build-linux-amd64/jdk7u45/229/hotspot/src/share/vm/interpreter/interpreterRuntime.cpp:362

Events (10 events):
Event: 2,669 loading class 0x00007fd52c2d4ac0 done
Event: 2,670 Thread 0x00007fd52c178800 Thread added: 0x00007fd52c178800
Event: 2,670 loading class 0x00007fd52c2bb0f0
Event: 2,670 loading class 0x00007fd52c2bb0f0 done
Event: 2,670 loading class 0x00007fd52c2356e0
Event: 2,670 loading class 0x00007fd52c2356e0 done
Event: 2,671 loading class 0x00007fd52c112dc0
Event: 2,671 loading class 0x00007fd52c112dc0 done
Event: 2,672 loading class 0x00007fd52c114640
Event: 2,672 loading class 0x00007fd52c114640 done


Dynamic libraries:
00400000-00401000 r-xp 00000000 08:05 2231882                            /usr/local/jdk1.7.0_45/jre/bin/java
00600000-00601000 rw-p 00000000 08:05 2231882                            /usr/local/jdk1.7.0_45/jre/bin/java
01db5000-01dd6000 rw-p 00000000 00:00 0                                  [heap]
81800000-82d00000 rw-p 00000000 00:00 0 
82d00000-86a00000 rw-p 00000000 00:00 0 
86a00000-8ba80000 rw-p 00000000 00:00 0 
8ba80000-d7880000 rw-p 00000000 00:00 0 
d7880000-da100000 rw-p 00000000 00:00 0 
da100000-100000000 rw-p 00000000 00:00 0 
7fd4f0000000-7fd4f0022000 rw-p 00000000 00:00 0 
7fd4f0022000-7fd4f4000000 ---p 00000000 00:00 0 
7fd4f4000000-7fd4f4022000 rw-p 00000000 00:00 0 
7fd4f4022000-7fd4f8000000 ---p 00000000 00:00 0 
7fd4f8000000-7fd4f8021000 rw-p 00000000 00:00 0 
7fd4f8021000-7fd4fc000000 ---p 00000000 00:00 0 
7fd4fffff000-7fd504000000 rw-s 00000000 00:13 480809                     /run/shm/pulse-shm-1133324407
7fd504000000-7fd504057000 rw-p 00000000 00:00 0 
7fd504057000-7fd508000000 ---p 00000000 00:00 0 
7fd5090a0000-7fd5090a1000 ---p 00000000 00:00 0 
7fd5090a1000-7fd5098a1000 rw-p 00000000 00:00 0                          [stack:4147]
7fd5098a1000-7fd5098a2000 ---p 00000000 00:00 0 
7fd5098a2000-7fd50a0a2000 rw-p 00000000 00:00 0                          [stack:4146]
7fd50a0a2000-7fd50a0a3000 ---p 00000000 00:00 0 
7fd50a0a3000-7fd50a8a3000 rw-p 00000000 00:00 0                          [stack:4145]
7fd50a8a3000-7fd50a8a9000 r-xp 00000000 08:05 11800828                   /usr/lib/x86_64-linux-gnu/alsa-lib/libasound_module_pcm_pulse.so
7fd50a8a9000-7fd50aaa8000 ---p 00006000 08:05 11800828                   /usr/lib/x86_64-linux-gnu/alsa-lib/libasound_module_pcm_pulse.so
7fd50aaa8000-7fd50aaa9000 r--p 00005000 08:05 11800828                   /usr/lib/x86_64-linux-gnu/alsa-lib/libasound_module_pcm_pulse.so
7fd50aaa9000-7fd50aaaa000 rw-p 00006000 08:05 11800828                   /usr/lib/x86_64-linux-gnu/alsa-lib/libasound_module_pcm_pulse.so
7fd50aaaa000-7fd50aad9000 r-xp 00000000 08:05 11673932                   /usr/lib/x86_64-linux-gnu/libFLAC.so.8.3.0
7fd50aad9000-7fd50acd9000 ---p 0002f000 08:05 11673932                   /usr/lib/x86_64-linux-gnu/libFLAC.so.8.3.0
7fd50acd9000-7fd50acda000 r--p 0002f000 08:05 11673932                   /usr/lib/x86_64-linux-gnu/libFLAC.so.8.3.0
7fd50acda000-7fd50acdb000 rw-p 00030000 08:05 11673932                   /usr/lib/x86_64-linux-gnu/libFLAC.so.8.3.0
7fd50acdb000-7fd50ace0000 r-xp 00000000 08:05 11674103                   /usr/lib/x86_64-linux-gnu/libasyncns.so.0.3.1
7fd50ace0000-7fd50aedf000 ---p 00005000 08:05 11674103                   /usr/lib/x86_64-linux-gnu/libasyncns.so.0.3.1
7fd50aedf000-7fd50aee0000 r--p 00004000 08:05 11674103                   /usr/lib/x86_64-linux-gnu/libasyncns.so.0.3.1
7fd50aee0000-7fd50aee1000 rw-p 00005000 08:05 11674103                   /usr/lib/x86_64-linux-gnu/libasyncns.so.0.3.1
7fd50aee1000-7fd50af42000 r-xp 00000000 08:05 11674692                   /usr/lib/x86_64-linux-gnu/libsndfile.so.1.0.25
7fd50af42000-7fd50b142000 ---p 00061000 08:05 11674692                   /usr/lib/x86_64-linux-gnu/libsndfile.so.1.0.25
7fd50b142000-7fd50b144000 r--p 00061000 08:05 11674692                   /usr/lib/x86_64-linux-gnu/libsndfile.so.1.0.25
7fd50b144000-7fd50b145000 rw-p 00063000 08:05 11674692                   /usr/lib/x86_64-linux-gnu/libsndfile.so.1.0.25
7fd50b145000-7fd50b149000 rw-p 00000000 00:00 0 
7fd50b149000-7fd50b151000 r-xp 00000000 08:05 3149768                    /lib/x86_64-linux-gnu/libwrap.so.0.7.6
7fd50b151000-7fd50b351000 ---p 00008000 08:05 3149768                    /lib/x86_64-linux-gnu/libwrap.so.0.7.6
7fd50b351000-7fd50b352000 r--p 00008000 08:05 3149768                    /lib/x86_64-linux-gnu/libwrap.so.0.7.6
7fd50b352000-7fd50b353000 rw-p 00009000 08:05 3149768                    /lib/x86_64-linux-gnu/libwrap.so.0.7.6
7fd50b353000-7fd50b397000 r-xp 00000000 08:05 3149627                    /lib/x86_64-linux-gnu/libdbus-1.so.3.7.4
7fd50b397000-7fd50b596000 ---p 00044000 08:05 3149627                    /lib/x86_64-linux-gnu/libdbus-1.so.3.7.4
7fd50b596000-7fd50b597000 r--p 00043000 08:05 3149627                    /lib/x86_64-linux-gnu/libdbus-1.so.3.7.4
7fd50b597000-7fd50b598000 rw-p 00044000 08:05 3149627                    /lib/x86_64-linux-gnu/libdbus-1.so.3.7.4
7fd50b598000-7fd50b5fe000 r-xp 00000000 08:05 11929411                   /usr/lib/x86_64-linux-gnu/pulseaudio/libpulsecommon-4.0.so
7fd50b5fe000-7fd50b7fd000 ---p 00066000 08:05 11929411                   /usr/lib/x86_64-linux-gnu/pulseaudio/libpulsecommon-4.0.so
7fd50b7fd000-7fd50b7fe000 r--p 00065000 08:05 11929411                   /usr/lib/x86_64-linux-gnu/pulseaudio/libpulsecommon-4.0.so
7fd50b7fe000-7fd50b7ff000 rw-p 00066000 08:05 11929411                   /usr/lib/x86_64-linux-gnu/pulseaudio/libpulsecommon-4.0.so
7fd50b7ff000-7fd50b802000 ---p 00000000 00:00 0 
7fd50b802000-7fd50c000000 rw-p 00000000 00:00 0                          [stack:4143]
7fd50c000000-7fd50c021000 rw-p 00000000 00:00 0 
7fd50c021000-7fd510000000 ---p 00000000 00:00 0 
7fd510000000-7fd510021000 rw-p 00000000 00:00 0 
7fd510021000-7fd514000000 ---p 00000000 00:00 0 
7fd514000000-7fd514022000 rw-p 00000000 00:00 0 
7fd514022000-7fd518000000 ---p 00000000 00:00 0 
7fd518000000-7fd518021000 rw-p 00000000 00:00 0 
7fd518021000-7fd51c000000 ---p 00000000 00:00 0 
7fd51c000000-7fd51c021000 rw-p 00000000 00:00 0 
7fd51c021000-7fd520000000 ---p 00000000 00:00 0 
7fd520191000-7fd52019a000 r-xp 00000000 08:05 3149655                    /lib/x86_64-linux-gnu/libjson-c.so.2.0.1
7fd52019a000-7fd520399000 ---p 00009000 08:05 3149655                    /lib/x86_64-linux-gnu/libjson-c.so.2.0.1
7fd520399000-7fd52039a000 r--p 00008000 08:05 3149655                    /lib/x86_64-linux-gnu/libjson-c.so.2.0.1
7fd52039a000-7fd52039b000 rw-p 00009000 08:05 3149655                    /lib/x86_64-linux-gnu/libjson-c.so.2.0.1
7fd52039b000-7fd5203e2000 r-xp 00000000 08:05 11674645                   /usr/lib/x86_64-linux-gnu/libpulse.so.0.16.2
7fd5203e2000-7fd5205e2000 ---p 00047000 08:05 11674645                   /usr/lib/x86_64-linux-gnu/libpulse.so.0.16.2
7fd5205e2000-7fd5205e3000 r--p 00047000 08:05 11674645                   /usr/lib/x86_64-linux-gnu/libpulse.so.0.16.2
7fd5205e3000-7fd5205e4000 rw-p 00048000 08:05 11674645                   /usr/lib/x86_64-linux-gnu/libpulse.so.0.16.2
7fd5207e6000-7fd520810000 r-xp 00000000 08:05 2231644                    /usr/local/jdk1.7.0_45/jre/lib/amd64/libdcpr.so
7fd520810000-7fd520a10000 ---p 0002a000 08:05 2231644                    /usr/local/jdk1.7.0_45/jre/lib/amd64/libdcpr.so
7fd520a10000-7fd520a13000 rw-p 0002a000 08:05 2231644                    /usr/local/jdk1.7.0_45/jre/lib/amd64/libdcpr.so
7fd520a13000-7fd520a7b000 r-xp 00000000 08:05 2231714                    /usr/local/jdk1.7.0_45/jre/lib/amd64/libt2k.so
7fd520a7b000-7fd520c7b000 ---p 00068000 08:05 2231714                    /usr/local/jdk1.7.0_45/jre/lib/amd64/libt2k.so
7fd520c7b000-7fd520c82000 rw-p 00068000 08:05 2231714                    /usr/local/jdk1.7.0_45/jre/lib/amd64/libt2k.so
7fd520c82000-7fd520c92000 rw-p 00000000 00:00 0 
7fd520c92000-7fd520ca3000 r--s 00000000 08:05 265590                     /usr/share/fonts/type1/gsfonts/a010035l.pfb
7fd520ca3000-7fd520cbe000 r--s 00000000 08:05 265671                     /usr/share/fonts/type1/gsfonts/p052004l.pfb
7fd520cbe000-7fd520cd9000 r--s 00000000 08:05 265668                     /usr/share/fonts/type1/gsfonts/p052003l.pfb
7fd520cd9000-7fd520cea000 r--s 00000000 08:05 265638                     /usr/share/fonts/type1/gsfonts/n019063l.pfb
7fd520cea000-7fd520cfd000 r--s 00000000 08:05 265641                     /usr/share/fonts/type1/gsfonts/n019064l.pfb
7fd520cfd000-7fd520d0f000 r--s 00000000 08:05 265602                     /usr/share/fonts/type1/gsfonts/b018035l.pfb
7fd520d0f000-7fd520d29000 r--s 00000000 08:05 265605                     /usr/share/fonts/type1/gsfonts/c059013l.pfb
7fd520d29000-7fd520d35000 r--s 00000000 08:05 265617                     /usr/share/fonts/type1/gsfonts/d050000l.pfb
7fd520d35000-7fd520d47000 r--s 00000000 08:05 265635                     /usr/share/fonts/type1/gsfonts/n019044l.pfb
7fd520d47000-7fd520d62000 r--s 00000000 08:05 265674                     /usr/share/fonts/type1/gsfonts/p052023l.pfb
7fd520d62000-7fd520d6b000 r--s 00000000 08:05 265680                     /usr/share/fonts/type1/gsfonts/s050000l.pfb
7fd520d6b000-7fd520d83000 r--s 00000000 08:05 265611                     /usr/share/fonts/type1/gsfonts/c059033l.pfb
7fd520d83000-7fd520d93000 r--s 00000000 08:05 265584                     /usr/share/fonts/type1/gsfonts/a010015l.pfb
7fd520d93000-7fd520dab000 r--s 00000000 08:05 265614                     /usr/share/fonts/type1/gsfonts/c059036l.pfb
7fd520dab000-7fd520dbe000 r--s 00000000 08:05 265596                     /usr/share/fonts/type1/gsfonts/b018015l.pfb
7fd520dbe000-7fd520dd3000 r--s 00000000 08:05 265599                     /usr/share/fonts/type1/gsfonts/b018032l.pfb
7fd520dd3000-7fd520dea000 r--s 00000000 08:05 265683                     /usr/share/fonts/type1/gsfonts/z003034l.pfb
7fd520dea000-7fd520dfc000 r--s 00000000 08:05 265632                     /usr/share/fonts/type1/gsfonts/n019043l.pfb
7fd520dfc000-7fd520e15000 r--s 00000000 08:05 265593                     /usr/share/fonts/type1/gsfonts/b018012l.pfb
7fd520e15000-7fd520e25000 r--s 00000000 08:05 265581                     /usr/share/fonts/type1/gsfonts/a010013l.pfb
7fd520e25000-7fd520e41000 r--s 00000000 08:05 265677                     /usr/share/fonts/type1/gsfonts/p052024l.pfb
7fd520e41000-7fd520e5c000 r--s 00000000 08:05 265608                     /usr/share/fonts/type1/gsfonts/c059016l.pfb
7fd520e5c000-7fd520e6c000 r--s 00000000 08:05 265587                     /usr/share/fonts/type1/gsfonts/a010033l.pfb
7fd520e6c000-7fd520e6f000 ---p 00000000 00:00 0 
7fd520e6f000-7fd520f6d000 rw-p 00000000 00:00 0                          [stack:4142]
7fd520f6d000-7fd520f77000 r--s 00000000 08:05 264877                     /usr/share/fonts/X11/Type1/c0582bt_.pfb
7fd520f77000-7fd520f80000 r--s 00000000 08:05 264885                     /usr/share/fonts/X11/Type1/c0633bt_.pfb
7fd520f80000-7fd520f89000 r--s 00000000 08:05 264889                     /usr/share/fonts/X11/Type1/c0649bt_.pfb
7fd520f89000-7fd520f92000 r--s 00000000 08:05 264887                     /usr/share/fonts/X11/Type1/c0648bt_.pfb
7fd520f92000-7fd520f9c000 r--s 00000000 08:05 264881                     /usr/share/fonts/X11/Type1/c0611bt_.pfb
7fd520f9c000-7fd520fa5000 r--s 00000000 08:05 264883                     /usr/share/fonts/X11/Type1/c0632bt_.pfb
7fd520fa5000-7fd520faf000 r--s 00000000 08:05 265686                     /usr/share/fonts/type1/mathml/Symbol.pfb
7fd520faf000-7fd520fb9000 r--s 00000000 08:05 264879                     /usr/share/fonts/X11/Type1/c0583bt_.pfb
7fd520fb9000-7fd520fcf000 r--s 00000000 08:05 265665                     /usr/share/fonts/type1/gsfonts/n022024l.pfb
7fd520fcf000-7fd520fe7000 r--s 00000000 08:05 265656                     /usr/share/fonts/type1/gsfonts/n022003l.pfb
7fd520fe7000-7fd520ff8000 r--s 00000000 08:05 265629                     /usr/share/fonts/type1/gsfonts/n019024l.pfb
7fd520ff8000-7fd521011000 r--s 00000000 08:05 265647                     /usr/share/fonts/type1/gsfonts/n021004l.pfb
7fd521011000-7fd521023000 r--s 00000000 08:05 265623                     /usr/share/fonts/type1/gsfonts/n019004l.pfb
7fd521023000-7fd52103c000 r--s 00000000 08:05 265659                     /usr/share/fonts/type1/gsfonts/n022004l.pfb
7fd52103c000-7fd521055000 r--s 00000000 08:05 265644                     /usr/share/fonts/type1/gsfonts/n021003l.pfb
7fd521055000-7fd52106b000 r--s 00000000 08:05 265653                     /usr/share/fonts/type1/gsfonts/n021024l.pfb
7fd52106b000-7fd52107b000 r-xp 00000000 08:05 2231712                    /usr/local/jdk1.7.0_45/jre/lib/amd64/libnio.so
7fd52107b000-7fd52127b000 ---p 00010000 08:05 2231712                    /usr/local/jdk1.7.0_45/jre/lib/amd64/libnio.so
7fd52127b000-7fd52127c000 rw-p 00010000 08:05 2231712                    /usr/local/jdk1.7.0_45/jre/lib/amd64/libnio.so
7fd52127c000-7fd5212dc000 r-xp 00000000 08:05 2231250                    /usr/local/jdk1.7.0_45/jre/lib/amd64/libfontmanager.so
7fd5212dc000-7fd5214db000 ---p 00060000 08:05 2231250                    /usr/local/jdk1.7.0_45/jre/lib/amd64/libfontmanager.so
7fd5214db000-7fd5214df000 rw-p 0005f000 08:05 2231250                    /usr/local/jdk1.7.0_45/jre/lib/amd64/libfontmanager.so
7fd5214df000-7fd5214f0000 rw-p 00000000 00:00 0 
7fd5214f0000-7fd521540000 r-xp 00000000 08:05 2231319                    /usr/local/jdk1.7.0_45/jre/lib/amd64/xawt/libmawt.so
7fd521540000-7fd521740000 ---p 00050000 08:05 2231319                    /usr/local/jdk1.7.0_45/jre/lib/amd64/xawt/libmawt.so
7fd521740000-7fd521744000 rw-p 00050000 08:05 2231319                    /usr/local/jdk1.7.0_45/jre/lib/amd64/xawt/libmawt.so
7fd521744000-7fd521745000 rw-p 00000000 00:00 0 
7fd521745000-7fd5217e7000 r-xp 00000000 08:05 2231715                    /usr/local/jdk1.7.0_45/jre/lib/amd64/libawt.so
7fd5217e7000-7fd5219e7000 ---p 000a2000 08:05 2231715                    /usr/local/jdk1.7.0_45/jre/lib/amd64/libawt.so
7fd5219e7000-7fd5219f3000 rw-p 000a2000 08:05 2231715                    /usr/local/jdk1.7.0_45/jre/lib/amd64/libawt.so
7fd5219f3000-7fd521a17000 rw-p 00000000 00:00 0 
7fd521a17000-7fd521a18000 ---p 00000000 00:00 0 
7fd521a18000-7fd522218000 rw-p 00000000 00:00 0                          [stack:4134]
7fd522218000-7fd522219000 ---p 00000000 00:00 0 
7fd522219000-7fd522a19000 rw-p 00000000 00:00 0                          [stack:4133]
7fd522a19000-7fd522a29000 r-xp 00000000 08:05 3149554                    /lib/x86_64-linux-gnu/libudev.so.1.3.5
7fd522a29000-7fd522c28000 ---p 00010000 08:05 3149554                    /lib/x86_64-linux-gnu/libudev.so.1.3.5
7fd522c28000-7fd522c29000 r--p 0000f000 08:05 3149554                    /lib/x86_64-linux-gnu/libudev.so.1.3.5
7fd522c29000-7fd522c2a000 rw-p 00010000 08:05 3149554                    /lib/x86_64-linux-gnu/libudev.so.1.3.5
7fd522c2a000-7fd522c5e000 r-xp 00000000 08:05 11802914                   /usr/lib/x86_64-linux-gnu/gvfs/libgvfscommon.so
7fd522c5e000-7fd522e5e000 ---p 00034000 08:05 11802914                   /usr/lib/x86_64-linux-gnu/gvfs/libgvfscommon.so
7fd522e5e000-7fd522e63000 r--p 00034000 08:05 11802914                   /usr/lib/x86_64-linux-gnu/gvfs/libgvfscommon.so
7fd522e63000-7fd522e64000 rw-p 00039000 08:05 11802914                   /usr/lib/x86_64-linux-gnu/gvfs/libgvfscommon.so
7fd522e64000-7fd522e93000 r-xp 00000000 08:05 11933778                   /usr/lib/x86_64-linux-gnu/gio/modules/libgvfsdbus.so
7fd522e93000-7fd523093000 ---p 0002f000 08:05 11933778                   /usr/lib/x86_64-linux-gnu/gio/modules/libgvfsdbus.so
7fd523093000-7fd523094000 r--p 0002f000 08:05 11933778                   /usr/lib/x86_64-linux-gnu/gio/modules/libgvfsdbus.so
7fd523094000-7fd523095000 rw-p 00030000 08:05 11933778                   /usr/lib/x86_64-linux-gnu/gio/modules/libgvfsdbus.so
7fd523095000-7fd523096000 rw-p 00000000 00:00 0 
7fd523096000-7fd5231d2000 r-xp 00000000 08:05 11929199                   /usr/lib/x86_64-linux-gnu/gtk-2.0/2.10.0/engines/liboxygen-gtk.so
7fd5231d2000-7fd5233d2000 ---p 0013c000 08:05 11929199                   /usr/lib/x86_64-linux-gnu/gtk-2.0/2.10.0/engines/liboxygen-gtk.so
7fd5233d2000-7fd5233d8000 r--p 0013c000 08:05 11929199                   /usr/lib/x86_64-linux-gnu/gtk-2.0/2.10.0/engines/liboxygen-gtk.so
7fd5233d8000-7fd5233d9000 rw-p 00142000 08:05 11929199                   /usr/lib/x86_64-linux-gnu/gtk-2.0/2.10.0/engines/liboxygen-gtk.so
7fd5233d9000-7fd5233da000 rw-p 00000000 00:00 0 
7fd5233da000-7fd5233dd000 ---p 00000000 00:00 0 
7fd5233dd000-7fd523bdb000 rw-p 00000000 00:00 0                          [stack:4128]
7fd523bdb000-7fd523bdf000 r-xp 00000000 08:05 3149646                    /lib/x86_64-linux-gnu/libgpg-error.so.0.10.0
7fd523bdf000-7fd523dde000 ---p 00004000 08:05 3149646                    /lib/x86_64-linux-gnu/libgpg-error.so.0.10.0
7fd523dde000-7fd523ddf000 r--p 00003000 08:05 3149646                    /lib/x86_64-linux-gnu/libgpg-error.so.0.10.0
7fd523ddf000-7fd523de0000 rw-p 00004000 08:05 3149646                    /lib/x86_64-linux-gnu/libgpg-error.so.0.10.0
7fd523de0000-7fd523dfe000 r-xp 00000000 08:05 11674589                   /usr/lib/x86_64-linux-gnu/libp11-kit.so.0.0.0
7fd523dfe000-7fd523ffd000 ---p 0001e000 08:05 11674589                   /usr/lib/x86_64-linux-gnu/libp11-kit.so.0.0.0
7fd523ffd000-7fd523fff000 r--p 0001d000 08:05 11674589                   /usr/lib/x86_64-linux-gnu/libp11-kit.so.0.0.0
7fd523fff000-7fd524000000 rw-p 0001f000 08:05 11674589                   /usr/lib/x86_64-linux-gnu/libp11-kit.so.0.0.0
7fd524000000-7fd5240a4000 rw-p 00000000 00:00 0 
7fd5240a4000-7fd528000000 ---p 00000000 00:00 0 
7fd528001000-7fd52800b000 r--s 00000000 08:05 264875                     /usr/share/fonts/X11/Type1/c0419bt_.pfb
7fd52800b000-7fd52800e000 ---p 00000000 00:00 0 
7fd52800e000-7fd52810c000 rw-p 00000000 00:00 0                          [stack:4137]
7fd52810c000-7fd52811c000 r-xp 00000000 08:05 11674722                   /usr/lib/x86_64-linux-gnu/libtasn1.so.3.2.0
7fd52811c000-7fd52831b000 ---p 00010000 08:05 11674722                   /usr/lib/x86_64-linux-gnu/libtasn1.so.3.2.0
7fd52831b000-7fd52831c000 r--p 0000f000 08:05 11674722                   /usr/lib/x86_64-linux-gnu/libtasn1.so.3.2.0
7fd52831c000-7fd52831d000 rw-p 00010000 08:05 11674722                   /usr/lib/x86_64-linux-gnu/libtasn1.so.3.2.0
7fd52831d000-7fd528397000 r-xp 00000000 08:05 3149642                    /lib/x86_64-linux-gnu/libgcrypt.so.11.7.0
7fd528397000-7fd528597000 ---p 0007a000 08:05 3149642                    /lib/x86_64-linux-gnu/libgcrypt.so.11.7.0
7fd528597000-7fd528598000 r--p 0007a000 08:05 3149642                    /lib/x86_64-linux-gnu/libgcrypt.so.11.7.0
7fd528598000-7fd52859b000 rw-p 0007b000 08:05 3149642                    /lib/x86_64-linux-gnu/libgcrypt.so.11.7.0
7fd52859b000-7fd5285aa000 r-xp 00000000 08:05 3149614                    /lib/x86_64-linux-gnu/libbz2.so.1.0.4
7fd5285aa000-7fd5287a9000 ---p 0000f000 08:05 3149614                    /lib/x86_64-linux-gnu/libbz2.so.1.0.4
7fd5287a9000-7fd5287aa000 r--p 0000e000 08:05 3149614                    /lib/x86_64-linux-gnu/libbz2.so.1.0.4
7fd5287aa000-7fd5287ab000 rw-p 0000f000 08:05 3149614                    /lib/x86_64-linux-gnu/libbz2.so.1.0.4
7fd5287ab000-7fd528861000 r-xp 00000000 08:05 11674325                   /usr/lib/x86_64-linux-gnu/libgnutls.so.26.22.6
7fd528861000-7fd528a61000 ---p 000b6000 08:05 11674325                   /usr/lib/x86_64-linux-gnu/libgnutls.so.26.22.6
7fd528a61000-7fd528a67000 r--p 000b6000 08:05 11674325                   /usr/lib/x86_64-linux-gnu/libgnutls.so.26.22.6
7fd528a67000-7fd528a68000 rw-p 000bc000 08:05 11674325                   /usr/lib/x86_64-linux-gnu/libgnutls.so.26.22.6
7fd528a68000-7fd528a69000 rw-p 00000000 00:00 0 
7fd528a69000-7fd528b5f000 r-xp 00000000 08:05 11675185                   /usr/lib/x86_64-linux-gnu/libavformat.so.53.21.1
7fd528b5f000-7fd528d5f000 ---p 000f6000 08:05 11675185                   /usr/lib/x86_64-linux-gnu/libavformat.so.53.21.1
7fd528d5f000-7fd528d65000 r--p 000f6000 08:05 11675185                   /usr/lib/x86_64-linux-gnu/libavformat.so.53.21.1
7fd528d65000-7fd528d72000 rw-p 000fc000 08:05 11675185                   /usr/lib/x86_64-linux-gnu/libavformat.so.53.21.1
7fd528d72000-7fd528d7b000 r-xp 00000000 08:05 2231172                    /usr/local/jdk1.7.0_45/jre/lib/amd64/fxavcodecplugin-53.so
7fd528d7b000-7fd528f7a000 ---p 00009000 08:05 2231172                    /usr/local/jdk1.7.0_45/jre/lib/amd64/fxavcodecplugin-53.so
7fd528f7a000-7fd528f7b000 r--p 00008000 08:05 2231172                    /usr/local/jdk1.7.0_45/jre/lib/amd64/fxavcodecplugin-53.so
7fd528f7b000-7fd528f7c000 rw-p 00009000 08:05 2231172                    /usr/local/jdk1.7.0_45/jre/lib/amd64/fxavcodecplugin-53.so
7fd528f7c000-7fd528ff6000 r-xp 00000000 08:05 11674585                   /usr/lib/x86_64-linux-gnu/liborc-0.4.so.0.17.0
7fd528ff6000-7fd5291f5000 ---p 0007a000 08:05 11674585                   /usr/lib/x86_64-linux-gnu/liborc-0.4.so.0.17.0
7fd5291f5000-7fd5291f7000 r--p 00079000 08:05 11674585                   /usr/lib/x86_64-linux-gnu/liborc-0.4.so.0.17.0
7fd5291f7000-7fd5291fb000 rw-p 0007b000 08:05 11674585                   /usr/lib/x86_64-linux-gnu/liborc-0.4.so.0.17.0
7fd5291fb000-7fd529202000 r-xp 00000000 08:05 11674577                   /usr/lib/x86_64-linux-gnu/libogg.so.0.8.1
7fd529202000-7fd529402000 ---p 00007000 08:05 11674577                   /usr/lib/x86_64-linux-gnu/libogg.so.0.8.1
7fd529402000-7fd529403000 r--p 00007000 08:05 11674577                   /usr/lib/x86_64-linux-gnu/libogg.so.0.8.1
7fd529403000-7fd529404000 rw-p 00008000 08:05 11674577                   /usr/lib/x86_64-linux-gnu/libogg.so.0.8.1
7fd529404000-7fd529414000 r-xp 00000000 08:05 11675181                   /usr/lib/x86_64-linux-gnu/libva.so.1.3300.0
7fd529414000-7fd529613000 ---p 00010000 08:05 11675181                   /usr/lib/x86_64-linux-gnu/libva.so.1.3300.0
7fd529613000-7fd529614000 r--p 0000f000 08:05 11675181                   /usr/lib/x86_64-linux-gnu/libva.so.1.3300.0
7fd529614000-7fd529615000 rw-p 00010000 08:05 11675181                   /usr/lib/x86_64-linux-gnu/libva.so.1.3300.0
7fd529615000-7fd52961a000 rw-p 00000000 00:00 0 
7fd52961a000-7fd529627000 r-xp 00000000 08:05 11667280                   /usr/lib/x86_64-linux-gnu/libgsm.so.1.0.12
7fd529627000-7fd529826000 ---p 0000d000 08:05 11667280                   /usr/lib/x86_64-linux-gnu/libgsm.so.1.0.12
7fd529826000-7fd529827000 r--p 0000c000 08:05 11667280                   /usr/lib/x86_64-linux-gnu/libgsm.so.1.0.12
7fd529827000-7fd529828000 rw-p 0000d000 08:05 11667280                   /usr/lib/x86_64-linux-gnu/libgsm.so.1.0.12
7fd529828000-7fd5298f3000 r-xp 00000000 08:05 11673558                   /usr/lib/x86_64-linux-gnu/libschroedinger-1.0.so.0.11.0
7fd5298f3000-7fd529af2000 ---p 000cb000 08:05 11673558                   /usr/lib/x86_64-linux-gnu/libschroedinger-1.0.so.0.11.0
7fd529af2000-7fd529af4000 r--p 000ca000 08:05 11673558                   /usr/lib/x86_64-linux-gnu/libschroedinger-1.0.so.0.11.0
7fd529af4000-7fd529af5000 rw-p 000cc000 08:05 11673558                   /usr/lib/x86_64-linux-gnu/libschroedinger-1.0.so.0.11.0
7fd529af5000-7fd529af6000 rw-p 00000000 00:00 0 
7fd529af6000-7fd529b0d000 r-xp 00000000 08:05 11674704                   /usr/lib/x86_64-linux-gnu/libspeex.so.1.5.0
7fd529b0d000-7fd529d0d000 ---p 00017000 08:05 11674704                   /usr/lib/x86_64-linux-gnu/libspeex.so.1.5.0
7fd529d0d000-7fd529d0e000 r--p 00017000 08:05 11674704                   /usr/lib/x86_64-linux-gnu/libspeex.so.1.5.0
7fd529d0e000-7fd529d0f000 rw-p 00018000 08:05 11674704                   /usr/lib/x86_64-linux-gnu/libspeex.so.1.5.0
7fd529d0f000-7fd529d2a000 r-xp 00000000 08:05 11674740                   /usr/lib/x86_64-linux-gnu/libtheoradec.so.1.1.4
7fd529d2a000-7fd529f29000 ---p 0001b000 08:05 11674740                   /usr/lib/x86_64-linux-gnu/libtheoradec.so.1.1.4
7fd529f29000-7fd529f2a000 r--p 0001a000 08:05 11674740                   /usr/lib/x86_64-linux-gnu/libtheoradec.so.1.1.4
7fd529f2a000-7fd529f2b000 rw-p 0001b000 08:05 11674740                   /usr/lib/x86_64-linux-gnu/libtheoradec.so.1.1.4
7fd529f2b000-7fd529f6a000 r-xp 00000000 08:05 11674742                   /usr/lib/x86_64-linux-gnu/libtheoraenc.so.1.1.2
7fd529f6a000-7fd52a16a000 ---p 0003f000 08:05 11674742                   /usr/lib/x86_64-linux-gnu/libtheoraenc.so.1.1.2
7fd52a16a000-7fd52a16b000 r--p 0003f000 08:05 11674742                   /usr/lib/x86_64-linux-gnu/libtheoraenc.so.1.1.2
7fd52a16b000-7fd52a16c000 rw-p 00040000 08:05 11674742                   /usr/lib/x86_64-linux-gnu/libtheoraenc.so.1.1.2
7fd52a16c000-7fd52a197000 r-xp 00000000 08:05 11674774                   /usr/lib/x86_64-linux-gnu/libvorbis.so.0.4.5
7fd52a197000-7fd52a397000 ---p 0002b000 08:05 11674774                   /usr/lib/x86_64-linux-gnu/libvorbis.so.0.4.5
7fd52a397000-7fd52a398000 r--p 0002b000 08:05 11674774                   /usr/lib/x86_64-linux-gnu/libvorbis.so.0.4.5
7fd52a398000-7fd52a399000 rw-p 0002c000 08:05 11674774                   /usr/lib/x86_64-linux-gnu/libvorbis.so.0.4.5
7fd52a399000-7fd52a64c000 r-xp 00000000 08:05 11674776                   /usr/lib/x86_64-linux-gnu/libvorbisenc.so.2.0.8
7fd52a64c000-7fd52a84b000 ---p 002b3000 08:05 11674776                   /usr/lib/x86_64-linux-gnu/libvorbisenc.so.2.0.8
7fd52a84b000-7fd52a867000 r--p 002b2000 08:05 11674776                   /usr/lib/x86_64-linux-gnu/libvorbisenc.so.2.0.8
7fd52a867000-7fd52a868000 rw-p 002ce000 08:05 11674776                   /usr/lib/x86_64-linux-gnu/libvorbisenc.so.2.0.8
7fd52a868000-7fd52a8fa000 r-xp 00000000 08:05 11674781                   /usr/lib/x86_64-linux-gnu/libvpx.so.1.2.0
7fd52a8fa000-7fd52aafa000 ---p 00092000 08:05 11674781                   /usr/lib/x86_64-linux-gnu/libvpx.so.1.2.0
7fd52aafa000-7fd52aafb000 r--p 00092000 08:05 11674781                   /usr/lib/x86_64-linux-gnu/libvpx.so.1.2.0
7fd52aafb000-7fd52aafc000 rw-p 00093000 08:05 11674781                   /usr/lib/x86_64-linux-gnu/libvpx.so.1.2.0
7fd52aafc000-7fd52ab18000 r-xp 00000000 08:05 11675179                   /usr/lib/x86_64-linux-gnu/libavutil.so.51.22.1
7fd52ab18000-7fd52ad17000 ---p 0001c000 08:05 11675179                   /usr/lib/x86_64-linux-gnu/libavutil.so.51.22.1
7fd52ad17000-7fd52ad19000 r--p 0001b000 08:05 11675179                   /usr/lib/x86_64-linux-gnu/libavutil.so.51.22.1
7fd52ad19000-7fd52ad1a000 rw-p 0001d000 08:05 11675179                   /usr/lib/x86_64-linux-gnu/libavutil.so.51.22.1
7fd52ad1a000-7fd52ad1e000 rw-p 00000000 00:00 0 
7fd52ad1e000-7fd52b31d000 r-xp 00000000 08:05 11675183                   /usr/lib/x86_64-linux-gnu/libavcodec.so.53.35.0
7fd52b31d000-7fd52b51c000 ---p 005ff000 08:05 11675183                   /usr/lib/x86_64-linux-gnu/libavcodec.so.53.35.0
7fd52b51c000-7fd52b52b000 r--p 005fe000 08:05 11675183                   /usr/lib/x86_64-linux-gnu/libavcodec.so.53.35.0
7fd52b52b000-7fd52b541000 rw-p 0060d000 08:05 11675183                   /usr/lib/x86_64-linux-gnu/libavcodec.so.53.35.0
7fd52b541000-7fd52bab1000 rw-p 00000000 00:00 0 
7fd52bab1000-7fd52bb9a000 r-xp 00000000 08:05 11674095                   /usr/lib/x86_64-linux-gnu/libasound.so.2.0.0
7fd52bb9a000-7fd52bd99000 ---p 000e9000 08:05 11674095                   /usr/lib/x86_64-linux-gnu/libasound.so.2.0.0
7fd52bd99000-7fd52bda0000 r--p 000e8000 08:05 11674095                   /usr/lib/x86_64-linux-gnu/libasound.so.2.0.0
7fd52bda0000-7fd52bda1000 rw-p 000ef000 08:05 11674095                   /usr/lib/x86_64-linux-gnu/libasound.so.2.0.0
7fd52bda1000-7fd52bdfb000 r-xp 00000000 08:05 2231171                    /usr/local/jdk1.7.0_45/jre/lib/amd64/libgstplugins-lite.so
7fd52bdfb000-7fd52bffa000 ---p 0005a000 08:05 2231171                    /usr/local/jdk1.7.0_45/jre/lib/amd64/libgstplugins-lite.so
7fd52bffa000-7fd52bffd000 r--p 00059000 08:05 2231171                    /usr/local/jdk1.7.0_45/jre/lib/amd64/libgstplugins-lite.so
7fd52bffd000-7fd52c000000 rw-p 0005c000 08:05 2231171                    /usr/local/jdk1.7.0_45/jre/lib/amd64/libgstplugins-lite.so
7fd52c000000-7fd52c30d000 rw-p 00000000 00:00 0 
7fd52c30d000-7fd530000000 ---p 00000000 00:00 0 
7fd530000000-7fd530027000 rw-p 00000000 00:00 0 
7fd530027000-7fd534000000 ---p 00000000 00:00 0 
7fd534000000-7fd534021000 rw-p 00000000 00:00 0 
7fd534021000-7fd538000000 ---p 00000000 00:00 0 
7fd538005000-7fd53801b000 r--s 00000000 08:05 265662                     /usr/share/fonts/type1/gsfonts/n022023l.pfb
7fd53801b000-7fd538032000 r--s 00000000 08:05 265650                     /usr/share/fonts/type1/gsfonts/n021023l.pfb
7fd538032000-7fd538035000 ---p 00000000 00:00 0 
7fd538035000-7fd538133000 rw-p 00000000 00:00 0                          [stack:4135]
7fd5381ac000-7fd5381b3000 r--s 00000000 08:05 11929031                   /usr/lib/x86_64-linux-gnu/gconv/gconv-modules.cache
7fd5381b3000-7fd5381d1000 r-xp 00000000 08:05 2231510                    /usr/local/jdk1.7.0_45/jre/lib/amd64/fxplugins.so
7fd5381d1000-7fd5383d0000 ---p 0001e000 08:05 2231510                    /usr/local/jdk1.7.0_45/jre/lib/amd64/fxplugins.so
7fd5383d0000-7fd5383d1000 r--p 0001d000 08:05 2231510                    /usr/local/jdk1.7.0_45/jre/lib/amd64/fxplugins.so
7fd5383d1000-7fd5383d2000 rw-p 0001e000 08:05 2231510                    /usr/local/jdk1.7.0_45/jre/lib/amd64/fxplugins.so
7fd5383d2000-7fd5384d8000 r-xp 00000000 08:05 2231182                    /usr/local/jdk1.7.0_45/jre/lib/amd64/libgstreamer-lite.so
7fd5384d8000-7fd5386d7000 ---p 00106000 08:05 2231182                    /usr/local/jdk1.7.0_45/jre/lib/amd64/libgstreamer-lite.so
7fd5386d7000-7fd5386de000 r--p 00105000 08:05 2231182                    /usr/local/jdk1.7.0_45/jre/lib/amd64/libgstreamer-lite.so
7fd5386de000-7fd5386e2000 rw-p 0010c000 08:05 2231182                    /usr/local/jdk1.7.0_45/jre/lib/amd64/libgstreamer-lite.so
7fd5386e2000-7fd5386e4000 rw-p 00000000 00:00 0 
7fd5386e4000-7fd53870f000 r-xp 00000000 08:05 2231374                    /usr/local/jdk1.7.0_45/jre/lib/amd64/libjfxmedia.so
7fd53870f000-7fd53890f000 ---p 0002b000 08:05 2231374                    /usr/local/jdk1.7.0_45/jre/lib/amd64/libjfxmedia.so
7fd53890f000-7fd538910000 r--p 0002b000 08:05 2231374                    /usr/local/jdk1.7.0_45/jre/lib/amd64/libjfxmedia.so
7fd538910000-7fd538911000 rw-p 0002c000 08:05 2231374                    /usr/local/jdk1.7.0_45/jre/lib/amd64/libjfxmedia.so
7fd538911000-7fd538914000 ---p 00000000 00:00 0 
7fd538914000-7fd538a12000 rw-p 00000000 00:00 0                          [stack:4144]
7fd538a12000-7fd538a15000 ---p 00000000 00:00 0 
7fd538a15000-7fd538b13000 rw-p 00000000 00:00 0 
7fd538b13000-7fd538b6b000 r-xp 00000000 08:05 2231249                    /usr/local/jdk1.7.0_45/jre/lib/amd64/libjavafx-font.so
7fd538b6b000-7fd538d6a000 ---p 00058000 08:05 2231249                    /usr/local/jdk1.7.0_45/jre/lib/amd64/libjavafx-font.so
7fd538d6a000-7fd538d6f000 r--p 00057000 08:05 2231249                    /usr/local/jdk1.7.0_45/jre/lib/amd64/libjavafx-font.so
7fd538d6f000-7fd538d70000 rw-p 0005c000 08:05 2231249                    /usr/local/jdk1.7.0_45/jre/lib/amd64/libjavafx-font.so
7fd538d70000-7fd538d71000 rw-p 00000000 00:00 0 
7fd538d71000-7fd538d74000 ---p 00000000 00:00 0 
7fd538d74000-7fd538e72000 rw-p 00000000 00:00 0                          [stack:4125]
7fd538e72000-7fd538e78000 r-xp 00000000 08:05 11674183                   /usr/lib/x86_64-linux-gnu/libdatrie.so.1.2.0
7fd538e78000-7fd539077000 ---p 00006000 08:05 11674183                   /usr/lib/x86_64-linux-gnu/libdatrie.so.1.2.0
7fd539077000-7fd539078000 r--p 00005000 08:05 11674183                   /usr/lib/x86_64-linux-gnu/libdatrie.so.1.2.0
7fd539078000-7fd539079000 rw-p 00006000 08:05 11674183                   /usr/lib/x86_64-linux-gnu/libdatrie.so.1.2.0
7fd539079000-7fd539091000 r-xp 00000000 08:05 11674349                   /usr/lib/x86_64-linux-gnu/libgraphite2.so.3.0.1
7fd539091000-7fd539290000 ---p 00018000 08:05 11674349                   /usr/lib/x86_64-linux-gnu/libgraphite2.so.3.0.1
7fd539290000-7fd539292000 r--p 00017000 08:05 11674349                   /usr/lib/x86_64-linux-gnu/libgraphite2.so.3.0.1
7fd539292000-7fd539293000 rw-p 00019000 08:05 11674349                   /usr/lib/x86_64-linux-gnu/libgraphite2.so.3.0.1
7fd539293000-7fd5392d0000 r-xp 00000000 08:05 3149713                    /lib/x86_64-linux-gnu/libpcre.so.3.13.1
7fd5392d0000-7fd5394d0000 ---p 0003d000 08:05 3149713                    /lib/x86_64-linux-gnu/libpcre.so.3.13.1
7fd5394d0000-7fd5394d1000 r--p 0003d000 08:05 3149713                    /lib/x86_64-linux-gnu/libpcre.so.3.13.1
7fd5394d1000-7fd5394d2000 rw-p 0003e000 08:05 3149713                    /lib/x86_64-linux-gnu/libpcre.so.3.13.1
7fd5394d2000-7fd5394d9000 r-xp 00000000 08:05 11674230                   /usr/lib/x86_64-linux-gnu/libffi.so.6.0.1
7fd5394d9000-7fd5396d8000 ---p 00007000 08:05 11674230                   /usr/lib/x86_64-linux-gnu/libffi.so.6.0.1
7fd5396d8000-7fd5396d9000 r--p 00006000 08:05 11674230                   /usr/lib/x86_64-linux-gnu/libffi.so.6.0.1
7fd5396d9000-7fd5396da000 rw-p 00007000 08:05 11674230                   /usr/lib/x86_64-linux-gnu/libffi.so.6.0.1
7fd5396da000-7fd5396e2000 r-xp 00000000 08:05 11674736                   /usr/lib/x86_64-linux-gnu/libthai.so.0.2.0
7fd5396e2000-7fd5398e1000 ---p 00008000 08:05 11674736                   /usr/lib/x86_64-linux-gnu/libthai.so.0.2.0
7fd5398e1000-7fd5398e2000 r--p 00007000 08:05 11674736                   /usr/lib/x86_64-linux-gnu/libthai.so.0.2.0
7fd5398e2000-7fd5398e3000 rw-p 00008000 08:05 11674736                   /usr/lib/x86_64-linux-gnu/libthai.so.0.2.0
7fd5398e3000-7fd5398eb000 r-xp 00000000 08:05 11674810                   /usr/lib/x86_64-linux-gnu/libxcb-render.so.0.0.0
7fd5398eb000-7fd539aea000 ---p 00008000 08:05 11674810                   /usr/lib/x86_64-linux-gnu/libxcb-render.so.0.0.0
7fd539aea000-7fd539aeb000 r--p 00007000 08:05 11674810                   /usr/lib/x86_64-linux-gnu/libxcb-render.so.0.0.0
7fd539aeb000-7fd539aec000 rw-p 00008000 08:05 11674810                   /usr/lib/x86_64-linux-gnu/libxcb-render.so.0.0.0
7fd539aec000-7fd539aee000 r-xp 00000000 08:05 11674814                   /usr/lib/x86_64-linux-gnu/libxcb-shm.so.0.0.0
7fd539aee000-7fd539ced000 ---p 00002000 08:05 11674814                   /usr/lib/x86_64-linux-gnu/libxcb-shm.so.0.0.0
7fd539ced000-7fd539cee000 r--p 00001000 08:05 11674814                   /usr/lib/x86_64-linux-gnu/libxcb-shm.so.0.0.0
7fd539cee000-7fd539cef000 rw-p 00002000 08:05 11674814                   /usr/lib/x86_64-linux-gnu/libxcb-shm.so.0.0.0
7fd539cef000-7fd539d14000 r-xp 00000000 08:05 3149725                    /lib/x86_64-linux-gnu/libpng12.so.0.49.0
7fd539d14000-7fd539f13000 ---p 00025000 08:05 3149725                    /lib/x86_64-linux-gnu/libpng12.so.0.49.0
7fd539f13000-7fd539f14000 r--p 00024000 08:05 3149725                    /lib/x86_64-linux-gnu/libpng12.so.0.49.0
7fd539f14000-7fd539f15000 rw-p 00025000 08:05 3149725                    /lib/x86_64-linux-gnu/libpng12.so.0.49.0
7fd539f15000-7fd539fb6000 r-xp 00000000 08:05 11674621                   /usr/lib/x86_64-linux-gnu/libpixman-1.so.0.30.2
7fd539fb6000-7fd53a1b6000 ---p 000a1000 08:05 11674621                   /usr/lib/x86_64-linux-gnu/libpixman-1.so.0.30.2
7fd53a1b6000-7fd53a1bd000 r--p 000a1000 08:05 11674621                   /usr/lib/x86_64-linux-gnu/libpixman-1.so.0.30.2
7fd53a1bd000-7fd53a1be000 rw-p 000a8000 08:05 11674621                   /usr/lib/x86_64-linux-gnu/libpixman-1.so.0.30.2
7fd53a1be000-7fd53a20e000 r-xp 00000000 08:05 11674443                   /usr/lib/x86_64-linux-gnu/libharfbuzz.so.0.919.0
7fd53a20e000-7fd53a40e000 ---p 00050000 08:05 11674443                   /usr/lib/x86_64-linux-gnu/libharfbuzz.so.0.919.0
7fd53a40e000-7fd53a40f000 r--p 00050000 08:05 11674443                   /usr/lib/x86_64-linux-gnu/libharfbuzz.so.0.919.0
7fd53a40f000-7fd53a410000 rw-p 00051000 08:05 11674443                   /usr/lib/x86_64-linux-gnu/libharfbuzz.so.0.919.0
7fd53a410000-7fd53a42f000 r-xp 00000000 08:05 3149740                    /lib/x86_64-linux-gnu/libselinux.so.1
7fd53a42f000-7fd53a62f000 ---p 0001f000 08:05 3149740                    /lib/x86_64-linux-gnu/libselinux.so.1
7fd53a62f000-7fd53a630000 r--p 0001f000 08:05 3149740                    /lib/x86_64-linux-gnu/libselinux.so.1
7fd53a630000-7fd53a631000 rw-p 00020000 08:05 3149740                    /lib/x86_64-linux-gnu/libselinux.so.1
7fd53a631000-7fd53a632000 rw-p 00000000 00:00 0 
7fd53a632000-7fd53a634000 r-xp 00000000 08:05 11674037                   /usr/lib/x86_64-linux-gnu/libXcomposite.so.1.0.0
7fd53a634000-7fd53a833000 ---p 00002000 08:05 11674037                   /usr/lib/x86_64-linux-gnu/libXcomposite.so.1.0.0
7fd53a833000-7fd53a834000 r--p 00001000 08:05 11674037                   /usr/lib/x86_64-linux-gnu/libXcomposite.so.1.0.0
7fd53a834000-7fd53a835000 rw-p 00002000 08:05 11674037                   /usr/lib/x86_64-linux-gnu/libXcomposite.so.1.0.0
7fd53a835000-7fd53a83e000 r-xp 00000000 08:05 11674039                   /usr/lib/x86_64-linux-gnu/libXcursor.so.1.0.2
7fd53a83e000-7fd53aa3d000 ---p 00009000 08:05 11674039                   /usr/lib/x86_64-linux-gnu/libXcursor.so.1.0.2
7fd53aa3d000-7fd53aa3e000 r--p 00008000 08:05 11674039                   /usr/lib/x86_64-linux-gnu/libXcursor.so.1.0.2
7fd53aa3e000-7fd53aa3f000 rw-p 00009000 08:05 11674039                   /usr/lib/x86_64-linux-gnu/libXcursor.so.1.0.2
7fd53aa3f000-7fd53aa48000 r-xp 00000000 08:05 11674065                   /usr/lib/x86_64-linux-gnu/libXrandr.so.2.2.0
7fd53aa48000-7fd53ac47000 ---p 00009000 08:05 11674065                   /usr/lib/x86_64-linux-gnu/libXrandr.so.2.2.0
7fd53ac47000-7fd53ac48000 r--p 00008000 08:05 11674065                   /usr/lib/x86_64-linux-gnu/libXrandr.so.2.2.0
7fd53ac48000-7fd53ac49000 rw-p 00009000 08:05 11674065                   /usr/lib/x86_64-linux-gnu/libXrandr.so.2.2.0
7fd53ac49000-7fd53ac58000 r-xp 00000000 08:05 11674053                   /usr/lib/x86_64-linux-gnu/libXi.so.6.1.0
7fd53ac58000-7fd53ae57000 ---p 0000f000 08:05 11674053                   /usr/lib/x86_64-linux-gnu/libXi.so.6.1.0
7fd53ae57000-7fd53ae58000 r--p 0000e000 08:05 11674053                   /usr/lib/x86_64-linux-gnu/libXi.so.6.1.0
7fd53ae58000-7fd53ae59000 rw-p 0000f000 08:05 11674053                   /usr/lib/x86_64-linux-gnu/libXi.so.6.1.0
7fd53ae59000-7fd53ae5b000 r-xp 00000000 08:05 11674055                   /usr/lib/x86_64-linux-gnu/libXinerama.so.1.0.0
7fd53ae5b000-7fd53b05a000 ---p 00002000 08:05 11674055                   /usr/lib/x86_64-linux-gnu/libXinerama.so.1.0.0
7fd53b05a000-7fd53b05b000 r--p 00001000 08:05 11674055                   /usr/lib/x86_64-linux-gnu/libXinerama.so.1.0.0
7fd53b05b000-7fd53b05c000 rw-p 00002000 08:05 11674055                   /usr/lib/x86_64-linux-gnu/libXinerama.so.1.0.0
7fd53b05c000-7fd53b065000 r-xp 00000000 08:05 11674067                   /usr/lib/x86_64-linux-gnu/libXrender.so.1.3.0
7fd53b065000-7fd53b264000 ---p 00009000 08:05 11674067                   /usr/lib/x86_64-linux-gnu/libXrender.so.1.3.0
7fd53b264000-7fd53b265000 r--p 00008000 08:05 11674067                   /usr/lib/x86_64-linux-gnu/libXrender.so.1.3.0
7fd53b265000-7fd53b266000 rw-p 00009000 08:05 11674067                   /usr/lib/x86_64-linux-gnu/libXrender.so.1.3.0
7fd53b266000-7fd53b26b000 r-xp 00000000 08:05 11674073                   /usr/lib/x86_64-linux-gnu/libXtst.so.6.1.0
7fd53b26b000-7fd53b46a000 ---p 00005000 08:05 11674073                   /usr/lib/x86_64-linux-gnu/libXtst.so.6.1.0
7fd53b46a000-7fd53b46b000 r--p 00004000 08:05 11674073                   /usr/lib/x86_64-linux-gnu/libXtst.so.6.1.0
7fd53b46b000-7fd53b46c000 rw-p 00005000 08:05 11674073                   /usr/lib/x86_64-linux-gnu/libXtst.so.6.1.0
7fd53b46c000-7fd53b56a000 r-xp 00000000 08:05 3149644                    /lib/x86_64-linux-gnu/libglib-2.0.so.0.3800.0
7fd53b56a000-7fd53b76a000 ---p 000fe000 08:05 3149644                    /lib/x86_64-linux-gnu/libglib-2.0.so.0.3800.0
7fd53b76a000-7fd53b76b000 r--p 000fe000 08:05 3149644                    /lib/x86_64-linux-gnu/libglib-2.0.so.0.3800.0
7fd53b76b000-7fd53b76c000 rw-p 000ff000 08:05 3149644                    /lib/x86_64-linux-gnu/libglib-2.0.so.0.3800.0
7fd53b76c000-7fd53b76d000 rw-p 00000000 00:00 0 
7fd53b76d000-7fd53b76e000 r-xp 00000000 08:05 11674429                   /usr/lib/x86_64-linux-gnu/libgthread-2.0.so.0.3800.0
7fd53b76e000-7fd53b96d000 ---p 00001000 08:05 11674429                   /usr/lib/x86_64-linux-gnu/libgthread-2.0.so.0.3800.0
7fd53b96d000-7fd53b96e000 r--p 00000000 08:05 11674429                   /usr/lib/x86_64-linux-gnu/libgthread-2.0.so.0.3800.0
7fd53b96e000-7fd53b96f000 rw-p 00001000 08:05 11674429                   /usr/lib/x86_64-linux-gnu/libgthread-2.0.so.0.3800.0
7fd53b96f000-7fd53b972000 r-xp 00000000 08:05 11674315                   /usr/lib/x86_64-linux-gnu/libgmodule-2.0.so.0.3800.0
7fd53b972000-7fd53bb71000 ---p 00003000 08:05 11674315                   /usr/lib/x86_64-linux-gnu/libgmodule-2.0.so.0.3800.0
7fd53bb71000-7fd53bb72000 r--p 00002000 08:05 11674315                   /usr/lib/x86_64-linux-gnu/libgmodule-2.0.so.0.3800.0
7fd53bb72000-7fd53bb73000 rw-p 00003000 08:05 11674315                   /usr/lib/x86_64-linux-gnu/libgmodule-2.0.so.0.3800.0
7fd53bb73000-7fd53bbc2000 r-xp 00000000 08:05 11674327                   /usr/lib/x86_64-linux-gnu/libgobject-2.0.so.0.3800.0
7fd53bbc2000-7fd53bdc2000 ---p 0004f000 08:05 11674327                   /usr/lib/x86_64-linux-gnu/libgobject-2.0.so.0.3800.0
7fd53bdc2000-7fd53bdc3000 r--p 0004f000 08:05 11674327                   /usr/lib/x86_64-linux-gnu/libgobject-2.0.so.0.3800.0
7fd53bdc3000-7fd53bdc4000 rw-p 00050000 08:05 11674327                   /usr/lib/x86_64-linux-gnu/libgobject-2.0.so.0.3800.0
7fd53bdc4000-7fd53bdfd000 r-xp 00000000 08:05 11674244                   /usr/lib/x86_64-linux-gnu/libfontconfig.so.1.7.0
7fd53bdfd000-7fd53bffd000 ---p 00039000 08:05 11674244                   /usr/lib/x86_64-linux-gnu/libfontconfig.so.1.7.0
7fd53bffd000-7fd53bfff000 r--p 00039000 08:05 11674244                   /usr/lib/x86_64-linux-gnu/libfontconfig.so.1.7.0
7fd53bfff000-7fd53c000000 rw-p 0003b000 08:05 11674244                   /usr/lib/x86_64-linux-gnu/libfontconfig.so.1.7.0
7fd53c000000-7fd53c021000 rw-p 00000000 00:00 0 
7fd53c021000-7fd540000000 ---p 00000000 00:00 0 
7fd540000000-7fd54000a000 r--s 00000000 08:05 265686                     /usr/share/fonts/type1/mathml/Symbol.pfb
7fd54000a000-7fd54001b000 r--s 00000000 08:05 265626                     /usr/share/fonts/type1/gsfonts/n019023l.pfb
7fd54001b000-7fd54002f000 r--s 00000000 08:05 265620                     /usr/share/fonts/type1/gsfonts/n019003l.pfb
7fd54002f000-7fd540030000 r--s 00000000 08:05 658184                     /var/cache/fontconfig/c05880de57d1f5e948fdfacc138775d9-le64.cache-4
7fd540030000-7fd54003b000 r--s 00000000 08:05 658177                     /var/cache/fontconfig/945677eb7aeaf62f1d50efc3fb3ec7d8-le64.cache-4
7fd54003b000-7fd54003d000 r--s 00000000 08:05 658179                     /var/cache/fontconfig/99e8ed0e538f840c565b6ed5dad60d56-le64.cache-4
7fd54003d000-7fd540046000 r--s 00000000 08:05 658948                     /var/cache/fontconfig/a6d8cf8e4ec09cdbc8633c31745a07dd-le64.cache-4
7fd540046000-7fd54004c000 r--s 00000000 08:05 658162                     /var/cache/fontconfig/2cd17615ca594fa2959ae173292e504c-le64.cache-4
7fd54004c000-7fd54004d000 r--s 00000000 08:05 658195                     /var/cache/fontconfig/e7071f4a29fa870f4323321c154eba04-le64.cache-4
7fd54004d000-7fd54004e000 r--s 00000000 08:05 658159                     /var/cache/fontconfig/0d8c3b2ac0904cb8a57a757ad11a4a08-le64.cache-4
7fd54004e000-7fd540055000 r--s 00000000 08:05 658181                     /var/cache/fontconfig/a755afe4a08bf5b97852ceb7400b47bc-le64.cache-4
7fd540055000-7fd540059000 r--s 00000000 08:05 658172                     /var/cache/fontconfig/6d41288fd70b0be22e8c3a91e032eec0-le64.cache-4
7fd540059000-7fd540094000 r--s 00000000 08:05 658945                     /var/cache/fontconfig/365b55f210c0a22e9a19e35191240f32-le64.cache-4
7fd540094000-7fd540097000 ---p 00000000 00:00 0 
7fd540097000-7fd540195000 rw-p 00000000 00:00 0                          [stack:4124]
7fd540195000-7fd540231000 r-xp 00000000 08:05 11674270                   /usr/lib/x86_64-linux-gnu/libfreetype.so.6.10.1
7fd540231000-7fd540431000 ---p 0009c000 08:05 11674270                   /usr/lib/x86_64-linux-gnu/libfreetype.so.6.10.1
7fd540431000-7fd540436000 r--p 0009c000 08:05 11674270                   /usr/lib/x86_64-linux-gnu/libfreetype.so.6.10.1
7fd540436000-7fd540437000 rw-p 000a1000 08:05 11674270                   /usr/lib/x86_64-linux-gnu/libfreetype.so.6.10.1
7fd540437000-7fd540481000 r-xp 00000000 08:05 11674597                   /usr/lib/x86_64-linux-gnu/libpango-1.0.so.0.3200.5
7fd540481000-7fd540680000 ---p 0004a000 08:05 11674597                   /usr/lib/x86_64-linux-gnu/libpango-1.0.so.0.3200.5
7fd540680000-7fd540682000 r--p 00049000 08:05 11674597                   /usr/lib/x86_64-linux-gnu/libpango-1.0.so.0.3200.5
7fd540682000-7fd540683000 rw-p 0004b000 08:05 11674597                   /usr/lib/x86_64-linux-gnu/libpango-1.0.so.0.3200.5
7fd540683000-7fd540787000 r-xp 00000000 08:05 11674141                   /usr/lib/x86_64-linux-gnu/libcairo.so.2.11200.16
7fd540787000-7fd540986000 ---p 00104000 08:05 11674141                   /usr/lib/x86_64-linux-gnu/libcairo.so.2.11200.16
7fd540986000-7fd540989000 r--p 00103000 08:05 11674141                   /usr/lib/x86_64-linux-gnu/libcairo.so.2.11200.16
7fd540989000-7fd54098a000 rw-p 00106000 08:05 11674141                   /usr/lib/x86_64-linux-gnu/libcairo.so.2.11200.16
7fd54098a000-7fd54098c000 rw-p 00000000 00:00 0 
7fd54098c000-7fd540997000 r-xp 00000000 08:05 11674599                   /usr/lib/x86_64-linux-gnu/libpangocairo-1.0.so.0.3200.5
7fd540997000-7fd540b97000 ---p 0000b000 08:05 11674599                   /usr/lib/x86_64-linux-gnu/libpangocairo-1.0.so.0.3200.5
7fd540b97000-7fd540b98000 r--p 0000b000 08:05 11674599                   /usr/lib/x86_64-linux-gnu/libpangocairo-1.0.so.0.3200.5
7fd540b98000-7fd540b99000 rw-p 0000c000 08:05 11674599                   /usr/lib/x86_64-linux-gnu/libpangocairo-1.0.so.0.3200.5
7fd540b99000-7fd540bb8000 r-xp 00000000 08:05 11674298                   /usr/lib/x86_64-linux-gnu/libgdk_pixbuf-2.0.so.0.2800.1
7fd540bb8000-7fd540db7000 ---p 0001f000 08:05 11674298                   /usr/lib/x86_64-linux-gnu/libgdk_pixbuf-2.0.so.0.2800.1
7fd540db7000-7fd540db8000 r--p 0001e000 08:05 11674298                   /usr/lib/x86_64-linux-gnu/libgdk_pixbuf-2.0.so.0.2800.1
7fd540db8000-7fd540db9000 rw-p 0001f000 08:05 11674298                   /usr/lib/x86_64-linux-gnu/libgdk_pixbuf-2.0.so.0.2800.1
7fd540db9000-7fd540dcd000 r-xp 00000000 08:05 11674601                   /usr/lib/x86_64-linux-gnu/libpangoft2-1.0.so.0.3200.5
7fd540dcd000-7fd540fcc000 ---p 00014000 08:05 11674601                   /usr/lib/x86_64-linux-gnu/libpangoft2-1.0.so.0.3200.5
7fd540fcc000-7fd540fcd000 r--p 00013000 08:05 11674601                   /usr/lib/x86_64-linux-gnu/libpangoft2-1.0.so.0.3200.5
7fd540fcd000-7fd540fce000 rw-p 00014000 08:05 11674601                   /usr/lib/x86_64-linux-gnu/libpangoft2-1.0.so.0.3200.5
7fd540fce000-7fd54112a000 r-xp 00000000 08:05 11674309                   /usr/lib/x86_64-linux-gnu/libgio-2.0.so.0.3800.0
7fd54112a000-7fd541329000 ---p 0015c000 08:05 11674309                   /usr/lib/x86_64-linux-gnu/libgio-2.0.so.0.3800.0
7fd541329000-7fd54132d000 r--p 0015b000 08:05 11674309                   /usr/lib/x86_64-linux-gnu/libgio-2.0.so.0.3800.0
7fd54132d000-7fd54132f000 rw-p 0015f000 08:05 11674309                   /usr/lib/x86_64-linux-gnu/libgio-2.0.so.0.3800.0
7fd54132f000-7fd541331000 rw-p 00000000 00:00 0 
7fd541331000-7fd541350000 r-xp 00000000 08:05 11674105                   /usr/lib/x86_64-linux-gnu/libatk-1.0.so.0.21009.1
7fd541350000-7fd541550000 ---p 0001f000 08:05 11674105                   /usr/lib/x86_64-linux-gnu/libatk-1.0.so.0.21009.1
7fd541550000-7fd541552000 r--p 0001f000 08:05 11674105                   /usr/lib/x86_64-linux-gnu/libatk-1.0.so.0.21009.1
7fd541552000-7fd541553000 rw-p 00021000 08:05 11674105                   /usr/lib/x86_64-linux-gnu/libatk-1.0.so.0.21009.1
7fd541553000-7fd541600000 r-xp 00000000 08:05 11674296                   /usr/lib/x86_64-linux-gnu/libgdk-x11-2.0.so.0.2400.20
7fd541600000-7fd5417ff000 ---p 000ad000 08:05 11674296                   /usr/lib/x86_64-linux-gnu/libgdk-x11-2.0.so.0.2400.20
7fd5417ff000-7fd541803000 r--p 000ac000 08:05 11674296                   /usr/lib/x86_64-linux-gnu/libgdk-x11-2.0.so.0.2400.20
7fd541803000-7fd541805000 rw-p 000b0000 08:05 11674296                   /usr/lib/x86_64-linux-gnu/libgdk-x11-2.0.so.0.2400.20
7fd541805000-7fd541c34000 r-xp 00000000 08:05 11674433                   /usr/lib/x86_64-linux-gnu/libgtk-x11-2.0.so.0.2400.20
7fd541c34000-7fd541e33000 ---p 0042f000 08:05 11674433                   /usr/lib/x86_64-linux-gnu/libgtk-x11-2.0.so.0.2400.20
7fd541e33000-7fd541e3a000 r--p 0042e000 08:05 11674433                   /usr/lib/x86_64-linux-gnu/libgtk-x11-2.0.so.0.2400.20
7fd541e3a000-7fd541e3e000 rw-p 00435000 08:05 11674433                   /usr/lib/x86_64-linux-gnu/libgtk-x11-2.0.so.0.2400.20
7fd541e3e000-7fd541e41000 rw-p 00000000 00:00 0 
7fd541e41000-7fd541e66000 r-xp 00000000 08:05 2231577                    /usr/local/jdk1.7.0_45/jre/lib/amd64/libglass.so
7fd541e66000-7fd542066000 ---p 00025000 08:05 2231577                    /usr/local/jdk1.7.0_45/jre/lib/amd64/libglass.so
7fd542066000-7fd542067000 r--p 00025000 08:05 2231577                    /usr/local/jdk1.7.0_45/jre/lib/amd64/libglass.so
7fd542067000-7fd542068000 rw-p 00026000 08:05 2231577                    /usr/local/jdk1.7.0_45/jre/lib/amd64/libglass.so
7fd542068000-7fd54206b000 ---p 00000000 00:00 0 
7fd54206b000-7fd542169000 rw-p 00000000 00:00 0                          [stack:4123]
7fd542169000-7fd54219b000 r-xp 00000000 08:05 11674752                   /usr/lib/x86_64-linux-gnu/libtxc_dxtn_s2tc.so.0.0.0
7fd54219b000-7fd54239a000 ---p 00032000 08:05 11674752                   /usr/lib/x86_64-linux-gnu/libtxc_dxtn_s2tc.so.0.0.0
7fd54239a000-7fd54239b000 r--p 00031000 08:05 11674752                   /usr/lib/x86_64-linux-gnu/libtxc_dxtn_s2tc.so.0.0.0
7fd54239b000-7fd54239c000 rw-p 00032000 08:05 11674752                   /usr/lib/x86_64-linux-gnu/libtxc_dxtn_s2tc.so.0.0.0
7fd54239c000-7fd5423b4000 r-xp 00000000 08:05 3149771                    /lib/x86_64-linux-gnu/libz.so.1.2.8
7fd5423b4000-7fd5425b3000 ---p 00018000 08:05 3149771                    /lib/x86_64-linux-gnu/libz.so.1.2.8
7fd5425b3000-7fd5425b4000 r--p 00017000 08:05 3149771                    /lib/x86_64-linux-gnu/libz.so.1.2.8
7fd5425b4000-7fd5425b5000 rw-p 00018000 08:05 3149771                    /lib/x86_64-linux-gnu/libz.so.1.2.8
7fd5425b5000-7fd5425bd000 r-xp 00000000 08:05 11674611                   /usr/lib/x86_64-linux-gnu/libpciaccess.so.0.11.1
7fd5425bd000-7fd5427bc000 ---p 00008000 08:05 11674611                   /usr/lib/x86_64-linux-gnu/libpciaccess.so.0.11.1
7fd5427bc000-7fd5427bd000 r--p 00007000 08:05 11674611                   /usr/lib/x86_64-linux-gnu/libpciaccess.so.0.11.1
7fd5427bd000-7fd5427be000 rw-p 00008000 08:05 11674611                   /usr/lib/x86_64-linux-gnu/libpciaccess.so.0.11.1
7fd5427be000-7fd5427d3000 r-xp 00000000 08:05 3149640                    /lib/x86_64-linux-gnu/libgcc_s.so.1
7fd5427d3000-7fd5429d2000 ---p 00015000 08:05 3149640                    /lib/x86_64-linux-gnu/libgcc_s.so.1
7fd5429d2000-7fd5429d3000 r--p 00014000 08:05 3149640                    /lib/x86_64-linux-gnu/libgcc_s.so.1
7fd5429d3000-7fd5429d4000 rw-p 00015000 08:05 3149640                    /lib/x86_64-linux-gnu/libgcc_s.so.1
7fd5429d4000-7fd542aba000 r-xp 00000000 08:05 11674716                   /usr/lib/x86_64-linux-gnu/libstdc++.so.6.0.18
7fd542aba000-7fd542cb9000 ---p 000e6000 08:05 11674716                   /usr/lib/x86_64-linux-gnu/libstdc++.so.6.0.18
7fd542cb9000-7fd542cc1000 r--p 000e5000 08:05 11674716                   /usr/lib/x86_64-linux-gnu/libstdc++.so.6.0.18
7fd542cc1000-7fd542cc3000 rw-p 000ed000 08:05 11674716                   /usr/lib/x86_64-linux-gnu/libstdc++.so.6.0.18
7fd542cc3000-7fd542cd8000 rw-p 00000000 00:00 0 
7fd542cd8000-7fd542cf7000 r-xp 00000000 08:05 11674200                   /usr/lib/x86_64-linux-gnu/libdrm_intel.so.1.0.0
7fd542cf7000-7fd542ef6000 ---p 0001f000 08:05 11674200                   /usr/lib/x86_64-linux-gnu/libdrm_intel.so.1.0.0
7fd542ef6000-7fd542ef7000 r--p 0001e000 08:05 11674200                   /usr/lib/x86_64-linux-gnu/libdrm_intel.so.1.0.0
7fd542ef7000-7fd542ef8000 rw-p 0001f000 08:05 11674200                   /usr/lib/x86_64-linux-gnu/libdrm_intel.so.1.0.0
7fd542ef8000-7fd542f1f000 r-xp 00000000 08:05 3149635                    /lib/x86_64-linux-gnu/libexpat.so.1.6.0
7fd542f1f000-7fd54311f000 ---p 00027000 08:05 3149635                    /lib/x86_64-linux-gnu/libexpat.so.1.6.0
7fd54311f000-7fd543121000 r--p 00027000 08:05 3149635                    /lib/x86_64-linux-gnu/libexpat.so.1.6.0
7fd543121000-7fd543122000 rw-p 00029000 08:05 3149635                    /lib/x86_64-linux-gnu/libexpat.so.1.6.0
7fd543122000-7fd5434e0000 r-xp 00000000 08:05 11674196                   /usr/lib/x86_64-linux-gnu/libdricore9.2.1.so.1.0.0
7fd5434e0000-7fd5436df000 ---p 003be000 08:05 11674196                   /usr/lib/x86_64-linux-gnu/libdricore9.2.1.so.1.0.0
7fd5436df000-7fd5436ef000 r--p 003bd000 08:05 11674196                   /usr/lib/x86_64-linux-gnu/libdricore9.2.1.so.1.0.0
7fd5436ef000-7fd5436f7000 rw-p 003cd000 08:05 11674196                   /usr/lib/x86_64-linux-gnu/libdricore9.2.1.so.1.0.0
7fd5436f7000-7fd54370f000 rw-p 00000000 00:00 0 
7fd54370f000-7fd5437e4000 r-xp 00000000 08:05 11928735                   /usr/lib/x86_64-linux-gnu/dri/i965_dri.so
7fd5437e4000-7fd5439e4000 ---p 000d5000 08:05 11928735                   /usr/lib/x86_64-linux-gnu/dri/i965_dri.so
7fd5439e4000-7fd5439e7000 r--p 000d5000 08:05 11928735                   /usr/lib/x86_64-linux-gnu/dri/i965_dri.so
7fd5439e7000-7fd5439e9000 rw-p 000d8000 08:05 11928735                   /usr/lib/x86_64-linux-gnu/dri/i965_dri.so
7fd5439e9000-7fd5439ea000 rw-p 00000000 00:00 0 
7fd5439ea000-7fd5439ef000 r-xp 00000000 08:05 11674043                   /usr/lib/x86_64-linux-gnu/libXdmcp.so.6.0.0
7fd5439ef000-7fd543bee000 ---p 00005000 08:05 11674043                   /usr/lib/x86_64-linux-gnu/libXdmcp.so.6.0.0
7fd543bee000-7fd543bef000 r--p 00004000 08:05 11674043                   /usr/lib/x86_64-linux-gnu/libXdmcp.so.6.0.0
7fd543bef000-7fd543bf0000 rw-p 00005000 08:05 11674043                   /usr/lib/x86_64-linux-gnu/libXdmcp.so.6.0.0
7fd543bf0000-7fd543bf2000 r-xp 00000000 08:05 11674032                   /usr/lib/x86_64-linux-gnu/libXau.so.6.0.0
7fd543bf2000-7fd543df2000 ---p 00002000 08:05 11674032                   /usr/lib/x86_64-linux-gnu/libXau.so.6.0.0
7fd543df2000-7fd543df3000 r--p 00002000 08:05 11674032                   /usr/lib/x86_64-linux-gnu/libXau.so.6.0.0
7fd543df3000-7fd543df4000 rw-p 00003000 08:05 11674032                   /usr/lib/x86_64-linux-gnu/libXau.so.6.0.0
7fd543df4000-7fd543dff000 r-xp 00000000 08:05 11674198                   /usr/lib/x86_64-linux-gnu/libdrm.so.2.4.0
7fd543dff000-7fd543ffe000 ---p 0000b000 08:05 11674198                   /usr/lib/x86_64-linux-gnu/libdrm.so.2.4.0
7fd543ffe000-7fd543fff000 r--p 0000a000 08:05 11674198                   /usr/lib/x86_64-linux-gnu/libdrm.so.2.4.0
7fd543fff000-7fd544000000 rw-p 0000b000 08:05 11674198                   /usr/lib/x86_64-linux-gnu/libdrm.so.2.4.0
7fd544000000-7fd5440a0000 rw-p 00000000 00:00 0 
7fd5440a0000-7fd548000000 ---p 00000000 00:00 0 
7fd548000000-7fd5482ed000 rw-p 00000000 00:00 0 
7fd5482ed000-7fd54c000000 ---p 00000000 00:00 0 
7fd54c000000-7fd54c021000 rw-p 00000000 00:00 0 
7fd54c021000-7fd550000000 ---p 00000000 00:00 0 
7fd550000000-7fd550021000 rw-p 00000000 00:00 0 
7fd550021000-7fd554000000 ---p 00000000 00:00 0 
7fd554000000-7fd554818000 rw-p 00000000 00:00 0 
7fd554818000-7fd558000000 ---p 00000000 00:00 0 
7fd558000000-7fd558021000 rw-p 00000000 00:00 0 
7fd558021000-7fd55c000000 ---p 00000000 00:00 0 
7fd55c000000-7fd55c021000 rw-p 00000000 00:00 0 
7fd55c021000-7fd560000000 ---p 00000000 00:00 0 
7fd560000000-7fd5606f0000 rw-p 00000000 00:00 0 
7fd5606f0000-7fd564000000 ---p 00000000 00:00 0 
7fd564000000-7fd564021000 rw-p 00000000 00:00 0 
7fd564021000-7fd568000000 ---p 00000000 00:00 0 
7fd568000000-7fd568021000 rw-p 00000000 00:00 0 
7fd568021000-7fd56c000000 ---p 00000000 00:00 0 
7fd56c000000-7fd56c021000 rw-p 00000000 00:00 0 
7fd56c021000-7fd570000000 ---p 00000000 00:00 0 
7fd570000000-7fd570021000 rw-p 00000000 00:00 0 
7fd570021000-7fd574000000 ---p 00000000 00:00 0 
7fd574000000-7fd574014000 r--s 00000000 08:05 658157                     /var/cache/fontconfig/04aabc0a78ac019cf9454389977116d2-le64.cache-4
7fd574014000-7fd574015000 r--s 00000000 08:05 658161                     /var/cache/fontconfig/1ac9eb803944fde146138c791f5cc56a-le64.cache-4
7fd574015000-7fd574019000 r--s 00000000 08:05 658166                     /var/cache/fontconfig/385c0604a188198f04d133e54aba7fe7-le64.cache-4
7fd574019000-7fd57401b000 r--s 00000000 08:05 658174                     /var/cache/fontconfig/767a8244fc0220cfb567a839d0392e0b-le64.cache-4
7fd57401b000-7fd57401d000 r--s 00000000 08:05 658163                     /var/cache/fontconfig/2fe16cf53f8bd2da9ea33d9eb6e69eee-le64.cache-4
7fd57401d000-7fd574020000 r--s 00000000 08:05 658176                     /var/cache/fontconfig/8801497958630a81b71ace7c5f9b32a8-le64.cache-4
7fd574020000-7fd574024000 r--s 00000000 08:05 658185                     /var/cache/fontconfig/c57959a16110560c8d0fcea73374aeeb-le64.cache-4
7fd574024000-7fd57402b000 r--s 00000000 08:05 658164                     /var/cache/fontconfig/3047814df9a2f067bd2d96a2b9c36e5a-le64.cache-4
7fd57402b000-7fd574031000 r--s 00000000 08:05 658182                     /var/cache/fontconfig/b47c4e1ecd0709278f4910c18777a504-le64.cache-4
7fd574031000-7fd574044000 r--s 00000000 08:05 658189                     /var/cache/fontconfig/d52a8644073d54c13679302ca1180695-le64.cache-4
7fd574044000-7fd574047000 r-xp 00000000 08:05 11674800                   /usr/lib/x86_64-linux-gnu/libxcb-dri2.so.0.0.0
7fd574047000-7fd574247000 ---p 00003000 08:05 11674800                   /usr/lib/x86_64-linux-gnu/libxcb-dri2.so.0.0.0
7fd574247000-7fd574248000 r--p 00003000 08:05 11674800                   /usr/lib/x86_64-linux-gnu/libxcb-dri2.so.0.0.0
7fd574248000-7fd574249000 rw-p 00004000 08:05 11674800                   /usr/lib/x86_64-linux-gnu/libxcb-dri2.so.0.0.0
7fd574249000-7fd57425e000 r-xp 00000000 08:05 11674802                   /usr/lib/x86_64-linux-gnu/libxcb-glx.so.0.0.0
7fd57425e000-7fd57445d000 ---p 00015000 08:05 11674802                   /usr/lib/x86_64-linux-gnu/libxcb-glx.so.0.0.0
7fd57445d000-7fd57445f000 r--p 00014000 08:05 11674802                   /usr/lib/x86_64-linux-gnu/libxcb-glx.so.0.0.0
7fd57445f000-7fd574460000 rw-p 00016000 08:05 11674802                   /usr/lib/x86_64-linux-gnu/libxcb-glx.so.0.0.0
7fd574460000-7fd574461000 r-xp 00000000 08:05 11674028                   /usr/lib/x86_64-linux-gnu/libX11-xcb.so.1.0.0
7fd574461000-7fd574660000 ---p 00001000 08:05 11674028                   /usr/lib/x86_64-linux-gnu/libX11-xcb.so.1.0.0
7fd574660000-7fd574661000 r--p 00000000 08:05 11674028                   /usr/lib/x86_64-linux-gnu/libX11-xcb.so.1.0.0
7fd574661000-7fd574662000 rw-p 00001000 08:05 11674028                   /usr/lib/x86_64-linux-gnu/libX11-xcb.so.1.0.0
7fd574662000-7fd574667000 r-xp 00000000 08:05 11674047                   /usr/lib/x86_64-linux-gnu/libXfixes.so.3.1.0
7fd574667000-7fd574866000 ---p 00005000 08:05 11674047                   /usr/lib/x86_64-linux-gnu/libXfixes.so.3.1.0
7fd574866000-7fd574867000 r--p 00004000 08:05 11674047                   /usr/lib/x86_64-linux-gnu/libXfixes.so.3.1.0
7fd574867000-7fd574868000 rw-p 00005000 08:05 11674047                   /usr/lib/x86_64-linux-gnu/libXfixes.so.3.1.0
7fd574868000-7fd57486a000 r-xp 00000000 08:05 11674041                   /usr/lib/x86_64-linux-gnu/libXdamage.so.1.1.0
7fd57486a000-7fd574a69000 ---p 00002000 08:05 11674041                   /usr/lib/x86_64-linux-gnu/libXdamage.so.1.1.0
7fd574a69000-7fd574a6a000 r--p 00001000 08:05 11674041                   /usr/lib/x86_64-linux-gnu/libXdamage.so.1.1.0
7fd574a6a000-7fd574a6b000 rw-p 00002000 08:05 11674041                   /usr/lib/x86_64-linux-gnu/libXdamage.so.1.1.0
7fd574a6b000-7fd574a8c000 r-xp 00000000 08:05 11674313                   /usr/lib/x86_64-linux-gnu/libglapi.so.0.0.0
7fd574a8c000-7fd574c8c000 ---p 00021000 08:05 11674313                   /usr/lib/x86_64-linux-gnu/libglapi.so.0.0.0
7fd574c8c000-7fd574c8f000 r--p 00021000 08:05 11674313                   /usr/lib/x86_64-linux-gnu/libglapi.so.0.0.0
7fd574c8f000-7fd574c90000 rw-p 00024000 08:05 11674313                   /usr/lib/x86_64-linux-gnu/libglapi.so.0.0.0
7fd574c90000-7fd574c91000 rw-p 00000000 00:00 0 
7fd574c91000-7fd574ca2000 r-xp 00000000 08:05 11674045                   /usr/lib/x86_64-linux-gnu/libXext.so.6.4.0
7fd574ca2000-7fd574ea1000 ---p 00011000 08:05 11674045                   /usr/lib/x86_64-linux-gnu/libXext.so.6.4.0
7fd574ea1000-7fd574ea2000 r--p 00010000 08:05 11674045                   /usr/lib/x86_64-linux-gnu/libXext.so.6.4.0
7fd574ea2000-7fd574ea3000 rw-p 00011000 08:05 11674045                   /usr/lib/x86_64-linux-gnu/libXext.so.6.4.0
7fd574ea3000-7fd574ec0000 r-xp 00000000 08:05 11674824                   /usr/lib/x86_64-linux-gnu/libxcb.so.1.1.0
7fd574ec0000-7fd5750bf000 ---p 0001d000 08:05 11674824                   /usr/lib/x86_64-linux-gnu/libxcb.so.1.1.0
7fd5750bf000-7fd5750c0000 r--p 0001c000 08:05 11674824                   /usr/lib/x86_64-linux-gnu/libxcb.so.1.1.0
7fd5750c0000-7fd5750c1000 rw-p 0001d000 08:05 11674824                   /usr/lib/x86_64-linux-gnu/libxcb.so.1.1.0
7fd5750c1000-7fd57511b000 r-xp 00000000 08:05 11929362                   /usr/lib/x86_64-linux-gnu/mesa/libGL.so.1.2.0
7fd57511b000-7fd57531b000 ---p 0005a000 08:05 11929362                   /usr/lib/x86_64-linux-gnu/mesa/libGL.so.1.2.0
7fd57531b000-7fd57531d000 r--p 0005a000 08:05 11929362                   /usr/lib/x86_64-linux-gnu/mesa/libGL.so.1.2.0
7fd57531d000-7fd57531e000 rw-p 0005c000 08:05 11929362                   /usr/lib/x86_64-linux-gnu/mesa/libGL.so.1.2.0
7fd57531e000-7fd57531f000 rw-p 00000000 00:00 0 
7fd57531f000-7fd575323000 r-xp 00000000 08:05 11674079                   /usr/lib/x86_64-linux-gnu/libXxf86vm.so.1.0.0
7fd575323000-7fd575523000 ---p 00004000 08:05 11674079                   /usr/lib/x86_64-linux-gnu/libXxf86vm.so.1.0.0
7fd575523000-7fd575524000 r--p 00004000 08:05 11674079                   /usr/lib/x86_64-linux-gnu/libXxf86vm.so.1.0.0
7fd575524000-7fd575525000 rw-p 00005000 08:05 11674079                   /usr/lib/x86_64-linux-gnu/libXxf86vm.so.1.0.0
7fd575525000-7fd575655000 r-xp 00000000 08:05 11674030                   /usr/lib/x86_64-linux-gnu/libX11.so.6.3.0
7fd575655000-7fd575855000 ---p 00130000 08:05 11674030                   /usr/lib/x86_64-linux-gnu/libX11.so.6.3.0
7fd575855000-7fd575856000 r--p 00130000 08:05 11674030                   /usr/lib/x86_64-linux-gnu/libX11.so.6.3.0
7fd575856000-7fd57585a000 rw-p 00131000 08:05 11674030                   /usr/lib/x86_64-linux-gnu/libX11.so.6.3.0
7fd57585a000-7fd57585b000 r--s 00000000 08:05 658192                     /var/cache/fontconfig/dc05db6664285cc2f12bf69c139ae4c3-le64.cache-4
7fd57585b000-7fd57585c000 r--s 00000000 08:05 658167                     /var/cache/fontconfig/4794a0821666d79190d59a36cb4f44b5-le64.cache-4
7fd57585c000-7fd575865000 r--s 00000000 08:05 658947                     /var/cache/fontconfig/52f7bdb7ce746bfd7eaa1985bd9cfa93-le64.cache-4
7fd575865000-7fd57586e000 r--s 00000000 08:05 658946                     /var/cache/fontconfig/3f7329c5293ffd510edef78f73874cfd-le64.cache-4
7fd57586e000-7fd57587a000 r--s 00000000 08:05 658187                     /var/cache/fontconfig/d589a48862398ed80a3d6066f4f56f4c-le64.cache-4
7fd57587a000-7fd575883000 r-xp 00000000 08:05 2231317                    /usr/local/jdk1.7.0_45/jre/lib/amd64/libprism-es2.so
7fd575883000-7fd575a82000 ---p 00009000 08:05 2231317                    /usr/local/jdk1.7.0_45/jre/lib/amd64/libprism-es2.so
7fd575a82000-7fd575a83000 r--p 00008000 08:05 2231317                    /usr/local/jdk1.7.0_45/jre/lib/amd64/libprism-es2.so
7fd575a83000-7fd575a84000 rw-p 00009000 08:05 2231317                    /usr/local/jdk1.7.0_45/jre/lib/amd64/libprism-es2.so
7fd575a84000-7fd575a87000 ---p 00000000 00:00 0 
7fd575a87000-7fd575b85000 rw-p 00000000 00:00 0                          [stack:4122]
7fd575b85000-7fd575b88000 ---p 00000000 00:00 0 
7fd575b88000-7fd575c86000 rw-p 00000000 00:00 0                          [stack:4121]
7fd575c86000-7fd575c9c000 r-xp 00000000 08:05 3149736                    /lib/x86_64-linux-gnu/libresolv-2.17.so
7fd575c9c000-7fd575e9c000 ---p 00016000 08:05 3149736                    /lib/x86_64-linux-gnu/libresolv-2.17.so
7fd575e9c000-7fd575e9d000 r--p 00016000 08:05 3149736                    /lib/x86_64-linux-gnu/libresolv-2.17.so
7fd575e9d000-7fd575e9e000 rw-p 00017000 08:05 3149736                    /lib/x86_64-linux-gnu/libresolv-2.17.so
7fd575e9e000-7fd575ea0000 rw-p 00000000 00:00 0 
7fd575ea0000-7fd575ea6000 r-xp 00000000 08:05 3149689                    /lib/x86_64-linux-gnu/libnss_dns-2.17.so
7fd575ea6000-7fd5760a5000 ---p 00006000 08:05 3149689                    /lib/x86_64-linux-gnu/libnss_dns-2.17.so
7fd5760a5000-7fd5760a6000 r--p 00005000 08:05 3149689                    /lib/x86_64-linux-gnu/libnss_dns-2.17.so
7fd5760a6000-7fd5760a7000 rw-p 00006000 08:05 3149689                    /lib/x86_64-linux-gnu/libnss_dns-2.17.so
7fd5760a7000-7fd5760a9000 r-xp 00000000 08:05 3145766                    /lib/libnss_mdns4_minimal.so.2
7fd5760a9000-7fd5762a8000 ---p 00002000 08:05 3145766                    /lib/libnss_mdns4_minimal.so.2
7fd5762a8000-7fd5762a9000 r--p 00001000 08:05 3145766                    /lib/libnss_mdns4_minimal.so.2
7fd5762a9000-7fd5762aa000 rw-p 00002000 08:05 3145766                    /lib/libnss_mdns4_minimal.so.2
7fd5762aa000-7fd5762c0000 r-xp 00000000 08:05 2231713                    /usr/local/jdk1.7.0_45/jre/lib/amd64/libnet.so
7fd5762c0000-7fd5764c0000 ---p 00016000 08:05 2231713                    /usr/local/jdk1.7.0_45/jre/lib/amd64/libnet.so
7fd5764c0000-7fd5764c1000 rw-p 00016000 08:05 2231713                    /usr/local/jdk1.7.0_45/jre/lib/amd64/libnet.so
7fd5764c1000-7fd5764df000 r-xp 00000000 08:05 2231512                    /usr/local/jdk1.7.0_45/jre/lib/amd64/libdeploy.so
7fd5764df000-7fd5766df000 ---p 0001e000 08:05 2231512                    /usr/local/jdk1.7.0_45/jre/lib/amd64/libdeploy.so
7fd5766df000-7fd5766e1000 rw-p 0001e000 08:05 2231512                    /usr/local/jdk1.7.0_45/jre/lib/amd64/libdeploy.so
7fd5766e1000-7fd5766f1000 rw-p 00000000 00:00 0 
7fd5766f1000-7fd5766f4000 ---p 00000000 00:00 0 
7fd5766f4000-7fd5767f2000 rw-p 00000000 00:00 0                          [stack:4120]
7fd5767f2000-7fd5767f3000 ---p 00000000 00:00 0 
7fd5767f3000-7fd5768f3000 rw-p 00000000 00:00 0                          [stack:4119]
7fd5768f3000-7fd5768f6000 ---p 00000000 00:00 0 
7fd5768f6000-7fd5769f4000 rw-p 00000000 00:00 0                          [stack:4118]
7fd5769f4000-7fd5769f7000 ---p 00000000 00:00 0 
7fd5769f7000-7fd576af5000 rw-p 00000000 00:00 0                          [stack:4117]
7fd576af5000-7fd576af8000 ---p 00000000 00:00 0 
7fd576af8000-7fd576bf6000 rw-p 00000000 00:00 0                          [stack:4116]
7fd576bf6000-7fd576bf9000 ---p 00000000 00:00 0 
7fd576bf9000-7fd576cf7000 rw-p 00000000 00:00 0                          [stack:4115]
7fd576cf7000-7fd5770f1000 r--p 00000000 08:05 11672888                   /usr/lib/locale/locale-archive
7fd5770f1000-7fd5770f4000 ---p 00000000 00:00 0 
7fd5770f4000-7fd5771f2000 rw-p 00000000 00:00 0                          [stack:4114]
7fd5771f2000-7fd5771f5000 ---p 00000000 00:00 0 
7fd5771f5000-7fd5772f3000 rw-p 00000000 00:00 0                          [stack:4113]
7fd5772f3000-7fd5772f4000 ---p 00000000 00:00 0 
7fd5772f4000-7fd578000000 rw-p 00000000 00:00 0                          [stack:4112]
7fd578000000-7fd578021000 rw-p 00000000 00:00 0 
7fd578021000-7fd57c000000 ---p 00000000 00:00 0 
7fd57c000000-7fd57c021000 rw-p 00000000 00:00 0 
7fd57c021000-7fd580000000 ---p 00000000 00:00 0 
7fd580000000-7fd580021000 rw-p 00000000 00:00 0 
7fd580021000-7fd584000000 ---p 00000000 00:00 0 
7fd584000000-7fd584001000 r--s 00000000 08:05 658169                     /var/cache/fontconfig/56cf4f4769d0f4abc89a4895d7bd3ae1-le64.cache-4
7fd584001000-7fd584002000 r--s 00000000 08:05 658183                     /var/cache/fontconfig/b9d506c9ac06c20b433354fa67a72993-le64.cache-4
7fd584002000-7fd584005000 r--s 00000000 08:05 658688                     /var/cache/fontconfig/e13b20fdb08344e0e664864cc2ede53d-le64.cache-4
7fd584005000-7fd58400f000 r--s 00250000 08:05 1575388                    /usr/local/jdk1.7.0_45/jre/lib/resources.jar
7fd58400f000-7fd584022000 r--s 000d0000 08:05 1575397                    /usr/local/jdk1.7.0_45/jre/lib/plugin.jar
7fd584022000-7fd5840b0000 r--s 00ddd000 08:05 1575401                    /usr/local/jdk1.7.0_45/jre/lib/jfxrt.jar
7fd5840b0000-7fd5843b3000 rw-p 00000000 00:00 0 
7fd5843b3000-7fd58456f000 r--s 039b2000 08:05 1575425                    /usr/local/jdk1.7.0_45/jre/lib/rt.jar
7fd58456f000-7fd588974000 rw-p 00000000 00:00 0 
7fd588974000-7fd588975000 ---p 00000000 00:00 0 
7fd588975000-7fd588a75000 rw-p 00000000 00:00 0                          [stack:4111]
7fd588a75000-7fd588a76000 ---p 00000000 00:00 0 
7fd588a76000-7fd588b76000 rw-p 00000000 00:00 0                          [stack:4110]
7fd588b76000-7fd588b77000 ---p 00000000 00:00 0 
7fd588b77000-7fd588c77000 rw-p 00000000 00:00 0                          [stack:4109]
7fd588c77000-7fd588c78000 ---p 00000000 00:00 0 
7fd588c78000-7fd588da1000 rw-p 00000000 00:00 0                          [stack:4108]
7fd588da1000-7fd589000000 rw-p 00000000 00:00 0 
7fd589000000-7fd589270000 rwxp 00000000 00:00 0 
7fd589270000-7fd58c29f000 rw-p 00000000 00:00 0 
7fd58c29f000-7fd590000000 ---p 00000000 00:00 0 
7fd590000000-7fd590001000 r--s 00000000 08:05 658158                     /var/cache/fontconfig/0c9eb80ebd1c36541ebe2852d3bb0c49-le64.cache-4
7fd590001000-7fd590009000 rw-s 00000000 00:04 484175                     /drm mm object (deleted)
7fd590009000-7fd590087000 rw-p 00000000 00:00 0 
7fd590087000-7fd5900a5000 rw-p 00000000 00:00 0 
7fd5900a5000-7fd5900b0000 rw-p 00000000 00:00 0 
7fd5900b0000-7fd5900ce000 rw-p 00000000 00:00 0 
7fd5900ce000-7fd5900f7000 rw-p 00000000 00:00 0 
7fd5900f7000-7fd590355000 rw-p 00000000 00:00 0 
7fd590355000-7fd59036a000 rw-p 00000000 00:00 0 
7fd59036a000-7fd590499000 rw-p 00000000 00:00 0 
7fd590499000-7fd59049a000 rw-p 00000000 00:00 0 
7fd59049a000-7fd5904b4000 r-xp 00000000 08:05 2231711                    /usr/local/jdk1.7.0_45/jre/lib/amd64/libzip.so
7fd5904b4000-7fd5906b4000 ---p 0001a000 08:05 2231711                    /usr/local/jdk1.7.0_45/jre/lib/amd64/libzip.so
7fd5906b4000-7fd5906b5000 rw-p 0001a000 08:05 2231711                    /usr/local/jdk1.7.0_45/jre/lib/amd64/libzip.so
7fd5906b5000-7fd5906c1000 r-xp 00000000 08:05 3149691                    /lib/x86_64-linux-gnu/libnss_files-2.17.so
7fd5906c1000-7fd5908c0000 ---p 0000c000 08:05 3149691                    /lib/x86_64-linux-gnu/libnss_files-2.17.so
7fd5908c0000-7fd5908c1000 r--p 0000b000 08:05 3149691                    /lib/x86_64-linux-gnu/libnss_files-2.17.so
7fd5908c1000-7fd5908c2000 rw-p 0000c000 08:05 3149691                    /lib/x86_64-linux-gnu/libnss_files-2.17.so
7fd5908c2000-7fd5908cd000 r-xp 00000000 08:05 3149695                    /lib/x86_64-linux-gnu/libnss_nis-2.17.so
7fd5908cd000-7fd590acc000 ---p 0000b000 08:05 3149695                    /lib/x86_64-linux-gnu/libnss_nis-2.17.so
7fd590acc000-7fd590acd000 r--p 0000a000 08:05 3149695                    /lib/x86_64-linux-gnu/libnss_nis-2.17.so
7fd590acd000-7fd590ace000 rw-p 0000b000 08:05 3149695                    /lib/x86_64-linux-gnu/libnss_nis-2.17.so
7fd590ace000-7fd590ae5000 r-xp 00000000 08:05 3149685                    /lib/x86_64-linux-gnu/libnsl-2.17.so
7fd590ae5000-7fd590ce4000 ---p 00017000 08:05 3149685                    /lib/x86_64-linux-gnu/libnsl-2.17.so
7fd590ce4000-7fd590ce5000 r--p 00016000 08:05 3149685                    /lib/x86_64-linux-gnu/libnsl-2.17.so
7fd590ce5000-7fd590ce6000 rw-p 00017000 08:05 3149685                    /lib/x86_64-linux-gnu/libnsl-2.17.so
7fd590ce6000-7fd590ce8000 rw-p 00000000 00:00 0 
7fd590ce8000-7fd590cf0000 r-xp 00000000 08:05 3149687                    /lib/x86_64-linux-gnu/libnss_compat-2.17.so
7fd590cf0000-7fd590eef000 ---p 00008000 08:05 3149687                    /lib/x86_64-linux-gnu/libnss_compat-2.17.so
7fd590eef000-7fd590ef0000 r--p 00007000 08:05 3149687                    /lib/x86_64-linux-gnu/libnss_compat-2.17.so
7fd590ef0000-7fd590ef1000 rw-p 00008000 08:05 3149687                    /lib/x86_64-linux-gnu/libnss_compat-2.17.so
7fd590ef1000-7fd590f1a000 r-xp 00000000 08:05 2231646                    /usr/local/jdk1.7.0_45/jre/lib/amd64/libjava.so
7fd590f1a000-7fd59111a000 ---p 00029000 08:05 2231646                    /usr/local/jdk1.7.0_45/jre/lib/amd64/libjava.so
7fd59111a000-7fd59111c000 rw-p 00029000 08:05 2231646                    /usr/local/jdk1.7.0_45/jre/lib/amd64/libjava.so
7fd59111c000-7fd591129000 r-xp 00000000 08:05 2231511                    /usr/local/jdk1.7.0_45/jre/lib/amd64/libverify.so
7fd591129000-7fd591328000 ---p 0000d000 08:05 2231511                    /usr/local/jdk1.7.0_45/jre/lib/amd64/libverify.so
7fd591328000-7fd59132a000 rw-p 0000c000 08:05 2231511                    /usr/local/jdk1.7.0_45/jre/lib/amd64/libverify.so
7fd59132a000-7fd591331000 r-xp 00000000 08:05 3149738                    /lib/x86_64-linux-gnu/librt-2.17.so
7fd591331000-7fd591530000 ---p 00007000 08:05 3149738                    /lib/x86_64-linux-gnu/librt-2.17.so
7fd591530000-7fd591531000 r--p 00006000 08:05 3149738                    /lib/x86_64-linux-gnu/librt-2.17.so
7fd591531000-7fd591532000 rw-p 00007000 08:05 3149738                    /lib/x86_64-linux-gnu/librt-2.17.so
7fd591532000-7fd591635000 r-xp 00000000 08:05 3149666                    /lib/x86_64-linux-gnu/libm-2.17.so
7fd591635000-7fd591834000 ---p 00103000 08:05 3149666                    /lib/x86_64-linux-gnu/libm-2.17.so
7fd591834000-7fd591835000 r--p 00102000 08:05 3149666                    /lib/x86_64-linux-gnu/libm-2.17.so
7fd591835000-7fd591836000 rw-p 00103000 08:05 3149666                    /lib/x86_64-linux-gnu/libm-2.17.so
7fd591836000-7fd592398000 r-xp 00000000 08:05 2231274                    /usr/local/jdk1.7.0_45/jre/lib/amd64/server/libjvm.so
7fd592398000-7fd592598000 ---p 00b62000 08:05 2231274                    /usr/local/jdk1.7.0_45/jre/lib/amd64/server/libjvm.so
7fd592598000-7fd59265b000 rw-p 00b62000 08:05 2231274                    /usr/local/jdk1.7.0_45/jre/lib/amd64/server/libjvm.so
7fd59265b000-7fd59269c000 rw-p 00000000 00:00 0 
7fd59269c000-7fd592859000 r-xp 00000000 08:05 3149615                    /lib/x86_64-linux-gnu/libc-2.17.so
7fd592859000-7fd592a59000 ---p 001bd000 08:05 3149615                    /lib/x86_64-linux-gnu/libc-2.17.so
7fd592a59000-7fd592a5d000 r--p 001bd000 08:05 3149615                    /lib/x86_64-linux-gnu/libc-2.17.so
7fd592a5d000-7fd592a5f000 rw-p 001c1000 08:05 3149615                    /lib/x86_64-linux-gnu/libc-2.17.so
7fd592a5f000-7fd592a64000 rw-p 00000000 00:00 0 
7fd592a64000-7fd592a67000 r-xp 00000000 08:05 3149630                    /lib/x86_64-linux-gnu/libdl-2.17.so
7fd592a67000-7fd592c66000 ---p 00003000 08:05 3149630                    /lib/x86_64-linux-gnu/libdl-2.17.so
7fd592c66000-7fd592c67000 r--p 00002000 08:05 3149630                    /lib/x86_64-linux-gnu/libdl-2.17.so
7fd592c67000-7fd592c68000 rw-p 00003000 08:05 3149630                    /lib/x86_64-linux-gnu/libdl-2.17.so
7fd592c68000-7fd592c7e000 r-xp 00000000 08:05 2231436                    /usr/local/jdk1.7.0_45/jre/lib/amd64/jli/libjli.so
7fd592c7e000-7fd592e7e000 ---p 00016000 08:05 2231436                    /usr/local/jdk1.7.0_45/jre/lib/amd64/jli/libjli.so
7fd592e7e000-7fd592e7f000 rw-p 00016000 08:05 2231436                    /usr/local/jdk1.7.0_45/jre/lib/amd64/jli/libjli.so
7fd592e7f000-7fd592e96000 r-xp 00000000 08:05 3149730                    /lib/x86_64-linux-gnu/libpthread-2.17.so
7fd592e96000-7fd593096000 ---p 00017000 08:05 3149730                    /lib/x86_64-linux-gnu/libpthread-2.17.so
7fd593096000-7fd593097000 r--p 00017000 08:05 3149730                    /lib/x86_64-linux-gnu/libpthread-2.17.so
7fd593097000-7fd593098000 rw-p 00018000 08:05 3149730                    /lib/x86_64-linux-gnu/libpthread-2.17.so
7fd593098000-7fd59309c000 rw-p 00000000 00:00 0 
7fd59309c000-7fd5930bf000 r-xp 00000000 08:05 3149589                    /lib/x86_64-linux-gnu/ld-2.17.so
7fd5930bf000-7fd5930d7000 r--s 001cd000 08:05 1575398                    /usr/local/jdk1.7.0_45/jre/lib/deploy.jar
7fd5930d7000-7fd5930e1000 rw-p 00000000 00:00 0 
7fd5930e1000-7fd593197000 rw-p 00000000 00:00 0 
7fd593197000-7fd59319a000 ---p 00000000 00:00 0 
7fd59319a000-7fd59329c000 rw-p 00000000 00:00 0                          [stack:4106]
7fd59329c000-7fd5932a0000 r--s 00000000 08:05 658990                     /var/cache/fontconfig/7ef2298fde41cc6eeb7af42e48b7d293-le64.cache-4
7fd5932a0000-7fd5932a9000 r--s 00064000 08:05 1575399                    /usr/local/jdk1.7.0_45/jre/lib/javaws.jar
7fd5932a9000-7fd5932ad000 r--s 000f7000 08:05 2231186                    /usr/local/jdk1.7.0_45/jre/lib/ext/localedata.jar
7fd5932ad000-7fd5932b1000 r--s 0008a000 08:05 1575404                    /usr/local/jdk1.7.0_45/jre/lib/jsse.jar
7fd5932b1000-7fd5932b2000 r--s 0002d000 08:03 9833795                    /home/sergio/Programacin/JavaFX/ExeaMusicPlayer/Player/dist/run1292818978/Player.jar
7fd5932b2000-7fd5932ba000 rw-s 00000000 08:05 11010094                   /tmp/hsperfdata_sergio/4103
7fd5932ba000-7fd5932bb000 rw-p 00000000 00:00 0 
7fd5932bb000-7fd5932bc000 r--p 00000000 00:00 0 
7fd5932bc000-7fd5932be000 rw-p 00000000 00:00 0 
7fd5932be000-7fd5932bf000 r--p 00022000 08:05 3149589                    /lib/x86_64-linux-gnu/ld-2.17.so
7fd5932bf000-7fd5932c1000 rw-p 00023000 08:05 3149589                    /lib/x86_64-linux-gnu/ld-2.17.so
7fff5f70d000-7fff5f72e000 rw-p 00000000 00:00 0                          [stack]
7fff5f78a000-7fff5f78c000 r-xp 00000000 00:00 0                          [vdso]
ffffffffff600000-ffffffffff601000 r-xp 00000000 00:00 0                  [vsyscall]

VM Arguments:
jvm_args: -Dfile.encoding=UTF-8 
java_command: /home/sergio/Programacin/JavaFX/ExeaMusicPlayer/Player/dist/run1292818978/Player.jar
Launcher Type: SUN_STANDARD

Environment Variables:
PATH=/usr/lib/lightdm/lightdm:/usr/local/sbin:/usr/local/bin:/usr/sbin:/usr/bin:/sbin:/bin:/usr/games:/usr/local/games
LD_LIBRARY_PATH=/usr/local/jdk1.7.0_45/jre/lib/amd64:/usr/local/jdk1.7.0_45/jre/lib/i386:
SHELL=/bin/bash
DISPLAY=:0

Signal Handlers:
SIGSEGV: [libjvm.so+0x9935b0], sa_mask[0]=0x7ffbfeff, sa_flags=0x10000004
SIGBUS: [libjvm.so+0x9935b0], sa_mask[0]=0x7ffbfeff, sa_flags=0x10000004
SIGFPE: [libjvm.so+0x810330], sa_mask[0]=0x7ffbfeff, sa_flags=0x10000004
SIGPIPE: SIG_IGN, sa_mask[0]=0x00001000, sa_flags=0x10000000
SIGXFSZ: [libjvm.so+0x810330], sa_mask[0]=0x7ffbfeff, sa_flags=0x10000004
SIGILL: [libjvm.so+0x810330], sa_mask[0]=0x7ffbfeff, sa_flags=0x10000004
SIGUSR1: SIG_DFL, sa_mask[0]=0x00000000, sa_flags=0x00000000
SIGUSR2: [libjvm.so+0x811820], sa_mask[0]=0x00000004, sa_flags=0x10000004
SIGHUP: [libjvm.so+0x812790], sa_mask[0]=0x7ffbfeff, sa_flags=0x10000004
SIGINT: SIG_IGN, sa_mask[0]=0x00000000, sa_flags=0x00000000
SIGTERM: [libjvm.so+0x812790], sa_mask[0]=0x7ffbfeff, sa_flags=0x10000004
SIGQUIT: [libjvm.so+0x812790], sa_mask[0]=0x7ffbfeff, sa_flags=0x10000004


---------------  S Y S T E M  ---------------

OS:wheezy/sid

uname:Linux 3.11.0-12-generic #19-Ubuntu SMP Wed Oct 9 16:20:46 UTC 2013 x86_64
libc:glibc 2.17 NPTL 2.17 
rlimit: STACK 8192k, CORE 0k, NPROC 61918, NOFILE 4096, AS infinity
load average:1,02 0,76 0,74

/proc/meminfo:
MemTotal:        7953504 kB
MemFree:          796084 kB
Buffers:          333252 kB
Cached:          4050400 kB
SwapCached:            0 kB
Active:          4707028 kB
Inactive:        2018788 kB
Active(anon):    2344944 kB
Inactive(anon):   181320 kB
Active(file):    2362084 kB
Inactive(file):  1837468 kB
Unevictable:          32 kB
Mlocked:              32 kB
SwapTotal:       7812092 kB
SwapFree:        7812092 kB
Dirty:              2044 kB
Writeback:             0 kB
AnonPages:       2342328 kB
Mapped:           374132 kB
Shmem:            184108 kB
Slab:             310660 kB
SReclaimable:     269092 kB
SUnreclaim:        41568 kB
KernelStack:        4944 kB
PageTables:        40616 kB
NFS_Unstable:          0 kB
Bounce:                0 kB
WritebackTmp:          0 kB
CommitLimit:    11788844 kB
Committed_AS:    5746764 kB
VmallocTotal:   34359738367 kB
VmallocUsed:      356100 kB
VmallocChunk:   34359379556 kB
HardwareCorrupted:     0 kB
AnonHugePages:         0 kB
HugePages_Total:       0
HugePages_Free:        0
HugePages_Rsvd:        0
HugePages_Surp:        0
Hugepagesize:       2048 kB
DirectMap4k:       77748 kB
DirectMap2M:     8087552 kB


CPU:total 4 (2 cores per cpu, 2 threads per core) family 6 model 58 stepping 9, cmov, cx8, fxsr, mmx, sse, sse2, sse3, ssse3, sse4.1, sse4.2, popcnt, avx, aes, erms, ht, tsc, tscinvbit, tscinv

/proc/cpuinfo:
processor	: 0
vendor_id	: GenuineIntel
cpu family	: 6
model		: 58
model name	: Intel(R) Core(TM) i5-3210M CPU @ 2.50GHz
stepping	: 9
microcode	: 0x15
cpu MHz		: 1200.000
cache size	: 3072 KB
physical id	: 0
siblings	: 4
core id		: 0
cpu cores	: 2
apicid		: 0
initial apicid	: 0
fpu		: yes
fpu_exception	: yes
cpuid level	: 13
wp		: yes
flags		: fpu vme de pse tsc msr pae mce cx8 apic sep mtrr pge mca cmov pat pse36 clflush dts acpi mmx fxsr sse sse2 ss ht tm pbe syscall nx rdtscp lm constant_tsc arch_perfmon pebs bts rep_good nopl xtopology nonstop_tsc aperfmperf eagerfpu pni pclmulqdq dtes64 monitor ds_cpl vmx est tm2 ssse3 cx16 xtpr pdcm pcid sse4_1 sse4_2 x2apic popcnt tsc_deadline_timer aes xsave avx f16c rdrand lahf_lm ida arat epb xsaveopt pln pts dtherm tpr_shadow vnmi flexpriority ept vpid fsgsbase smep erms
bogomips	: 4988.91
clflush size	: 64
cache_alignment	: 64
address sizes	: 36 bits physical, 48 bits virtual
power management:

processor	: 1
vendor_id	: GenuineIntel
cpu family	: 6
model		: 58
model name	: Intel(R) Core(TM) i5-3210M CPU @ 2.50GHz
stepping	: 9
microcode	: 0x15
cpu MHz		: 2501.000
cache size	: 3072 KB
physical id	: 0
siblings	: 4
core id		: 0
cpu cores	: 2
apicid		: 1
initial apicid	: 1
fpu		: yes
fpu_exception	: yes
cpuid level	: 13
wp		: yes
flags		: fpu vme de pse tsc msr pae mce cx8 apic sep mtrr pge mca cmov pat pse36 clflush dts acpi mmx fxsr sse sse2 ss ht tm pbe syscall nx rdtscp lm constant_tsc arch_perfmon pebs bts rep_good nopl xtopology nonstop_tsc aperfmperf eagerfpu pni pclmulqdq dtes64 monitor ds_cpl vmx est tm2 ssse3 cx16 xtpr pdcm pcid sse4_1 sse4_2 x2apic popcnt tsc_deadline_timer aes xsave avx f16c rdrand lahf_lm ida arat epb xsaveopt pln pts dtherm tpr_shadow vnmi flexpriority ept vpid fsgsbase smep erms
bogomips	: 4988.91
clflush size	: 64
cache_alignment	: 64
address sizes	: 36 bits physical, 48 bits virtual
power management:

processor	: 2
vendor_id	: GenuineIntel
cpu family	: 6
model		: 58
model name	: Intel(R) Core(TM) i5-3210M CPU @ 2.50GHz
stepping	: 9
microcode	: 0x15
cpu MHz		: 2501.000
cache size	: 3072 KB
physical id	: 0
siblings	: 4
core id		: 1
cpu cores	: 2
apicid		: 2
initial apicid	: 2
fpu		: yes
fpu_exception	: yes
cpuid level	: 13
wp		: yes
flags		: fpu vme de pse tsc msr pae mce cx8 apic sep mtrr pge mca cmov pat pse36 clflush dts acpi mmx fxsr sse sse2 ss ht tm pbe syscall nx rdtscp lm constant_tsc arch_perfmon pebs bts rep_good nopl xtopology nonstop_tsc aperfmperf eagerfpu pni pclmulqdq dtes64 monitor ds_cpl vmx est tm2 ssse3 cx16 xtpr pdcm pcid sse4_1 sse4_2 x2apic popcnt tsc_deadline_timer aes xsave avx f16c rdrand lahf_lm ida arat epb xsaveopt pln pts dtherm tpr_shadow vnmi flexpriority ept vpid fsgsbase smep erms
bogomips	: 4988.91
clflush size	: 64
cache_alignment	: 64
address sizes	: 36 bits physical, 48 bits virtual
power management:

processor	: 3
vendor_id	: GenuineIntel
cpu family	: 6
model		: 58
model name	: Intel(R) Core(TM) i5-3210M CPU @ 2.50GHz
stepping	: 9
microcode	: 0x15
cpu MHz		: 1200.000
cache size	: 3072 KB
physical id	: 0
siblings	: 4
core id		: 1
cpu cores	: 2
apicid		: 3
initial apicid	: 3
fpu		: yes
fpu_exception	: yes
cpuid level	: 13
wp		: yes
flags		: fpu vme de pse tsc msr pae mce cx8 apic sep mtrr pge mca cmov pat pse36 clflush dts acpi mmx fxsr sse sse2 ss ht tm pbe syscall nx rdtscp lm constant_tsc arch_perfmon pebs bts rep_good nopl xtopology nonstop_tsc aperfmperf eagerfpu pni pclmulqdq dtes64 monitor ds_cpl vmx est tm2 ssse3 cx16 xtpr pdcm pcid sse4_1 sse4_2 x2apic popcnt tsc_deadline_timer aes xsave avx f16c rdrand lahf_lm ida arat epb xsaveopt pln pts dtherm tpr_shadow vnmi flexpriority ept vpid fsgsbase smep erms
bogomips	: 4988.91
clflush size	: 64
cache_alignment	: 64
address sizes	: 36 bits physical, 48 bits virtual
power management:



Memory: 4k page, physical 7953504k(796084k free), swap 7812092k(7812092k free)

vm_info: Java HotSpot(TM) 64-Bit Server VM (24.45-b08) for linux-amd64 JRE (1.7.0_45-b18), built on Oct  8 2013 05:44:25 by "java_re" with gcc 4.3.0 20080428 (Red Hat 4.3.0-8)

time: Wed Nov  6 00:37:17 2013
elapsed time: 2 seconds

