#
# A fatal error has been detected by the Java Runtime Environment:
#
#  SIGSEGV (0xb) at pc=0x00007fb33f56ca4c, pid=8061, tid=140407269320448
#
# JRE version: Java(TM) SE Runtime Environment (7.0_45-b18) (build 1.7.0_45-b18)
# Java VM: Java HotSpot(TM) 64-Bit Server VM (24.45-b08 mixed mode linux-amd64 compressed oops)
# Problematic frame:
# C  [fxplugins.so+0xea4c]  cache_has_enough_data+0x0
#
# Failed to write core dump. Core dumps have been disabled. To enable core dumping, try "ulimit -c unlimited" before starting Java again
#
# If you would like to submit a bug report, please visit:
#   http://bugreport.sun.com/bugreport/crash.jsp
#

---------------  T H R E A D  ---------------

Current thread is native thread

siginfo:si_signo=SIGSEGV: si_errno=0, si_code=1 (SEGV_MAPERR), si_addr=0x0000000000000018

Registers:
RAX=0x0000000000000000, RBX=0x00007fb338078020, RCX=0x00007fb33802a180, RDX=0x0000000000000001
RSP=0x00007fb31d695dc8, RBP=0x00007fb3401ae800, RSI=0x0000000000000003, RDI=0x0000000000000000
R8 =0x00007fb338087a80, R9 =0x0000000000001fab, R10=0x0000000000000001, R11=0x0000000000000000
R12=0x0000000000000000, R13=0x00007fb31d695de8, R14=0x00007fb31fffeac0, R15=0x00007fb3401ae8b0
RIP=0x00007fb33f56ca4c, EFLAGS=0x0000000000010246, CSGSFS=0x0000000000000033, ERR=0x0000000000000004
  TRAPNO=0x000000000000000e

Top of Stack: (sp=0x00007fb31d695dc8)
0x00007fb31d695dc8:   00007fb33f56b5e8 00007fb330003a80
0x00007fb31d695dd8:   00007fb338078020 00007fb318002440
0x00007fb31d695de8:   00007fb34ec91b35 00007fb3401ae860
0x00007fb31d695df8:   00007fb3401ae800 00007fb330003a80
0x00007fb31d695e08:   00007fb318002440 00007fb31fffeac0
0x00007fb31d695e18:   00007fb33fb34240 0000000000000001
0x00007fb31d695e28:   00007fb3380148a0 00007fb318002db0
0x00007fb31d695e38:   0000000000000001 0000000000000000
0x00007fb31d695e48:   00007fb31fffeac0 0000000000001000
0x00007fb31d695e58:   00007fb34ece2aa6 0000000000000000
0x00007fb31d695e68:   00007fb330003a80 0000000000000000
0x00007fb31d695e78:   0000000000000000 00007fb3a6a55060
0x00007fb31d695e88:   00007fb31fffeac0 0000000000001000
0x00007fb31d695e98:   00007fb34ece20e5 0000000000000000
0x00007fb31d695ea8:   00007fb3a661cf6e 0000000000000000
0x00007fb31d695eb8:   00007fb31d696700 00007fb31d696700
0x00007fb31d695ec8:   6eaf187ff6365d79 0000000000000000
0x00007fb31d695ed8:   00007fb3a6a55060 00007fb31fffeac0
0x00007fb31d695ee8:   0000000000001000 91c922ad4b565d79
0x00007fb31d695ef8:   91c854bc68585d79 0000000000000000
0x00007fb31d695f08:   0000000000000000 0000000000000000
0x00007fb31d695f18:   0000000000000000 0000000000000000
0x00007fb31d695f28:   0000000000000000 0000000000000000
0x00007fb31d695f38:   0000000000000000 0000000000000000
0x00007fb31d695f48:   0000000000000000 0000000000000000
0x00007fb31d695f58:   0000000000000000 0000000000000000
0x00007fb31d695f68:   0000000000000000 0000000000000000
0x00007fb31d695f78:   0000000000000000 0000000000000000
0x00007fb31d695f88:   0000000000000000 0000000000000000
0x00007fb31d695f98:   0000000000000000 0000000000000000
0x00007fb31d695fa8:   0000000000000000 00007fb31d696700
0x00007fb31d695fb8:   00007fb3a5f2c9cd 0000000000000000 

Instructions: (pc=0x00007fb33f56ca4c)
0x00007fb33f56ca2c:   48 8b 05 05 f5 20 00 48 8b bd f8 00 00 00 ff 50
0x00007fb33f56ca3c:   18 48 89 df e8 2b 8c ff ff 31 c0 5a 5b 5d c3 90
0x00007fb33f56ca4c:   48 8b 47 18 48 39 47 10 0f 9c c0 0f b6 c0 c3 55
0x00007fb33f56ca5c:   b8 01 00 00 00 48 89 f5 53 48 89 fb 48 83 ec 08 

Register to memory mapping:

RAX=0x0000000000000000 is an unknown value
RBX=0x00007fb338078020 is an unknown value
RCX=0x00007fb33802a180 is an unknown value
RDX=0x0000000000000001 is an unknown value
RSP=0x00007fb31d695dc8 is an unknown value
RBP=0x00007fb3401ae800 is an unknown value
RSI=0x0000000000000003 is an unknown value
RDI=0x0000000000000000 is an unknown value
R8 =0x00007fb338087a80 is an unknown value
R9 =0x0000000000001fab is an unknown value
R10=0x0000000000000001 is an unknown value
R11=0x0000000000000000 is an unknown value
R12=0x0000000000000000 is an unknown value
R13=0x00007fb31d695de8 is an unknown value
R14=0x00007fb31fffeac0 is pointing into the stack for thread: 0x00007fb318003800
R15=0x00007fb3401ae8b0 is an unknown value


Stack: [0x00007fb31ce96000,0x00007fb31d697000],  sp=0x00007fb31d695dc8,  free space=8191k
Native frames: (J=compiled Java code, j=interpreted, Vv=VM code, C=native code)
C  [fxplugins.so+0xea4c]  cache_has_enough_data+0x0


---------------  P R O C E S S  ---------------

VM state:not at safepoint (normal execution)

VM Mutex/Monitor currently owned by a thread: None

Heap
 PSYoungGen      total 36352K, used 14015K [0x00000000d7880000, 0x00000000da100000, 0x0000000100000000)
  eden space 31232K, 28% used [0x00000000d7880000,0x00000000d81342c8,0x00000000d9700000)
  from space 5120K, 99% used [0x00000000d9700000,0x00000000d9bfb9b0,0x00000000d9c00000)
  to   space 5120K, 0% used [0x00000000d9c00000,0x00000000d9c00000,0x00000000da100000)
 ParOldGen       total 82432K, used 1277K [0x0000000086a00000, 0x000000008ba80000, 0x00000000d7880000)
  object space 82432K, 1% used [0x0000000086a00000,0x0000000086b3f7a8,0x000000008ba80000)
 PSPermGen       total 21504K, used 16621K [0x0000000081800000, 0x0000000082d00000, 0x0000000086a00000)
  object space 21504K, 77% used [0x0000000081800000,0x000000008283b620,0x0000000082d00000)

Card table byte_map: [0x00007fb39c7e3000,0x00007fb39cbd8000] byte_map_base: 0x00007fb39c3d7000

Polling page: 0x00007fb3a6a51000

Code Cache  [0x00007fb39cbd8000, 0x00007fb39ce48000, 0x00007fb39fbd8000)
 total_blobs=734 nmethods=164 adapters=523 free_code_cache=48192Kb largest_free_block=49308672

Compilation events (10 events):
Event: 4,163 Thread 0x00007fb3a0158800  163             java.util.concurrent.locks.AbstractOwnableSynchronizer::setExclusiveOwnerThread (6 bytes)
Event: 4,164 Thread 0x00007fb3a0158800 nmethod 163 0x00007fb39ccc9d50 code [0x00007fb39ccc9e80, 0x00007fb39ccc9ef8]
Event: 4,183 Thread 0x00007fb3a015b800  164             java.util.concurrent.locks.AbstractQueuedSynchronizer::getState (5 bytes)
Event: 4,183 Thread 0x00007fb3a015b800 nmethod 164 0x00007fb39ccc9b50 code [0x00007fb39ccc9c80, 0x00007fb39ccc9cd8]
Event: 4,184 Thread 0x00007fb3a0158800  165             java.nio.Buffer::remaining (10 bytes)
Event: 4,185 Thread 0x00007fb3a0158800 nmethod 165 0x00007fb39ccc9950 code [0x00007fb39ccc9a80, 0x00007fb39ccc9ad8]
Event: 4,186 Thread 0x00007fb3a015b800  166             java.nio.Buffer::position (5 bytes)
Event: 4,186 Thread 0x00007fb3a015b800 nmethod 166 0x00007fb39ccd1a10 code [0x00007fb39ccd1b40, 0x00007fb39ccd1b98]
Event: 4,218 Thread 0x00007fb3a0158800  167             java.nio.Buffer::position (43 bytes)
Event: 4,220 Thread 0x00007fb3a0158800 nmethod 167 0x00007fb39cc4c690 code [0x00007fb39cc4c7c0, 0x00007fb39cc4c838]

GC Heap History (2 events):
Event: 3,100 GC heap before
{Heap before GC invocations=1 (full 0):
 PSYoungGen      total 36352K, used 30996K [0x00000000d7880000, 0x00000000da100000, 0x0000000100000000)
  eden space 31232K, 99% used [0x00000000d7880000,0x00000000d96c5188,0x00000000d9700000)
  from space 5120K, 0% used [0x00000000d9c00000,0x00000000d9c00000,0x00000000da100000)
  to   space 5120K, 0% used [0x00000000d9700000,0x00000000d9700000,0x00000000d9c00000)
 ParOldGen       total 82432K, used 0K [0x0000000086a00000, 0x000000008ba80000, 0x00000000d7880000)
  object space 82432K, 0% used [0x0000000086a00000,0x0000000086a00000,0x000000008ba80000)
 PSPermGen       total 21504K, used 15625K [0x0000000081800000, 0x0000000082d00000, 0x0000000086a00000)
  object space 21504K, 72% used [0x0000000081800000,0x0000000082742460,0x0000000082d00000)
Event: 3,112 GC heap after
Heap after GC invocations=1 (full 0):
 PSYoungGen      total 36352K, used 5102K [0x00000000d7880000, 0x00000000da100000, 0x0000000100000000)
  eden space 31232K, 0% used [0x00000000d7880000,0x00000000d7880000,0x00000000d9700000)
  from space 5120K, 99% used [0x00000000d9700000,0x00000000d9bfb9b0,0x00000000d9c00000)
  to   space 5120K, 0% used [0x00000000d9c00000,0x00000000d9c00000,0x00000000da100000)
 ParOldGen       total 82432K, used 1277K [0x0000000086a00000, 0x000000008ba80000, 0x00000000d7880000)
  object space 82432K, 1% used [0x0000000086a00000,0x0000000086b3f7a8,0x000000008ba80000)
 PSPermGen       total 21504K, used 15625K [0x0000000081800000, 0x0000000082d00000, 0x0000000086a00000)
  object space 21504K, 72% used [0x0000000081800000,0x0000000082742460,0x0000000082d00000)
}

Deoptimization events (10 events):
Event: 2,760 Thread 0x00007fb358096000 Uncommon trap: reason=class_check action=maybe_recompile pc=0x00007fb39cc4abe0 method=java.lang.String.equals(Ljava/lang/Object;)Z @ 8
Event: 2,760 Thread 0x00007fb358096000 Uncommon trap: reason=class_check action=maybe_recompile pc=0x00007fb39cc4abe0 method=java.lang.String.equals(Ljava/lang/Object;)Z @ 8
Event: 3,041 Thread 0x00007fb35803c000 Uncommon trap: reason=bimorphic action=maybe_recompile pc=0x00007fb39cc8c6e4 method=java.util.Collections$UnmodifiableCollection.size()I @ 4
Event: 3,041 Thread 0x00007fb35803c000 Uncommon trap: reason=bimorphic action=maybe_recompile pc=0x00007fb39cc8c6e4 method=java.util.Collections$UnmodifiableCollection.size()I @ 4
Event: 3,041 Thread 0x00007fb35803c000 Uncommon trap: reason=bimorphic action=maybe_recompile pc=0x00007fb39cc9c544 method=java.util.Collections$UnmodifiableList.get(I)Ljava/lang/Object; @ 5
Event: 3,041 Thread 0x00007fb35803c000 Uncommon trap: reason=bimorphic action=maybe_recompile pc=0x00007fb39cc9c544 method=java.util.Collections$UnmodifiableList.get(I)Ljava/lang/Object; @ 5
Event: 3,041 Thread 0x00007fb35803c000 Uncommon trap: reason=bimorphic action=maybe_recompile pc=0x00007fb39cc8c6e4 method=java.util.Collections$UnmodifiableCollection.size()I @ 4
Event: 3,041 Thread 0x00007fb35803c000 Uncommon trap: reason=bimorphic action=maybe_recompile pc=0x00007fb39cc9c544 method=java.util.Collections$UnmodifiableList.get(I)Ljava/lang/Object; @ 5
Event: 3,424 Thread 0x00007fb35803c000 Uncommon trap: reason=class_check action=maybe_recompile pc=0x00007fb39cc3bcfc method=java.util.Properties$LineReader.readLine()I @ 62
Event: 3,424 Thread 0x00007fb35803c000 Uncommon trap: reason=class_check action=maybe_recompile pc=0x00007fb39cc3bcfc method=java.util.Properties$LineReader.readLine()I @ 62

Internal exceptions (10 events):
Event: 2,166 Thread 0x00007fb358096000 Threw 0x00000000d8eb0a60 at /HUDSON/workspace/7u-2-build-linux-amd64/jdk7u45/229/hotspot/src/share/vm/interpreter/interpreterRuntime.cpp:347
Event: 2,206 Thread 0x00007fb358096000 Threw 0x00000000d8efabe8 at /HUDSON/workspace/7u-2-build-linux-amd64/jdk7u45/229/hotspot/src/share/vm/prims/jni.cpp:717
Event: 2,214 Thread 0x00007fb340156800 Threw 0x00000000d9027be8 at /HUDSON/workspace/7u-2-build-linux-amd64/jdk7u45/229/hotspot/src/share/vm/prims/nativeLookup.cpp:378
Event: 2,438 Thread 0x00007fb340156800 Threw 0x00000000d903bd00 at /HUDSON/workspace/7u-2-build-linux-amd64/jdk7u45/229/hotspot/src/share/vm/prims/jvm.cpp:1244
Event: 2,470 Thread 0x00007fb340156800 Threw 0x00000000d9048290 at /HUDSON/workspace/7u-2-build-linux-amd64/jdk7u45/229/hotspot/src/share/vm/prims/jvm.cpp:1244
Event: 2,470 Thread 0x00007fb340156800 Threw 0x00000000d9049128 at /HUDSON/workspace/7u-2-build-linux-amd64/jdk7u45/229/hotspot/src/share/vm/prims/jvm.cpp:1244
Event: 2,755 Thread 0x00007fb358096000 Implicit null exception at 0x00007fb39cc9d1b5 to 0x00007fb39cc9d2c1
Event: 3,042 Thread 0x00007fb35803c000 Threw 0x00000000d7f09200 at /HUDSON/workspace/7u-2-build-linux-amd64/jdk7u45/229/hotspot/src/share/vm/prims/jni.cpp:717
Event: 3,042 Thread 0x00007fb35803c000 Threw 0x00000000d7f09a88 at /HUDSON/workspace/7u-2-build-linux-amd64/jdk7u45/229/hotspot/src/share/vm/prims/jni.cpp:717
Event: 3,087 Thread 0x00007fb35803c000 Threw 0x00000000d9620428 at /HUDSON/workspace/7u-2-build-linux-amd64/jdk7u45/229/hotspot/src/share/vm/prims/jvm.cpp:1244

Events (10 events):
Event: 4,249 loading class 0x00007fb34010e9e0 done
Event: 4,249 loading class 0x00007fb34002e1a0
Event: 4,249 loading class 0x00007fb34002e1a0 done
Event: 4,250 loading class 0x00007fb338070870
Event: 4,250 loading class 0x00007fb338070870 done
Event: 4,250 loading class 0x00007fb3401a8350
Event: 4,250 loading class 0x00007fb3401a8350 done
Event: 4,250 loading class 0x00007fb35802aa50
Event: 4,250 loading class 0x00007fb35802aa50 done
Event: 4,251 Thread 0x00007fb340156800 Thread exited: 0x00007fb340156800


Dynamic libraries:
00400000-00401000 r-xp 00000000 08:05 2231882                            /usr/local/jdk1.7.0_45/jre/bin/java
00600000-00601000 rw-p 00000000 08:05 2231882                            /usr/local/jdk1.7.0_45/jre/bin/java
00b04000-00b25000 rw-p 00000000 00:00 0                                  [heap]
81800000-82d00000 rw-p 00000000 00:00 0 
82d00000-86a00000 rw-p 00000000 00:00 0 
86a00000-8ba80000 rw-p 00000000 00:00 0 
8ba80000-d7880000 rw-p 00000000 00:00 0 
d7880000-da100000 rw-p 00000000 00:00 0 
da100000-100000000 rw-p 00000000 00:00 0 
7fb304000000-7fb304022000 rw-p 00000000 00:00 0 
7fb304022000-7fb308000000 ---p 00000000 00:00 0 
7fb30c000000-7fb30c021000 rw-p 00000000 00:00 0 
7fb30c021000-7fb310000000 ---p 00000000 00:00 0 
7fb313fff000-7fb318000000 rw-s 00000000 00:13 45046                      /run/shm/pulse-shm-2598602908
7fb318000000-7fb318058000 rw-p 00000000 00:00 0 
7fb318058000-7fb31c000000 ---p 00000000 00:00 0 
7fb31ce96000-7fb31ce97000 ---p 00000000 00:00 0 
7fb31ce97000-7fb31d697000 rw-p 00000000 00:00 0 
7fb31d697000-7fb31d698000 ---p 00000000 00:00 0 
7fb31d698000-7fb31de98000 rw-p 00000000 00:00 0                          [stack:8106]
7fb31de98000-7fb31de99000 ---p 00000000 00:00 0 
7fb31de99000-7fb31e699000 rw-p 00000000 00:00 0                          [stack:8105]
7fb31e699000-7fb31e69f000 r-xp 00000000 08:05 11800828                   /usr/lib/x86_64-linux-gnu/alsa-lib/libasound_module_pcm_pulse.so
7fb31e69f000-7fb31e89e000 ---p 00006000 08:05 11800828                   /usr/lib/x86_64-linux-gnu/alsa-lib/libasound_module_pcm_pulse.so
7fb31e89e000-7fb31e89f000 r--p 00005000 08:05 11800828                   /usr/lib/x86_64-linux-gnu/alsa-lib/libasound_module_pcm_pulse.so
7fb31e89f000-7fb31e8a0000 rw-p 00006000 08:05 11800828                   /usr/lib/x86_64-linux-gnu/alsa-lib/libasound_module_pcm_pulse.so
7fb31e8a0000-7fb31e8cf000 r-xp 00000000 08:05 11673932                   /usr/lib/x86_64-linux-gnu/libFLAC.so.8.3.0
7fb31e8cf000-7fb31eacf000 ---p 0002f000 08:05 11673932                   /usr/lib/x86_64-linux-gnu/libFLAC.so.8.3.0
7fb31eacf000-7fb31ead0000 r--p 0002f000 08:05 11673932                   /usr/lib/x86_64-linux-gnu/libFLAC.so.8.3.0
7fb31ead0000-7fb31ead1000 rw-p 00030000 08:05 11673932                   /usr/lib/x86_64-linux-gnu/libFLAC.so.8.3.0
7fb31ead1000-7fb31ead6000 r-xp 00000000 08:05 11674103                   /usr/lib/x86_64-linux-gnu/libasyncns.so.0.3.1
7fb31ead6000-7fb31ecd5000 ---p 00005000 08:05 11674103                   /usr/lib/x86_64-linux-gnu/libasyncns.so.0.3.1
7fb31ecd5000-7fb31ecd6000 r--p 00004000 08:05 11674103                   /usr/lib/x86_64-linux-gnu/libasyncns.so.0.3.1
7fb31ecd6000-7fb31ecd7000 rw-p 00005000 08:05 11674103                   /usr/lib/x86_64-linux-gnu/libasyncns.so.0.3.1
7fb31ecd7000-7fb31ed38000 r-xp 00000000 08:05 11674692                   /usr/lib/x86_64-linux-gnu/libsndfile.so.1.0.25
7fb31ed38000-7fb31ef38000 ---p 00061000 08:05 11674692                   /usr/lib/x86_64-linux-gnu/libsndfile.so.1.0.25
7fb31ef38000-7fb31ef3a000 r--p 00061000 08:05 11674692                   /usr/lib/x86_64-linux-gnu/libsndfile.so.1.0.25
7fb31ef3a000-7fb31ef3b000 rw-p 00063000 08:05 11674692                   /usr/lib/x86_64-linux-gnu/libsndfile.so.1.0.25
7fb31ef3b000-7fb31ef3f000 rw-p 00000000 00:00 0 
7fb31ef3f000-7fb31ef47000 r-xp 00000000 08:05 3149768                    /lib/x86_64-linux-gnu/libwrap.so.0.7.6
7fb31ef47000-7fb31f147000 ---p 00008000 08:05 3149768                    /lib/x86_64-linux-gnu/libwrap.so.0.7.6
7fb31f147000-7fb31f148000 r--p 00008000 08:05 3149768                    /lib/x86_64-linux-gnu/libwrap.so.0.7.6
7fb31f148000-7fb31f149000 rw-p 00009000 08:05 3149768                    /lib/x86_64-linux-gnu/libwrap.so.0.7.6
7fb31f149000-7fb31f18d000 r-xp 00000000 08:05 3149627                    /lib/x86_64-linux-gnu/libdbus-1.so.3.7.4
7fb31f18d000-7fb31f38c000 ---p 00044000 08:05 3149627                    /lib/x86_64-linux-gnu/libdbus-1.so.3.7.4
7fb31f38c000-7fb31f38d000 r--p 00043000 08:05 3149627                    /lib/x86_64-linux-gnu/libdbus-1.so.3.7.4
7fb31f38d000-7fb31f38e000 rw-p 00044000 08:05 3149627                    /lib/x86_64-linux-gnu/libdbus-1.so.3.7.4
7fb31f38e000-7fb31f3f4000 r-xp 00000000 08:05 11929411                   /usr/lib/x86_64-linux-gnu/pulseaudio/libpulsecommon-4.0.so
7fb31f3f4000-7fb31f5f3000 ---p 00066000 08:05 11929411                   /usr/lib/x86_64-linux-gnu/pulseaudio/libpulsecommon-4.0.so
7fb31f5f3000-7fb31f5f4000 r--p 00065000 08:05 11929411                   /usr/lib/x86_64-linux-gnu/pulseaudio/libpulsecommon-4.0.so
7fb31f5f4000-7fb31f5f5000 rw-p 00066000 08:05 11929411                   /usr/lib/x86_64-linux-gnu/pulseaudio/libpulsecommon-4.0.so
7fb31f5f5000-7fb31f5fe000 r-xp 00000000 08:05 3149655                    /lib/x86_64-linux-gnu/libjson-c.so.2.0.1
7fb31f5fe000-7fb31f7fd000 ---p 00009000 08:05 3149655                    /lib/x86_64-linux-gnu/libjson-c.so.2.0.1
7fb31f7fd000-7fb31f7fe000 r--p 00008000 08:05 3149655                    /lib/x86_64-linux-gnu/libjson-c.so.2.0.1
7fb31f7fe000-7fb31f7ff000 rw-p 00009000 08:05 3149655                    /lib/x86_64-linux-gnu/libjson-c.so.2.0.1
7fb31f7ff000-7fb31f802000 ---p 00000000 00:00 0 
7fb31f802000-7fb320000000 rw-p 00000000 00:00 0                          [stack:8107]
7fb320000000-7fb320021000 rw-p 00000000 00:00 0 
7fb320021000-7fb324000000 ---p 00000000 00:00 0 
7fb324000000-7fb324021000 rw-p 00000000 00:00 0 
7fb324021000-7fb328000000 ---p 00000000 00:00 0 
7fb328000000-7fb328021000 rw-p 00000000 00:00 0 
7fb328021000-7fb32c000000 ---p 00000000 00:00 0 
7fb32c000000-7fb32c021000 rw-p 00000000 00:00 0 
7fb32c021000-7fb330000000 ---p 00000000 00:00 0 
7fb330000000-7fb330022000 rw-p 00000000 00:00 0 
7fb330022000-7fb334000000 ---p 00000000 00:00 0 
7fb334191000-7fb3341d8000 r-xp 00000000 08:05 11674645                   /usr/lib/x86_64-linux-gnu/libpulse.so.0.16.2
7fb3341d8000-7fb3343d8000 ---p 00047000 08:05 11674645                   /usr/lib/x86_64-linux-gnu/libpulse.so.0.16.2
7fb3343d8000-7fb3343d9000 r--p 00047000 08:05 11674645                   /usr/lib/x86_64-linux-gnu/libpulse.so.0.16.2
7fb3343d9000-7fb3343da000 rw-p 00048000 08:05 11674645                   /usr/lib/x86_64-linux-gnu/libpulse.so.0.16.2
7fb3343f3000-7fb3343fa000 r--s 00000000 08:05 11929031                   /usr/lib/x86_64-linux-gnu/gconv/gconv-modules.cache
7fb3345fc000-7fb334606000 r--s 00000000 08:05 264877                     /usr/share/fonts/X11/Type1/c0582bt_.pfb
7fb334606000-7fb33460f000 r--s 00000000 08:05 264885                     /usr/share/fonts/X11/Type1/c0633bt_.pfb
7fb33460f000-7fb334618000 r--s 00000000 08:05 264889                     /usr/share/fonts/X11/Type1/c0649bt_.pfb
7fb334618000-7fb334621000 r--s 00000000 08:05 264887                     /usr/share/fonts/X11/Type1/c0648bt_.pfb
7fb334621000-7fb33462b000 r--s 00000000 08:05 264881                     /usr/share/fonts/X11/Type1/c0611bt_.pfb
7fb33462b000-7fb334634000 r--s 00000000 08:05 264883                     /usr/share/fonts/X11/Type1/c0632bt_.pfb
7fb334634000-7fb33463e000 r--s 00000000 08:05 265686                     /usr/share/fonts/type1/mathml/Symbol.pfb
7fb33463e000-7fb334654000 r--s 00000000 08:05 265665                     /usr/share/fonts/type1/gsfonts/n022024l.pfb
7fb334654000-7fb33466c000 r--s 00000000 08:05 265656                     /usr/share/fonts/type1/gsfonts/n022003l.pfb
7fb33466c000-7fb33467d000 r--s 00000000 08:05 265629                     /usr/share/fonts/type1/gsfonts/n019024l.pfb
7fb33467d000-7fb334696000 r--s 00000000 08:05 265647                     /usr/share/fonts/type1/gsfonts/n021004l.pfb
7fb334696000-7fb3346a8000 r--s 00000000 08:05 265623                     /usr/share/fonts/type1/gsfonts/n019004l.pfb
7fb3346a8000-7fb3346b8000 r-xp 00000000 08:05 2231712                    /usr/local/jdk1.7.0_45/jre/lib/amd64/libnio.so
7fb3346b8000-7fb3348b8000 ---p 00010000 08:05 2231712                    /usr/local/jdk1.7.0_45/jre/lib/amd64/libnio.so
7fb3348b8000-7fb3348b9000 rw-p 00010000 08:05 2231712                    /usr/local/jdk1.7.0_45/jre/lib/amd64/libnio.so
7fb3348b9000-7fb334919000 r-xp 00000000 08:05 2231250                    /usr/local/jdk1.7.0_45/jre/lib/amd64/libfontmanager.so
7fb334919000-7fb334b18000 ---p 00060000 08:05 2231250                    /usr/local/jdk1.7.0_45/jre/lib/amd64/libfontmanager.so
7fb334b18000-7fb334b1c000 rw-p 0005f000 08:05 2231250                    /usr/local/jdk1.7.0_45/jre/lib/amd64/libfontmanager.so
7fb334b1c000-7fb334b2d000 rw-p 00000000 00:00 0 
7fb334b2d000-7fb334b30000 ---p 00000000 00:00 0 
7fb334b30000-7fb334c2e000 rw-p 00000000 00:00 0                          [stack:8103]
7fb334c2e000-7fb334c31000 ---p 00000000 00:00 0 
7fb334c31000-7fb334d2f000 rw-p 00000000 00:00 0                          [stack:8094]
7fb334d2f000-7fb334d7f000 r-xp 00000000 08:05 2231319                    /usr/local/jdk1.7.0_45/jre/lib/amd64/xawt/libmawt.so
7fb334d7f000-7fb334f7f000 ---p 00050000 08:05 2231319                    /usr/local/jdk1.7.0_45/jre/lib/amd64/xawt/libmawt.so
7fb334f7f000-7fb334f83000 rw-p 00050000 08:05 2231319                    /usr/local/jdk1.7.0_45/jre/lib/amd64/xawt/libmawt.so
7fb334f83000-7fb334f84000 rw-p 00000000 00:00 0 
7fb334f84000-7fb335026000 r-xp 00000000 08:05 2231715                    /usr/local/jdk1.7.0_45/jre/lib/amd64/libawt.so
7fb335026000-7fb335226000 ---p 000a2000 08:05 2231715                    /usr/local/jdk1.7.0_45/jre/lib/amd64/libawt.so
7fb335226000-7fb335232000 rw-p 000a2000 08:05 2231715                    /usr/local/jdk1.7.0_45/jre/lib/amd64/libawt.so
7fb335232000-7fb335256000 rw-p 00000000 00:00 0 
7fb335256000-7fb335259000 ---p 00000000 00:00 0 
7fb335259000-7fb335357000 rw-p 00000000 00:00 0                          [stack:8093]
7fb335357000-7fb33535a000 ---p 00000000 00:00 0 
7fb33535a000-7fb335b58000 rw-p 00000000 00:00 0                          [stack:8092]
7fb335b58000-7fb335b59000 ---p 00000000 00:00 0 
7fb335b59000-7fb336359000 rw-p 00000000 00:00 0                          [stack:8091]
7fb336359000-7fb33635a000 ---p 00000000 00:00 0 
7fb33635a000-7fb336b5a000 rw-p 00000000 00:00 0                          [stack:8090]
7fb336b5a000-7fb336b5e000 r-xp 00000000 08:05 3149646                    /lib/x86_64-linux-gnu/libgpg-error.so.0.10.0
7fb336b5e000-7fb336d5d000 ---p 00004000 08:05 3149646                    /lib/x86_64-linux-gnu/libgpg-error.so.0.10.0
7fb336d5d000-7fb336d5e000 r--p 00003000 08:05 3149646                    /lib/x86_64-linux-gnu/libgpg-error.so.0.10.0
7fb336d5e000-7fb336d5f000 rw-p 00004000 08:05 3149646                    /lib/x86_64-linux-gnu/libgpg-error.so.0.10.0
7fb336d5f000-7fb336d7d000 r-xp 00000000 08:05 11674589                   /usr/lib/x86_64-linux-gnu/libp11-kit.so.0.0.0
7fb336d7d000-7fb336f7c000 ---p 0001e000 08:05 11674589                   /usr/lib/x86_64-linux-gnu/libp11-kit.so.0.0.0
7fb336f7c000-7fb336f7e000 r--p 0001d000 08:05 11674589                   /usr/lib/x86_64-linux-gnu/libp11-kit.so.0.0.0
7fb336f7e000-7fb336f7f000 rw-p 0001f000 08:05 11674589                   /usr/lib/x86_64-linux-gnu/libp11-kit.so.0.0.0
7fb336f7f000-7fb336f8f000 r-xp 00000000 08:05 11674722                   /usr/lib/x86_64-linux-gnu/libtasn1.so.3.2.0
7fb336f8f000-7fb33718e000 ---p 00010000 08:05 11674722                   /usr/lib/x86_64-linux-gnu/libtasn1.so.3.2.0
7fb33718e000-7fb33718f000 r--p 0000f000 08:05 11674722                   /usr/lib/x86_64-linux-gnu/libtasn1.so.3.2.0
7fb33718f000-7fb337190000 rw-p 00010000 08:05 11674722                   /usr/lib/x86_64-linux-gnu/libtasn1.so.3.2.0
7fb337190000-7fb33720a000 r-xp 00000000 08:05 3149642                    /lib/x86_64-linux-gnu/libgcrypt.so.11.7.0
7fb33720a000-7fb33740a000 ---p 0007a000 08:05 3149642                    /lib/x86_64-linux-gnu/libgcrypt.so.11.7.0
7fb33740a000-7fb33740b000 r--p 0007a000 08:05 3149642                    /lib/x86_64-linux-gnu/libgcrypt.so.11.7.0
7fb33740b000-7fb33740e000 rw-p 0007b000 08:05 3149642                    /lib/x86_64-linux-gnu/libgcrypt.so.11.7.0
7fb33740e000-7fb33741d000 r-xp 00000000 08:05 3149614                    /lib/x86_64-linux-gnu/libbz2.so.1.0.4
7fb33741d000-7fb33761c000 ---p 0000f000 08:05 3149614                    /lib/x86_64-linux-gnu/libbz2.so.1.0.4
7fb33761c000-7fb33761d000 r--p 0000e000 08:05 3149614                    /lib/x86_64-linux-gnu/libbz2.so.1.0.4
7fb33761d000-7fb33761e000 rw-p 0000f000 08:05 3149614                    /lib/x86_64-linux-gnu/libbz2.so.1.0.4
7fb33761e000-7fb3376d4000 r-xp 00000000 08:05 11674325                   /usr/lib/x86_64-linux-gnu/libgnutls.so.26.22.6
7fb3376d4000-7fb3378d4000 ---p 000b6000 08:05 11674325                   /usr/lib/x86_64-linux-gnu/libgnutls.so.26.22.6
7fb3378d4000-7fb3378da000 r--p 000b6000 08:05 11674325                   /usr/lib/x86_64-linux-gnu/libgnutls.so.26.22.6
7fb3378da000-7fb3378db000 rw-p 000bc000 08:05 11674325                   /usr/lib/x86_64-linux-gnu/libgnutls.so.26.22.6
7fb3378db000-7fb3378dc000 rw-p 00000000 00:00 0 
7fb3378dc000-7fb3379d2000 r-xp 00000000 08:05 11675185                   /usr/lib/x86_64-linux-gnu/libavformat.so.53.21.1
7fb3379d2000-7fb337bd2000 ---p 000f6000 08:05 11675185                   /usr/lib/x86_64-linux-gnu/libavformat.so.53.21.1
7fb337bd2000-7fb337bd8000 r--p 000f6000 08:05 11675185                   /usr/lib/x86_64-linux-gnu/libavformat.so.53.21.1
7fb337bd8000-7fb337be5000 rw-p 000fc000 08:05 11675185                   /usr/lib/x86_64-linux-gnu/libavformat.so.53.21.1
7fb337be5000-7fb337bee000 r-xp 00000000 08:05 2231172                    /usr/local/jdk1.7.0_45/jre/lib/amd64/fxavcodecplugin-53.so
7fb337bee000-7fb337ded000 ---p 00009000 08:05 2231172                    /usr/local/jdk1.7.0_45/jre/lib/amd64/fxavcodecplugin-53.so
7fb337ded000-7fb337dee000 r--p 00008000 08:05 2231172                    /usr/local/jdk1.7.0_45/jre/lib/amd64/fxavcodecplugin-53.so
7fb337dee000-7fb337def000 rw-p 00009000 08:05 2231172                    /usr/local/jdk1.7.0_45/jre/lib/amd64/fxavcodecplugin-53.so
7fb337def000-7fb337dff000 r-xp 00000000 08:05 3149554                    /lib/x86_64-linux-gnu/libudev.so.1.3.5
7fb337dff000-7fb337ffe000 ---p 00010000 08:05 3149554                    /lib/x86_64-linux-gnu/libudev.so.1.3.5
7fb337ffe000-7fb337fff000 r--p 0000f000 08:05 3149554                    /lib/x86_64-linux-gnu/libudev.so.1.3.5
7fb337fff000-7fb338000000 rw-p 00010000 08:05 3149554                    /lib/x86_64-linux-gnu/libudev.so.1.3.5
7fb338000000-7fb3380a8000 rw-p 00000000 00:00 0 
7fb3380a8000-7fb33c000000 ---p 00000000 00:00 0 
7fb33c006000-7fb33c010000 r--s 00000000 08:05 264879                     /usr/share/fonts/X11/Type1/c0583bt_.pfb
7fb33c010000-7fb33c029000 r--s 00000000 08:05 265659                     /usr/share/fonts/type1/gsfonts/n022004l.pfb
7fb33c029000-7fb33c042000 r--s 00000000 08:05 265644                     /usr/share/fonts/type1/gsfonts/n021003l.pfb
7fb33c042000-7fb33c058000 r--s 00000000 08:05 265653                     /usr/share/fonts/type1/gsfonts/n021024l.pfb
7fb33c058000-7fb33c06e000 r--s 00000000 08:05 265662                     /usr/share/fonts/type1/gsfonts/n022023l.pfb
7fb33c06e000-7fb33c0a2000 r-xp 00000000 08:05 11802914                   /usr/lib/x86_64-linux-gnu/gvfs/libgvfscommon.so
7fb33c0a2000-7fb33c2a2000 ---p 00034000 08:05 11802914                   /usr/lib/x86_64-linux-gnu/gvfs/libgvfscommon.so
7fb33c2a2000-7fb33c2a7000 r--p 00034000 08:05 11802914                   /usr/lib/x86_64-linux-gnu/gvfs/libgvfscommon.so
7fb33c2a7000-7fb33c2a8000 rw-p 00039000 08:05 11802914                   /usr/lib/x86_64-linux-gnu/gvfs/libgvfscommon.so
7fb33c2a8000-7fb33c2d7000 r-xp 00000000 08:05 11933778                   /usr/lib/x86_64-linux-gnu/gio/modules/libgvfsdbus.so
7fb33c2d7000-7fb33c4d7000 ---p 0002f000 08:05 11933778                   /usr/lib/x86_64-linux-gnu/gio/modules/libgvfsdbus.so
7fb33c4d7000-7fb33c4d8000 r--p 0002f000 08:05 11933778                   /usr/lib/x86_64-linux-gnu/gio/modules/libgvfsdbus.so
7fb33c4d8000-7fb33c4d9000 rw-p 00030000 08:05 11933778                   /usr/lib/x86_64-linux-gnu/gio/modules/libgvfsdbus.so
7fb33c4d9000-7fb33c4da000 rw-p 00000000 00:00 0 
7fb33c4da000-7fb33c554000 r-xp 00000000 08:05 11674585                   /usr/lib/x86_64-linux-gnu/liborc-0.4.so.0.17.0
7fb33c554000-7fb33c753000 ---p 0007a000 08:05 11674585                   /usr/lib/x86_64-linux-gnu/liborc-0.4.so.0.17.0
7fb33c753000-7fb33c755000 r--p 00079000 08:05 11674585                   /usr/lib/x86_64-linux-gnu/liborc-0.4.so.0.17.0
7fb33c755000-7fb33c759000 rw-p 0007b000 08:05 11674585                   /usr/lib/x86_64-linux-gnu/liborc-0.4.so.0.17.0
7fb33c759000-7fb33c760000 r-xp 00000000 08:05 11674577                   /usr/lib/x86_64-linux-gnu/libogg.so.0.8.1
7fb33c760000-7fb33c960000 ---p 00007000 08:05 11674577                   /usr/lib/x86_64-linux-gnu/libogg.so.0.8.1
7fb33c960000-7fb33c961000 r--p 00007000 08:05 11674577                   /usr/lib/x86_64-linux-gnu/libogg.so.0.8.1
7fb33c961000-7fb33c962000 rw-p 00008000 08:05 11674577                   /usr/lib/x86_64-linux-gnu/libogg.so.0.8.1
7fb33c962000-7fb33c972000 r-xp 00000000 08:05 11675181                   /usr/lib/x86_64-linux-gnu/libva.so.1.3300.0
7fb33c972000-7fb33cb71000 ---p 00010000 08:05 11675181                   /usr/lib/x86_64-linux-gnu/libva.so.1.3300.0
7fb33cb71000-7fb33cb72000 r--p 0000f000 08:05 11675181                   /usr/lib/x86_64-linux-gnu/libva.so.1.3300.0
7fb33cb72000-7fb33cb73000 rw-p 00010000 08:05 11675181                   /usr/lib/x86_64-linux-gnu/libva.so.1.3300.0
7fb33cb73000-7fb33cb78000 rw-p 00000000 00:00 0 
7fb33cb78000-7fb33cb85000 r-xp 00000000 08:05 11667280                   /usr/lib/x86_64-linux-gnu/libgsm.so.1.0.12
7fb33cb85000-7fb33cd84000 ---p 0000d000 08:05 11667280                   /usr/lib/x86_64-linux-gnu/libgsm.so.1.0.12
7fb33cd84000-7fb33cd85000 r--p 0000c000 08:05 11667280                   /usr/lib/x86_64-linux-gnu/libgsm.so.1.0.12
7fb33cd85000-7fb33cd86000 rw-p 0000d000 08:05 11667280                   /usr/lib/x86_64-linux-gnu/libgsm.so.1.0.12
7fb33cd86000-7fb33ce51000 r-xp 00000000 08:05 11673558                   /usr/lib/x86_64-linux-gnu/libschroedinger-1.0.so.0.11.0
7fb33ce51000-7fb33d050000 ---p 000cb000 08:05 11673558                   /usr/lib/x86_64-linux-gnu/libschroedinger-1.0.so.0.11.0
7fb33d050000-7fb33d052000 r--p 000ca000 08:05 11673558                   /usr/lib/x86_64-linux-gnu/libschroedinger-1.0.so.0.11.0
7fb33d052000-7fb33d053000 rw-p 000cc000 08:05 11673558                   /usr/lib/x86_64-linux-gnu/libschroedinger-1.0.so.0.11.0
7fb33d053000-7fb33d054000 rw-p 00000000 00:00 0 
7fb33d054000-7fb33d06b000 r-xp 00000000 08:05 11674704                   /usr/lib/x86_64-linux-gnu/libspeex.so.1.5.0
7fb33d06b000-7fb33d26b000 ---p 00017000 08:05 11674704                   /usr/lib/x86_64-linux-gnu/libspeex.so.1.5.0
7fb33d26b000-7fb33d26c000 r--p 00017000 08:05 11674704                   /usr/lib/x86_64-linux-gnu/libspeex.so.1.5.0
7fb33d26c000-7fb33d26d000 rw-p 00018000 08:05 11674704                   /usr/lib/x86_64-linux-gnu/libspeex.so.1.5.0
7fb33d26d000-7fb33d288000 r-xp 00000000 08:05 11674740                   /usr/lib/x86_64-linux-gnu/libtheoradec.so.1.1.4
7fb33d288000-7fb33d487000 ---p 0001b000 08:05 11674740                   /usr/lib/x86_64-linux-gnu/libtheoradec.so.1.1.4
7fb33d487000-7fb33d488000 r--p 0001a000 08:05 11674740                   /usr/lib/x86_64-linux-gnu/libtheoradec.so.1.1.4
7fb33d488000-7fb33d489000 rw-p 0001b000 08:05 11674740                   /usr/lib/x86_64-linux-gnu/libtheoradec.so.1.1.4
7fb33d489000-7fb33d4c8000 r-xp 00000000 08:05 11674742                   /usr/lib/x86_64-linux-gnu/libtheoraenc.so.1.1.2
7fb33d4c8000-7fb33d6c8000 ---p 0003f000 08:05 11674742                   /usr/lib/x86_64-linux-gnu/libtheoraenc.so.1.1.2
7fb33d6c8000-7fb33d6c9000 r--p 0003f000 08:05 11674742                   /usr/lib/x86_64-linux-gnu/libtheoraenc.so.1.1.2
7fb33d6c9000-7fb33d6ca000 rw-p 00040000 08:05 11674742                   /usr/lib/x86_64-linux-gnu/libtheoraenc.so.1.1.2
7fb33d6ca000-7fb33d6f5000 r-xp 00000000 08:05 11674774                   /usr/lib/x86_64-linux-gnu/libvorbis.so.0.4.5
7fb33d6f5000-7fb33d8f5000 ---p 0002b000 08:05 11674774                   /usr/lib/x86_64-linux-gnu/libvorbis.so.0.4.5
7fb33d8f5000-7fb33d8f6000 r--p 0002b000 08:05 11674774                   /usr/lib/x86_64-linux-gnu/libvorbis.so.0.4.5
7fb33d8f6000-7fb33d8f7000 rw-p 0002c000 08:05 11674774                   /usr/lib/x86_64-linux-gnu/libvorbis.so.0.4.5
7fb33d8f7000-7fb33dbaa000 r-xp 00000000 08:05 11674776                   /usr/lib/x86_64-linux-gnu/libvorbisenc.so.2.0.8
7fb33dbaa000-7fb33dda9000 ---p 002b3000 08:05 11674776                   /usr/lib/x86_64-linux-gnu/libvorbisenc.so.2.0.8
7fb33dda9000-7fb33ddc5000 r--p 002b2000 08:05 11674776                   /usr/lib/x86_64-linux-gnu/libvorbisenc.so.2.0.8
7fb33ddc5000-7fb33ddc6000 rw-p 002ce000 08:05 11674776                   /usr/lib/x86_64-linux-gnu/libvorbisenc.so.2.0.8
7fb33ddc6000-7fb33de58000 r-xp 00000000 08:05 11674781                   /usr/lib/x86_64-linux-gnu/libvpx.so.1.2.0
7fb33de58000-7fb33e058000 ---p 00092000 08:05 11674781                   /usr/lib/x86_64-linux-gnu/libvpx.so.1.2.0
7fb33e058000-7fb33e059000 r--p 00092000 08:05 11674781                   /usr/lib/x86_64-linux-gnu/libvpx.so.1.2.0
7fb33e059000-7fb33e05a000 rw-p 00093000 08:05 11674781                   /usr/lib/x86_64-linux-gnu/libvpx.so.1.2.0
7fb33e05a000-7fb33e076000 r-xp 00000000 08:05 11675179                   /usr/lib/x86_64-linux-gnu/libavutil.so.51.22.1
7fb33e076000-7fb33e275000 ---p 0001c000 08:05 11675179                   /usr/lib/x86_64-linux-gnu/libavutil.so.51.22.1
7fb33e275000-7fb33e277000 r--p 0001b000 08:05 11675179                   /usr/lib/x86_64-linux-gnu/libavutil.so.51.22.1
7fb33e277000-7fb33e278000 rw-p 0001d000 08:05 11675179                   /usr/lib/x86_64-linux-gnu/libavutil.so.51.22.1
7fb33e278000-7fb33e27c000 rw-p 00000000 00:00 0 
7fb33e27c000-7fb33e87b000 r-xp 00000000 08:05 11675183                   /usr/lib/x86_64-linux-gnu/libavcodec.so.53.35.0
7fb33e87b000-7fb33ea7a000 ---p 005ff000 08:05 11675183                   /usr/lib/x86_64-linux-gnu/libavcodec.so.53.35.0
7fb33ea7a000-7fb33ea89000 r--p 005fe000 08:05 11675183                   /usr/lib/x86_64-linux-gnu/libavcodec.so.53.35.0
7fb33ea89000-7fb33ea9f000 rw-p 0060d000 08:05 11675183                   /usr/lib/x86_64-linux-gnu/libavcodec.so.53.35.0
7fb33ea9f000-7fb33f00f000 rw-p 00000000 00:00 0 
7fb33f00f000-7fb33f0f8000 r-xp 00000000 08:05 11674095                   /usr/lib/x86_64-linux-gnu/libasound.so.2.0.0
7fb33f0f8000-7fb33f2f7000 ---p 000e9000 08:05 11674095                   /usr/lib/x86_64-linux-gnu/libasound.so.2.0.0
7fb33f2f7000-7fb33f2fe000 r--p 000e8000 08:05 11674095                   /usr/lib/x86_64-linux-gnu/libasound.so.2.0.0
7fb33f2fe000-7fb33f2ff000 rw-p 000ef000 08:05 11674095                   /usr/lib/x86_64-linux-gnu/libasound.so.2.0.0
7fb33f2ff000-7fb33f359000 r-xp 00000000 08:05 2231171                    /usr/local/jdk1.7.0_45/jre/lib/amd64/libgstplugins-lite.so
7fb33f359000-7fb33f558000 ---p 0005a000 08:05 2231171                    /usr/local/jdk1.7.0_45/jre/lib/amd64/libgstplugins-lite.so
7fb33f558000-7fb33f55b000 r--p 00059000 08:05 2231171                    /usr/local/jdk1.7.0_45/jre/lib/amd64/libgstplugins-lite.so
7fb33f55b000-7fb33f55e000 rw-p 0005c000 08:05 2231171                    /usr/local/jdk1.7.0_45/jre/lib/amd64/libgstplugins-lite.so
7fb33f55e000-7fb33f57c000 r-xp 00000000 08:05 2231510                    /usr/local/jdk1.7.0_45/jre/lib/amd64/fxplugins.so
7fb33f57c000-7fb33f77b000 ---p 0001e000 08:05 2231510                    /usr/local/jdk1.7.0_45/jre/lib/amd64/fxplugins.so
7fb33f77b000-7fb33f77c000 r--p 0001d000 08:05 2231510                    /usr/local/jdk1.7.0_45/jre/lib/amd64/fxplugins.so
7fb33f77c000-7fb33f77d000 rw-p 0001e000 08:05 2231510                    /usr/local/jdk1.7.0_45/jre/lib/amd64/fxplugins.so
7fb33f77d000-7fb33f8b9000 r-xp 00000000 08:05 11929199                   /usr/lib/x86_64-linux-gnu/gtk-2.0/2.10.0/engines/liboxygen-gtk.so
7fb33f8b9000-7fb33fab9000 ---p 0013c000 08:05 11929199                   /usr/lib/x86_64-linux-gnu/gtk-2.0/2.10.0/engines/liboxygen-gtk.so
7fb33fab9000-7fb33fabf000 r--p 0013c000 08:05 11929199                   /usr/lib/x86_64-linux-gnu/gtk-2.0/2.10.0/engines/liboxygen-gtk.so
7fb33fabf000-7fb33fac0000 rw-p 00142000 08:05 11929199                   /usr/lib/x86_64-linux-gnu/gtk-2.0/2.10.0/engines/liboxygen-gtk.so
7fb33fac0000-7fb33fac1000 rw-p 00000000 00:00 0 
7fb33fac1000-7fb33fbc7000 r-xp 00000000 08:05 2231182                    /usr/local/jdk1.7.0_45/jre/lib/amd64/libgstreamer-lite.so
7fb33fbc7000-7fb33fdc6000 ---p 00106000 08:05 2231182                    /usr/local/jdk1.7.0_45/jre/lib/amd64/libgstreamer-lite.so
7fb33fdc6000-7fb33fdcd000 r--p 00105000 08:05 2231182                    /usr/local/jdk1.7.0_45/jre/lib/amd64/libgstreamer-lite.so
7fb33fdcd000-7fb33fdd1000 rw-p 0010c000 08:05 2231182                    /usr/local/jdk1.7.0_45/jre/lib/amd64/libgstreamer-lite.so
7fb33fdd1000-7fb33fdd3000 rw-p 00000000 00:00 0 
7fb33fdd3000-7fb33fdfe000 r-xp 00000000 08:05 2231374                    /usr/local/jdk1.7.0_45/jre/lib/amd64/libjfxmedia.so
7fb33fdfe000-7fb33fffe000 ---p 0002b000 08:05 2231374                    /usr/local/jdk1.7.0_45/jre/lib/amd64/libjfxmedia.so
7fb33fffe000-7fb33ffff000 r--p 0002b000 08:05 2231374                    /usr/local/jdk1.7.0_45/jre/lib/amd64/libjfxmedia.so
7fb33ffff000-7fb340000000 rw-p 0002c000 08:05 2231374                    /usr/local/jdk1.7.0_45/jre/lib/amd64/libjfxmedia.so
7fb340000000-7fb3402b3000 rw-p 00000000 00:00 0 
7fb3402b3000-7fb344000000 ---p 00000000 00:00 0 
7fb344000000-7fb34402b000 rw-p 00000000 00:00 0 
7fb34402b000-7fb348000000 ---p 00000000 00:00 0 
7fb348000000-7fb348021000 rw-p 00000000 00:00 0 
7fb348021000-7fb34c000000 ---p 00000000 00:00 0 
7fb34c006000-7fb34c010000 r--s 00000000 08:05 264875                     /usr/share/fonts/X11/Type1/c0419bt_.pfb
7fb34c010000-7fb34c027000 r--s 00000000 08:05 265650                     /usr/share/fonts/type1/gsfonts/n021023l.pfb
7fb34c027000-7fb34c031000 r--s 00000000 08:05 265686                     /usr/share/fonts/type1/mathml/Symbol.pfb
7fb34c031000-7fb34c042000 r--s 00000000 08:05 265626                     /usr/share/fonts/type1/gsfonts/n019023l.pfb
7fb34c042000-7fb34c056000 r--s 00000000 08:05 265620                     /usr/share/fonts/type1/gsfonts/n019003l.pfb
7fb34c056000-7fb34c0d6000 rw-s 00000000 00:04 4620338                    /SYSV00000000 (deleted)
7fb34c0d6000-7fb34c0d9000 ---p 00000000 00:00 0 
7fb34c0d9000-7fb34c1d7000 rw-p 00000000 00:00 0 
7fb34c1d7000-7fb34c1da000 ---p 00000000 00:00 0 
7fb34c1da000-7fb34c2d8000 rw-p 00000000 00:00 0 
7fb34c2d8000-7fb34c2d9000 r--s 00000000 08:05 658184                     /var/cache/fontconfig/c05880de57d1f5e948fdfacc138775d9-le64.cache-4
7fb34c2d9000-7fb34c2e4000 r--s 00000000 08:05 658177                     /var/cache/fontconfig/945677eb7aeaf62f1d50efc3fb3ec7d8-le64.cache-4
7fb34c2e4000-7fb34c2e6000 r--s 00000000 08:05 658179                     /var/cache/fontconfig/99e8ed0e538f840c565b6ed5dad60d56-le64.cache-4
7fb34c2e6000-7fb34c2ef000 r--s 00000000 08:05 658948                     /var/cache/fontconfig/a6d8cf8e4ec09cdbc8633c31745a07dd-le64.cache-4
7fb34c2ef000-7fb34c2f5000 r--s 00000000 08:05 658162                     /var/cache/fontconfig/2cd17615ca594fa2959ae173292e504c-le64.cache-4
7fb34c2f5000-7fb34c2f6000 r--s 00000000 08:05 658195                     /var/cache/fontconfig/e7071f4a29fa870f4323321c154eba04-le64.cache-4
7fb34c2f6000-7fb34c2f7000 r--s 00000000 08:05 658159                     /var/cache/fontconfig/0d8c3b2ac0904cb8a57a757ad11a4a08-le64.cache-4
7fb34c2f7000-7fb34c2fe000 r--s 00000000 08:05 658181                     /var/cache/fontconfig/a755afe4a08bf5b97852ceb7400b47bc-le64.cache-4
7fb34c2fe000-7fb34c302000 r--s 00000000 08:05 658172                     /var/cache/fontconfig/6d41288fd70b0be22e8c3a91e032eec0-le64.cache-4
7fb34c302000-7fb34c316000 r--s 00000000 08:05 658157                     /var/cache/fontconfig/04aabc0a78ac019cf9454389977116d2-le64.cache-4
7fb34c316000-7fb34c31a000 r--s 00000000 08:05 658166                     /var/cache/fontconfig/385c0604a188198f04d133e54aba7fe7-le64.cache-4
7fb34c31a000-7fb34c31c000 r--s 00000000 08:05 658174                     /var/cache/fontconfig/767a8244fc0220cfb567a839d0392e0b-le64.cache-4
7fb34c31c000-7fb34c374000 r-xp 00000000 08:05 2231249                    /usr/local/jdk1.7.0_45/jre/lib/amd64/libjavafx-font.so
7fb34c374000-7fb34c573000 ---p 00058000 08:05 2231249                    /usr/local/jdk1.7.0_45/jre/lib/amd64/libjavafx-font.so
7fb34c573000-7fb34c578000 r--p 00057000 08:05 2231249                    /usr/local/jdk1.7.0_45/jre/lib/amd64/libjavafx-font.so
7fb34c578000-7fb34c579000 rw-p 0005c000 08:05 2231249                    /usr/local/jdk1.7.0_45/jre/lib/amd64/libjavafx-font.so
7fb34c579000-7fb34c57a000 rw-p 00000000 00:00 0 
7fb34c57a000-7fb34c57d000 ---p 00000000 00:00 0 
7fb34c57d000-7fb34c67b000 rw-p 00000000 00:00 0                          [stack:8083]
7fb34c67b000-7fb34c681000 r-xp 00000000 08:05 11674183                   /usr/lib/x86_64-linux-gnu/libdatrie.so.1.2.0
7fb34c681000-7fb34c880000 ---p 00006000 08:05 11674183                   /usr/lib/x86_64-linux-gnu/libdatrie.so.1.2.0
7fb34c880000-7fb34c881000 r--p 00005000 08:05 11674183                   /usr/lib/x86_64-linux-gnu/libdatrie.so.1.2.0
7fb34c881000-7fb34c882000 rw-p 00006000 08:05 11674183                   /usr/lib/x86_64-linux-gnu/libdatrie.so.1.2.0
7fb34c882000-7fb34c89a000 r-xp 00000000 08:05 11674349                   /usr/lib/x86_64-linux-gnu/libgraphite2.so.3.0.1
7fb34c89a000-7fb34ca99000 ---p 00018000 08:05 11674349                   /usr/lib/x86_64-linux-gnu/libgraphite2.so.3.0.1
7fb34ca99000-7fb34ca9b000 r--p 00017000 08:05 11674349                   /usr/lib/x86_64-linux-gnu/libgraphite2.so.3.0.1
7fb34ca9b000-7fb34ca9c000 rw-p 00019000 08:05 11674349                   /usr/lib/x86_64-linux-gnu/libgraphite2.so.3.0.1
7fb34ca9c000-7fb34cad9000 r-xp 00000000 08:05 3149713                    /lib/x86_64-linux-gnu/libpcre.so.3.13.1
7fb34cad9000-7fb34ccd9000 ---p 0003d000 08:05 3149713                    /lib/x86_64-linux-gnu/libpcre.so.3.13.1
7fb34ccd9000-7fb34ccda000 r--p 0003d000 08:05 3149713                    /lib/x86_64-linux-gnu/libpcre.so.3.13.1
7fb34ccda000-7fb34ccdb000 rw-p 0003e000 08:05 3149713                    /lib/x86_64-linux-gnu/libpcre.so.3.13.1
7fb34ccdb000-7fb34cce2000 r-xp 00000000 08:05 11674230                   /usr/lib/x86_64-linux-gnu/libffi.so.6.0.1
7fb34cce2000-7fb34cee1000 ---p 00007000 08:05 11674230                   /usr/lib/x86_64-linux-gnu/libffi.so.6.0.1
7fb34cee1000-7fb34cee2000 r--p 00006000 08:05 11674230                   /usr/lib/x86_64-linux-gnu/libffi.so.6.0.1
7fb34cee2000-7fb34cee3000 rw-p 00007000 08:05 11674230                   /usr/lib/x86_64-linux-gnu/libffi.so.6.0.1
7fb34cee3000-7fb34ceeb000 r-xp 00000000 08:05 11674736                   /usr/lib/x86_64-linux-gnu/libthai.so.0.2.0
7fb34ceeb000-7fb34d0ea000 ---p 00008000 08:05 11674736                   /usr/lib/x86_64-linux-gnu/libthai.so.0.2.0
7fb34d0ea000-7fb34d0eb000 r--p 00007000 08:05 11674736                   /usr/lib/x86_64-linux-gnu/libthai.so.0.2.0
7fb34d0eb000-7fb34d0ec000 rw-p 00008000 08:05 11674736                   /usr/lib/x86_64-linux-gnu/libthai.so.0.2.0
7fb34d0ec000-7fb34d0f4000 r-xp 00000000 08:05 11674810                   /usr/lib/x86_64-linux-gnu/libxcb-render.so.0.0.0
7fb34d0f4000-7fb34d2f3000 ---p 00008000 08:05 11674810                   /usr/lib/x86_64-linux-gnu/libxcb-render.so.0.0.0
7fb34d2f3000-7fb34d2f4000 r--p 00007000 08:05 11674810                   /usr/lib/x86_64-linux-gnu/libxcb-render.so.0.0.0
7fb34d2f4000-7fb34d2f5000 rw-p 00008000 08:05 11674810                   /usr/lib/x86_64-linux-gnu/libxcb-render.so.0.0.0
7fb34d2f5000-7fb34d2f7000 r-xp 00000000 08:05 11674814                   /usr/lib/x86_64-linux-gnu/libxcb-shm.so.0.0.0
7fb34d2f7000-7fb34d4f6000 ---p 00002000 08:05 11674814                   /usr/lib/x86_64-linux-gnu/libxcb-shm.so.0.0.0
7fb34d4f6000-7fb34d4f7000 r--p 00001000 08:05 11674814                   /usr/lib/x86_64-linux-gnu/libxcb-shm.so.0.0.0
7fb34d4f7000-7fb34d4f8000 rw-p 00002000 08:05 11674814                   /usr/lib/x86_64-linux-gnu/libxcb-shm.so.0.0.0
7fb34d4f8000-7fb34d51d000 r-xp 00000000 08:05 3149725                    /lib/x86_64-linux-gnu/libpng12.so.0.49.0
7fb34d51d000-7fb34d71c000 ---p 00025000 08:05 3149725                    /lib/x86_64-linux-gnu/libpng12.so.0.49.0
7fb34d71c000-7fb34d71d000 r--p 00024000 08:05 3149725                    /lib/x86_64-linux-gnu/libpng12.so.0.49.0
7fb34d71d000-7fb34d71e000 rw-p 00025000 08:05 3149725                    /lib/x86_64-linux-gnu/libpng12.so.0.49.0
7fb34d71e000-7fb34d7bf000 r-xp 00000000 08:05 11674621                   /usr/lib/x86_64-linux-gnu/libpixman-1.so.0.30.2
7fb34d7bf000-7fb34d9bf000 ---p 000a1000 08:05 11674621                   /usr/lib/x86_64-linux-gnu/libpixman-1.so.0.30.2
7fb34d9bf000-7fb34d9c6000 r--p 000a1000 08:05 11674621                   /usr/lib/x86_64-linux-gnu/libpixman-1.so.0.30.2
7fb34d9c6000-7fb34d9c7000 rw-p 000a8000 08:05 11674621                   /usr/lib/x86_64-linux-gnu/libpixman-1.so.0.30.2
7fb34d9c7000-7fb34da17000 r-xp 00000000 08:05 11674443                   /usr/lib/x86_64-linux-gnu/libharfbuzz.so.0.919.0
7fb34da17000-7fb34dc17000 ---p 00050000 08:05 11674443                   /usr/lib/x86_64-linux-gnu/libharfbuzz.so.0.919.0
7fb34dc17000-7fb34dc18000 r--p 00050000 08:05 11674443                   /usr/lib/x86_64-linux-gnu/libharfbuzz.so.0.919.0
7fb34dc18000-7fb34dc19000 rw-p 00051000 08:05 11674443                   /usr/lib/x86_64-linux-gnu/libharfbuzz.so.0.919.0
7fb34dc19000-7fb34dc38000 r-xp 00000000 08:05 3149740                    /lib/x86_64-linux-gnu/libselinux.so.1
7fb34dc38000-7fb34de38000 ---p 0001f000 08:05 3149740                    /lib/x86_64-linux-gnu/libselinux.so.1
7fb34de38000-7fb34de39000 r--p 0001f000 08:05 3149740                    /lib/x86_64-linux-gnu/libselinux.so.1
7fb34de39000-7fb34de3a000 rw-p 00020000 08:05 3149740                    /lib/x86_64-linux-gnu/libselinux.so.1
7fb34de3a000-7fb34de3b000 rw-p 00000000 00:00 0 
7fb34de3b000-7fb34de3d000 r-xp 00000000 08:05 11674037                   /usr/lib/x86_64-linux-gnu/libXcomposite.so.1.0.0
7fb34de3d000-7fb34e03c000 ---p 00002000 08:05 11674037                   /usr/lib/x86_64-linux-gnu/libXcomposite.so.1.0.0
7fb34e03c000-7fb34e03d000 r--p 00001000 08:05 11674037                   /usr/lib/x86_64-linux-gnu/libXcomposite.so.1.0.0
7fb34e03d000-7fb34e03e000 rw-p 00002000 08:05 11674037                   /usr/lib/x86_64-linux-gnu/libXcomposite.so.1.0.0
7fb34e03e000-7fb34e047000 r-xp 00000000 08:05 11674039                   /usr/lib/x86_64-linux-gnu/libXcursor.so.1.0.2
7fb34e047000-7fb34e246000 ---p 00009000 08:05 11674039                   /usr/lib/x86_64-linux-gnu/libXcursor.so.1.0.2
7fb34e246000-7fb34e247000 r--p 00008000 08:05 11674039                   /usr/lib/x86_64-linux-gnu/libXcursor.so.1.0.2
7fb34e247000-7fb34e248000 rw-p 00009000 08:05 11674039                   /usr/lib/x86_64-linux-gnu/libXcursor.so.1.0.2
7fb34e248000-7fb34e251000 r-xp 00000000 08:05 11674065                   /usr/lib/x86_64-linux-gnu/libXrandr.so.2.2.0
7fb34e251000-7fb34e450000 ---p 00009000 08:05 11674065                   /usr/lib/x86_64-linux-gnu/libXrandr.so.2.2.0
7fb34e450000-7fb34e451000 r--p 00008000 08:05 11674065                   /usr/lib/x86_64-linux-gnu/libXrandr.so.2.2.0
7fb34e451000-7fb34e452000 rw-p 00009000 08:05 11674065                   /usr/lib/x86_64-linux-gnu/libXrandr.so.2.2.0
7fb34e452000-7fb34e461000 r-xp 00000000 08:05 11674053                   /usr/lib/x86_64-linux-gnu/libXi.so.6.1.0
7fb34e461000-7fb34e660000 ---p 0000f000 08:05 11674053                   /usr/lib/x86_64-linux-gnu/libXi.so.6.1.0
7fb34e660000-7fb34e661000 r--p 0000e000 08:05 11674053                   /usr/lib/x86_64-linux-gnu/libXi.so.6.1.0
7fb34e661000-7fb34e662000 rw-p 0000f000 08:05 11674053                   /usr/lib/x86_64-linux-gnu/libXi.so.6.1.0
7fb34e662000-7fb34e664000 r-xp 00000000 08:05 11674055                   /usr/lib/x86_64-linux-gnu/libXinerama.so.1.0.0
7fb34e664000-7fb34e863000 ---p 00002000 08:05 11674055                   /usr/lib/x86_64-linux-gnu/libXinerama.so.1.0.0
7fb34e863000-7fb34e864000 r--p 00001000 08:05 11674055                   /usr/lib/x86_64-linux-gnu/libXinerama.so.1.0.0
7fb34e864000-7fb34e865000 rw-p 00002000 08:05 11674055                   /usr/lib/x86_64-linux-gnu/libXinerama.so.1.0.0
7fb34e865000-7fb34e86e000 r-xp 00000000 08:05 11674067                   /usr/lib/x86_64-linux-gnu/libXrender.so.1.3.0
7fb34e86e000-7fb34ea6d000 ---p 00009000 08:05 11674067                   /usr/lib/x86_64-linux-gnu/libXrender.so.1.3.0
7fb34ea6d000-7fb34ea6e000 r--p 00008000 08:05 11674067                   /usr/lib/x86_64-linux-gnu/libXrender.so.1.3.0
7fb34ea6e000-7fb34ea6f000 rw-p 00009000 08:05 11674067                   /usr/lib/x86_64-linux-gnu/libXrender.so.1.3.0
7fb34ea6f000-7fb34ea74000 r-xp 00000000 08:05 11674073                   /usr/lib/x86_64-linux-gnu/libXtst.so.6.1.0
7fb34ea74000-7fb34ec73000 ---p 00005000 08:05 11674073                   /usr/lib/x86_64-linux-gnu/libXtst.so.6.1.0
7fb34ec73000-7fb34ec74000 r--p 00004000 08:05 11674073                   /usr/lib/x86_64-linux-gnu/libXtst.so.6.1.0
7fb34ec74000-7fb34ec75000 rw-p 00005000 08:05 11674073                   /usr/lib/x86_64-linux-gnu/libXtst.so.6.1.0
7fb34ec75000-7fb34ed73000 r-xp 00000000 08:05 3149644                    /lib/x86_64-linux-gnu/libglib-2.0.so.0.3800.0
7fb34ed73000-7fb34ef73000 ---p 000fe000 08:05 3149644                    /lib/x86_64-linux-gnu/libglib-2.0.so.0.3800.0
7fb34ef73000-7fb34ef74000 r--p 000fe000 08:05 3149644                    /lib/x86_64-linux-gnu/libglib-2.0.so.0.3800.0
7fb34ef74000-7fb34ef75000 rw-p 000ff000 08:05 3149644                    /lib/x86_64-linux-gnu/libglib-2.0.so.0.3800.0
7fb34ef75000-7fb34ef76000 rw-p 00000000 00:00 0 
7fb34ef76000-7fb34ef77000 r-xp 00000000 08:05 11674429                   /usr/lib/x86_64-linux-gnu/libgthread-2.0.so.0.3800.0
7fb34ef77000-7fb34f176000 ---p 00001000 08:05 11674429                   /usr/lib/x86_64-linux-gnu/libgthread-2.0.so.0.3800.0
7fb34f176000-7fb34f177000 r--p 00000000 08:05 11674429                   /usr/lib/x86_64-linux-gnu/libgthread-2.0.so.0.3800.0
7fb34f177000-7fb34f178000 rw-p 00001000 08:05 11674429                   /usr/lib/x86_64-linux-gnu/libgthread-2.0.so.0.3800.0
7fb34f178000-7fb34f17b000 r-xp 00000000 08:05 11674315                   /usr/lib/x86_64-linux-gnu/libgmodule-2.0.so.0.3800.0
7fb34f17b000-7fb34f37a000 ---p 00003000 08:05 11674315                   /usr/lib/x86_64-linux-gnu/libgmodule-2.0.so.0.3800.0
7fb34f37a000-7fb34f37b000 r--p 00002000 08:05 11674315                   /usr/lib/x86_64-linux-gnu/libgmodule-2.0.so.0.3800.0
7fb34f37b000-7fb34f37c000 rw-p 00003000 08:05 11674315                   /usr/lib/x86_64-linux-gnu/libgmodule-2.0.so.0.3800.0
7fb34f37c000-7fb34f3cb000 r-xp 00000000 08:05 11674327                   /usr/lib/x86_64-linux-gnu/libgobject-2.0.so.0.3800.0
7fb34f3cb000-7fb34f5cb000 ---p 0004f000 08:05 11674327                   /usr/lib/x86_64-linux-gnu/libgobject-2.0.so.0.3800.0
7fb34f5cb000-7fb34f5cc000 r--p 0004f000 08:05 11674327                   /usr/lib/x86_64-linux-gnu/libgobject-2.0.so.0.3800.0
7fb34f5cc000-7fb34f5cd000 rw-p 00050000 08:05 11674327                   /usr/lib/x86_64-linux-gnu/libgobject-2.0.so.0.3800.0
7fb34f5cd000-7fb34f606000 r-xp 00000000 08:05 11674244                   /usr/lib/x86_64-linux-gnu/libfontconfig.so.1.7.0
7fb34f606000-7fb34f806000 ---p 00039000 08:05 11674244                   /usr/lib/x86_64-linux-gnu/libfontconfig.so.1.7.0
7fb34f806000-7fb34f808000 r--p 00039000 08:05 11674244                   /usr/lib/x86_64-linux-gnu/libfontconfig.so.1.7.0
7fb34f808000-7fb34f809000 rw-p 0003b000 08:05 11674244                   /usr/lib/x86_64-linux-gnu/libfontconfig.so.1.7.0
7fb34f809000-7fb34f8a5000 r-xp 00000000 08:05 11674270                   /usr/lib/x86_64-linux-gnu/libfreetype.so.6.10.1
7fb34f8a5000-7fb34faa5000 ---p 0009c000 08:05 11674270                   /usr/lib/x86_64-linux-gnu/libfreetype.so.6.10.1
7fb34faa5000-7fb34faaa000 r--p 0009c000 08:05 11674270                   /usr/lib/x86_64-linux-gnu/libfreetype.so.6.10.1
7fb34faaa000-7fb34faab000 rw-p 000a1000 08:05 11674270                   /usr/lib/x86_64-linux-gnu/libfreetype.so.6.10.1
7fb34faab000-7fb34faf5000 r-xp 00000000 08:05 11674597                   /usr/lib/x86_64-linux-gnu/libpango-1.0.so.0.3200.5
7fb34faf5000-7fb34fcf4000 ---p 0004a000 08:05 11674597                   /usr/lib/x86_64-linux-gnu/libpango-1.0.so.0.3200.5
7fb34fcf4000-7fb34fcf6000 r--p 00049000 08:05 11674597                   /usr/lib/x86_64-linux-gnu/libpango-1.0.so.0.3200.5
7fb34fcf6000-7fb34fcf7000 rw-p 0004b000 08:05 11674597                   /usr/lib/x86_64-linux-gnu/libpango-1.0.so.0.3200.5
7fb34fcf7000-7fb34fdfb000 r-xp 00000000 08:05 11674141                   /usr/lib/x86_64-linux-gnu/libcairo.so.2.11200.16
7fb34fdfb000-7fb34fffa000 ---p 00104000 08:05 11674141                   /usr/lib/x86_64-linux-gnu/libcairo.so.2.11200.16
7fb34fffa000-7fb34fffd000 r--p 00103000 08:05 11674141                   /usr/lib/x86_64-linux-gnu/libcairo.so.2.11200.16
7fb34fffd000-7fb34fffe000 rw-p 00106000 08:05 11674141                   /usr/lib/x86_64-linux-gnu/libcairo.so.2.11200.16
7fb34fffe000-7fb350000000 rw-p 00000000 00:00 0 
7fb350000000-7fb350021000 rw-p 00000000 00:00 0 
7fb350021000-7fb354000000 ---p 00000000 00:00 0 
7fb354000000-7fb354003000 r--s 00000000 08:05 658176                     /var/cache/fontconfig/8801497958630a81b71ace7c5f9b32a8-le64.cache-4
7fb354003000-7fb35403e000 r--s 00000000 08:05 658945                     /var/cache/fontconfig/365b55f210c0a22e9a19e35191240f32-le64.cache-4
7fb35403e000-7fb354045000 r--s 00000000 08:05 658164                     /var/cache/fontconfig/3047814df9a2f067bd2d96a2b9c36e5a-le64.cache-4
7fb354045000-7fb35404b000 r--s 00000000 08:05 658182                     /var/cache/fontconfig/b47c4e1ecd0709278f4910c18777a504-le64.cache-4
7fb35404b000-7fb354054000 r--s 00000000 08:05 658947                     /var/cache/fontconfig/52f7bdb7ce746bfd7eaa1985bd9cfa93-le64.cache-4
7fb354054000-7fb354067000 r--s 00000000 08:05 658189                     /var/cache/fontconfig/d52a8644073d54c13679302ca1180695-le64.cache-4
7fb354067000-7fb35406a000 ---p 00000000 00:00 0 
7fb35406a000-7fb354168000 rw-p 00000000 00:00 0                          [stack:8082]
7fb354168000-7fb354173000 r-xp 00000000 08:05 11674599                   /usr/lib/x86_64-linux-gnu/libpangocairo-1.0.so.0.3200.5
7fb354173000-7fb354373000 ---p 0000b000 08:05 11674599                   /usr/lib/x86_64-linux-gnu/libpangocairo-1.0.so.0.3200.5
7fb354373000-7fb354374000 r--p 0000b000 08:05 11674599                   /usr/lib/x86_64-linux-gnu/libpangocairo-1.0.so.0.3200.5
7fb354374000-7fb354375000 rw-p 0000c000 08:05 11674599                   /usr/lib/x86_64-linux-gnu/libpangocairo-1.0.so.0.3200.5
7fb354375000-7fb354394000 r-xp 00000000 08:05 11674298                   /usr/lib/x86_64-linux-gnu/libgdk_pixbuf-2.0.so.0.2800.1
7fb354394000-7fb354593000 ---p 0001f000 08:05 11674298                   /usr/lib/x86_64-linux-gnu/libgdk_pixbuf-2.0.so.0.2800.1
7fb354593000-7fb354594000 r--p 0001e000 08:05 11674298                   /usr/lib/x86_64-linux-gnu/libgdk_pixbuf-2.0.so.0.2800.1
7fb354594000-7fb354595000 rw-p 0001f000 08:05 11674298                   /usr/lib/x86_64-linux-gnu/libgdk_pixbuf-2.0.so.0.2800.1
7fb354595000-7fb3545a9000 r-xp 00000000 08:05 11674601                   /usr/lib/x86_64-linux-gnu/libpangoft2-1.0.so.0.3200.5
7fb3545a9000-7fb3547a8000 ---p 00014000 08:05 11674601                   /usr/lib/x86_64-linux-gnu/libpangoft2-1.0.so.0.3200.5
7fb3547a8000-7fb3547a9000 r--p 00013000 08:05 11674601                   /usr/lib/x86_64-linux-gnu/libpangoft2-1.0.so.0.3200.5
7fb3547a9000-7fb3547aa000 rw-p 00014000 08:05 11674601                   /usr/lib/x86_64-linux-gnu/libpangoft2-1.0.so.0.3200.5
7fb3547aa000-7fb354906000 r-xp 00000000 08:05 11674309                   /usr/lib/x86_64-linux-gnu/libgio-2.0.so.0.3800.0
7fb354906000-7fb354b05000 ---p 0015c000 08:05 11674309                   /usr/lib/x86_64-linux-gnu/libgio-2.0.so.0.3800.0
7fb354b05000-7fb354b09000 r--p 0015b000 08:05 11674309                   /usr/lib/x86_64-linux-gnu/libgio-2.0.so.0.3800.0
7fb354b09000-7fb354b0b000 rw-p 0015f000 08:05 11674309                   /usr/lib/x86_64-linux-gnu/libgio-2.0.so.0.3800.0
7fb354b0b000-7fb354b0d000 rw-p 00000000 00:00 0 
7fb354b0d000-7fb354b2c000 r-xp 00000000 08:05 11674105                   /usr/lib/x86_64-linux-gnu/libatk-1.0.so.0.21009.1
7fb354b2c000-7fb354d2c000 ---p 0001f000 08:05 11674105                   /usr/lib/x86_64-linux-gnu/libatk-1.0.so.0.21009.1
7fb354d2c000-7fb354d2e000 r--p 0001f000 08:05 11674105                   /usr/lib/x86_64-linux-gnu/libatk-1.0.so.0.21009.1
7fb354d2e000-7fb354d2f000 rw-p 00021000 08:05 11674105                   /usr/lib/x86_64-linux-gnu/libatk-1.0.so.0.21009.1
7fb354d2f000-7fb354ddc000 r-xp 00000000 08:05 11674296                   /usr/lib/x86_64-linux-gnu/libgdk-x11-2.0.so.0.2400.20
7fb354ddc000-7fb354fdb000 ---p 000ad000 08:05 11674296                   /usr/lib/x86_64-linux-gnu/libgdk-x11-2.0.so.0.2400.20
7fb354fdb000-7fb354fdf000 r--p 000ac000 08:05 11674296                   /usr/lib/x86_64-linux-gnu/libgdk-x11-2.0.so.0.2400.20
7fb354fdf000-7fb354fe1000 rw-p 000b0000 08:05 11674296                   /usr/lib/x86_64-linux-gnu/libgdk-x11-2.0.so.0.2400.20
7fb354fe1000-7fb355410000 r-xp 00000000 08:05 11674433                   /usr/lib/x86_64-linux-gnu/libgtk-x11-2.0.so.0.2400.20
7fb355410000-7fb35560f000 ---p 0042f000 08:05 11674433                   /usr/lib/x86_64-linux-gnu/libgtk-x11-2.0.so.0.2400.20
7fb35560f000-7fb355616000 r--p 0042e000 08:05 11674433                   /usr/lib/x86_64-linux-gnu/libgtk-x11-2.0.so.0.2400.20
7fb355616000-7fb35561a000 rw-p 00435000 08:05 11674433                   /usr/lib/x86_64-linux-gnu/libgtk-x11-2.0.so.0.2400.20
7fb35561a000-7fb35561d000 rw-p 00000000 00:00 0 
7fb35561d000-7fb355642000 r-xp 00000000 08:05 2231577                    /usr/local/jdk1.7.0_45/jre/lib/amd64/libglass.so
7fb355642000-7fb355842000 ---p 00025000 08:05 2231577                    /usr/local/jdk1.7.0_45/jre/lib/amd64/libglass.so
7fb355842000-7fb355843000 r--p 00025000 08:05 2231577                    /usr/local/jdk1.7.0_45/jre/lib/amd64/libglass.so
7fb355843000-7fb355844000 rw-p 00026000 08:05 2231577                    /usr/local/jdk1.7.0_45/jre/lib/amd64/libglass.so
7fb355844000-7fb355847000 ---p 00000000 00:00 0 
7fb355847000-7fb355945000 rw-p 00000000 00:00 0                          [stack:8081]
7fb355945000-7fb355977000 r-xp 00000000 08:05 11674752                   /usr/lib/x86_64-linux-gnu/libtxc_dxtn_s2tc.so.0.0.0
7fb355977000-7fb355b76000 ---p 00032000 08:05 11674752                   /usr/lib/x86_64-linux-gnu/libtxc_dxtn_s2tc.so.0.0.0
7fb355b76000-7fb355b77000 r--p 00031000 08:05 11674752                   /usr/lib/x86_64-linux-gnu/libtxc_dxtn_s2tc.so.0.0.0
7fb355b77000-7fb355b78000 rw-p 00032000 08:05 11674752                   /usr/lib/x86_64-linux-gnu/libtxc_dxtn_s2tc.so.0.0.0
7fb355b78000-7fb355b90000 r-xp 00000000 08:05 3149771                    /lib/x86_64-linux-gnu/libz.so.1.2.8
7fb355b90000-7fb355d8f000 ---p 00018000 08:05 3149771                    /lib/x86_64-linux-gnu/libz.so.1.2.8
7fb355d8f000-7fb355d90000 r--p 00017000 08:05 3149771                    /lib/x86_64-linux-gnu/libz.so.1.2.8
7fb355d90000-7fb355d91000 rw-p 00018000 08:05 3149771                    /lib/x86_64-linux-gnu/libz.so.1.2.8
7fb355d91000-7fb355d99000 r-xp 00000000 08:05 11674611                   /usr/lib/x86_64-linux-gnu/libpciaccess.so.0.11.1
7fb355d99000-7fb355f98000 ---p 00008000 08:05 11674611                   /usr/lib/x86_64-linux-gnu/libpciaccess.so.0.11.1
7fb355f98000-7fb355f99000 r--p 00007000 08:05 11674611                   /usr/lib/x86_64-linux-gnu/libpciaccess.so.0.11.1
7fb355f99000-7fb355f9a000 rw-p 00008000 08:05 11674611                   /usr/lib/x86_64-linux-gnu/libpciaccess.so.0.11.1
7fb355f9a000-7fb355faf000 r-xp 00000000 08:05 3149640                    /lib/x86_64-linux-gnu/libgcc_s.so.1
7fb355faf000-7fb3561ae000 ---p 00015000 08:05 3149640                    /lib/x86_64-linux-gnu/libgcc_s.so.1
7fb3561ae000-7fb3561af000 r--p 00014000 08:05 3149640                    /lib/x86_64-linux-gnu/libgcc_s.so.1
7fb3561af000-7fb3561b0000 rw-p 00015000 08:05 3149640                    /lib/x86_64-linux-gnu/libgcc_s.so.1
7fb3561b0000-7fb356296000 r-xp 00000000 08:05 11674716                   /usr/lib/x86_64-linux-gnu/libstdc++.so.6.0.18
7fb356296000-7fb356495000 ---p 000e6000 08:05 11674716                   /usr/lib/x86_64-linux-gnu/libstdc++.so.6.0.18
7fb356495000-7fb35649d000 r--p 000e5000 08:05 11674716                   /usr/lib/x86_64-linux-gnu/libstdc++.so.6.0.18
7fb35649d000-7fb35649f000 rw-p 000ed000 08:05 11674716                   /usr/lib/x86_64-linux-gnu/libstdc++.so.6.0.18
7fb35649f000-7fb3564b4000 rw-p 00000000 00:00 0 
7fb3564b4000-7fb3564d3000 r-xp 00000000 08:05 11674200                   /usr/lib/x86_64-linux-gnu/libdrm_intel.so.1.0.0
7fb3564d3000-7fb3566d2000 ---p 0001f000 08:05 11674200                   /usr/lib/x86_64-linux-gnu/libdrm_intel.so.1.0.0
7fb3566d2000-7fb3566d3000 r--p 0001e000 08:05 11674200                   /usr/lib/x86_64-linux-gnu/libdrm_intel.so.1.0.0
7fb3566d3000-7fb3566d4000 rw-p 0001f000 08:05 11674200                   /usr/lib/x86_64-linux-gnu/libdrm_intel.so.1.0.0
7fb3566d4000-7fb3566fb000 r-xp 00000000 08:05 3149635                    /lib/x86_64-linux-gnu/libexpat.so.1.6.0
7fb3566fb000-7fb3568fb000 ---p 00027000 08:05 3149635                    /lib/x86_64-linux-gnu/libexpat.so.1.6.0
7fb3568fb000-7fb3568fd000 r--p 00027000 08:05 3149635                    /lib/x86_64-linux-gnu/libexpat.so.1.6.0
7fb3568fd000-7fb3568fe000 rw-p 00029000 08:05 3149635                    /lib/x86_64-linux-gnu/libexpat.so.1.6.0
7fb3568fe000-7fb356cbc000 r-xp 00000000 08:05 11674196                   /usr/lib/x86_64-linux-gnu/libdricore9.2.1.so.1.0.0
7fb356cbc000-7fb356ebb000 ---p 003be000 08:05 11674196                   /usr/lib/x86_64-linux-gnu/libdricore9.2.1.so.1.0.0
7fb356ebb000-7fb356ecb000 r--p 003bd000 08:05 11674196                   /usr/lib/x86_64-linux-gnu/libdricore9.2.1.so.1.0.0
7fb356ecb000-7fb356ed3000 rw-p 003cd000 08:05 11674196                   /usr/lib/x86_64-linux-gnu/libdricore9.2.1.so.1.0.0
7fb356ed3000-7fb356eeb000 rw-p 00000000 00:00 0 
7fb356eeb000-7fb356fc0000 r-xp 00000000 08:05 11928735                   /usr/lib/x86_64-linux-gnu/dri/i965_dri.so
7fb356fc0000-7fb3571c0000 ---p 000d5000 08:05 11928735                   /usr/lib/x86_64-linux-gnu/dri/i965_dri.so
7fb3571c0000-7fb3571c3000 r--p 000d5000 08:05 11928735                   /usr/lib/x86_64-linux-gnu/dri/i965_dri.so
7fb3571c3000-7fb3571c5000 rw-p 000d8000 08:05 11928735                   /usr/lib/x86_64-linux-gnu/dri/i965_dri.so
7fb3571c5000-7fb3571c6000 rw-p 00000000 00:00 0 
7fb3571c6000-7fb3571cb000 r-xp 00000000 08:05 11674043                   /usr/lib/x86_64-linux-gnu/libXdmcp.so.6.0.0
7fb3571cb000-7fb3573ca000 ---p 00005000 08:05 11674043                   /usr/lib/x86_64-linux-gnu/libXdmcp.so.6.0.0
7fb3573ca000-7fb3573cb000 r--p 00004000 08:05 11674043                   /usr/lib/x86_64-linux-gnu/libXdmcp.so.6.0.0
7fb3573cb000-7fb3573cc000 rw-p 00005000 08:05 11674043                   /usr/lib/x86_64-linux-gnu/libXdmcp.so.6.0.0
7fb3573cc000-7fb3573ce000 r-xp 00000000 08:05 11674032                   /usr/lib/x86_64-linux-gnu/libXau.so.6.0.0
7fb3573ce000-7fb3575ce000 ---p 00002000 08:05 11674032                   /usr/lib/x86_64-linux-gnu/libXau.so.6.0.0
7fb3575ce000-7fb3575cf000 r--p 00002000 08:05 11674032                   /usr/lib/x86_64-linux-gnu/libXau.so.6.0.0
7fb3575cf000-7fb3575d0000 rw-p 00003000 08:05 11674032                   /usr/lib/x86_64-linux-gnu/libXau.so.6.0.0
7fb3575d0000-7fb3575db000 r-xp 00000000 08:05 11674198                   /usr/lib/x86_64-linux-gnu/libdrm.so.2.4.0
7fb3575db000-7fb3577da000 ---p 0000b000 08:05 11674198                   /usr/lib/x86_64-linux-gnu/libdrm.so.2.4.0
7fb3577da000-7fb3577db000 r--p 0000a000 08:05 11674198                   /usr/lib/x86_64-linux-gnu/libdrm.so.2.4.0
7fb3577db000-7fb3577dc000 rw-p 0000b000 08:05 11674198                   /usr/lib/x86_64-linux-gnu/libdrm.so.2.4.0
7fb3577dc000-7fb3577df000 r-xp 00000000 08:05 11674800                   /usr/lib/x86_64-linux-gnu/libxcb-dri2.so.0.0.0
7fb3577df000-7fb3579df000 ---p 00003000 08:05 11674800                   /usr/lib/x86_64-linux-gnu/libxcb-dri2.so.0.0.0
7fb3579df000-7fb3579e0000 r--p 00003000 08:05 11674800                   /usr/lib/x86_64-linux-gnu/libxcb-dri2.so.0.0.0
7fb3579e0000-7fb3579e1000 rw-p 00004000 08:05 11674800                   /usr/lib/x86_64-linux-gnu/libxcb-dri2.so.0.0.0
7fb3579e1000-7fb3579f6000 r-xp 00000000 08:05 11674802                   /usr/lib/x86_64-linux-gnu/libxcb-glx.so.0.0.0
7fb3579f6000-7fb357bf5000 ---p 00015000 08:05 11674802                   /usr/lib/x86_64-linux-gnu/libxcb-glx.so.0.0.0
7fb357bf5000-7fb357bf7000 r--p 00014000 08:05 11674802                   /usr/lib/x86_64-linux-gnu/libxcb-glx.so.0.0.0
7fb357bf7000-7fb357bf8000 rw-p 00016000 08:05 11674802                   /usr/lib/x86_64-linux-gnu/libxcb-glx.so.0.0.0
7fb357bf8000-7fb357bf9000 r-xp 00000000 08:05 11674028                   /usr/lib/x86_64-linux-gnu/libX11-xcb.so.1.0.0
7fb357bf9000-7fb357df8000 ---p 00001000 08:05 11674028                   /usr/lib/x86_64-linux-gnu/libX11-xcb.so.1.0.0
7fb357df8000-7fb357df9000 r--p 00000000 08:05 11674028                   /usr/lib/x86_64-linux-gnu/libX11-xcb.so.1.0.0
7fb357df9000-7fb357dfa000 rw-p 00001000 08:05 11674028                   /usr/lib/x86_64-linux-gnu/libX11-xcb.so.1.0.0
7fb357dfa000-7fb357dff000 r-xp 00000000 08:05 11674047                   /usr/lib/x86_64-linux-gnu/libXfixes.so.3.1.0
7fb357dff000-7fb357ffe000 ---p 00005000 08:05 11674047                   /usr/lib/x86_64-linux-gnu/libXfixes.so.3.1.0
7fb357ffe000-7fb357fff000 r--p 00004000 08:05 11674047                   /usr/lib/x86_64-linux-gnu/libXfixes.so.3.1.0
7fb357fff000-7fb358000000 rw-p 00005000 08:05 11674047                   /usr/lib/x86_64-linux-gnu/libXfixes.so.3.1.0
7fb358000000-7fb3580a6000 rw-p 00000000 00:00 0 
7fb3580a6000-7fb35c000000 ---p 00000000 00:00 0 
7fb35c000000-7fb35c2ed000 rw-p 00000000 00:00 0 
7fb35c2ed000-7fb360000000 ---p 00000000 00:00 0 
7fb360000000-7fb360021000 rw-p 00000000 00:00 0 
7fb360021000-7fb364000000 ---p 00000000 00:00 0 
7fb364000000-7fb364021000 rw-p 00000000 00:00 0 
7fb364021000-7fb368000000 ---p 00000000 00:00 0 
7fb368000000-7fb36863e000 rw-p 00000000 00:00 0 
7fb36863e000-7fb36c000000 ---p 00000000 00:00 0 
7fb36c000000-7fb36c021000 rw-p 00000000 00:00 0 
7fb36c021000-7fb370000000 ---p 00000000 00:00 0 
7fb370000000-7fb370021000 rw-p 00000000 00:00 0 
7fb370021000-7fb374000000 ---p 00000000 00:00 0 
7fb374000000-7fb37484f000 rw-p 00000000 00:00 0 
7fb37484f000-7fb378000000 ---p 00000000 00:00 0 
7fb378000000-7fb378021000 rw-p 00000000 00:00 0 
7fb378021000-7fb37c000000 ---p 00000000 00:00 0 
7fb37c000000-7fb37c021000 rw-p 00000000 00:00 0 
7fb37c021000-7fb380000000 ---p 00000000 00:00 0 
7fb380000000-7fb380021000 rw-p 00000000 00:00 0 
7fb380021000-7fb384000000 ---p 00000000 00:00 0 
7fb384000000-7fb384021000 rw-p 00000000 00:00 0 
7fb384021000-7fb388000000 ---p 00000000 00:00 0 
7fb388000000-7fb388021000 rw-p 00000000 00:00 0 
7fb388021000-7fb38c000000 ---p 00000000 00:00 0 
7fb38c000000-7fb38c021000 rw-p 00000000 00:00 0 
7fb38c021000-7fb390000000 ---p 00000000 00:00 0 
7fb390000000-7fb390021000 rw-p 00000000 00:00 0 
7fb390021000-7fb394000000 ---p 00000000 00:00 0 
7fb394000000-7fb394002000 r--s 00000000 08:05 658163                     /var/cache/fontconfig/2fe16cf53f8bd2da9ea33d9eb6e69eee-le64.cache-4
7fb394002000-7fb394004000 r-xp 00000000 08:05 11674041                   /usr/lib/x86_64-linux-gnu/libXdamage.so.1.1.0
7fb394004000-7fb394203000 ---p 00002000 08:05 11674041                   /usr/lib/x86_64-linux-gnu/libXdamage.so.1.1.0
7fb394203000-7fb394204000 r--p 00001000 08:05 11674041                   /usr/lib/x86_64-linux-gnu/libXdamage.so.1.1.0
7fb394204000-7fb394205000 rw-p 00002000 08:05 11674041                   /usr/lib/x86_64-linux-gnu/libXdamage.so.1.1.0
7fb394205000-7fb394226000 r-xp 00000000 08:05 11674313                   /usr/lib/x86_64-linux-gnu/libglapi.so.0.0.0
7fb394226000-7fb394426000 ---p 00021000 08:05 11674313                   /usr/lib/x86_64-linux-gnu/libglapi.so.0.0.0
7fb394426000-7fb394429000 r--p 00021000 08:05 11674313                   /usr/lib/x86_64-linux-gnu/libglapi.so.0.0.0
7fb394429000-7fb39442a000 rw-p 00024000 08:05 11674313                   /usr/lib/x86_64-linux-gnu/libglapi.so.0.0.0
7fb39442a000-7fb39442b000 rw-p 00000000 00:00 0 
7fb39442b000-7fb39443c000 r-xp 00000000 08:05 11674045                   /usr/lib/x86_64-linux-gnu/libXext.so.6.4.0
7fb39443c000-7fb39463b000 ---p 00011000 08:05 11674045                   /usr/lib/x86_64-linux-gnu/libXext.so.6.4.0
7fb39463b000-7fb39463c000 r--p 00010000 08:05 11674045                   /usr/lib/x86_64-linux-gnu/libXext.so.6.4.0
7fb39463c000-7fb39463d000 rw-p 00011000 08:05 11674045                   /usr/lib/x86_64-linux-gnu/libXext.so.6.4.0
7fb39463d000-7fb39465a000 r-xp 00000000 08:05 11674824                   /usr/lib/x86_64-linux-gnu/libxcb.so.1.1.0
7fb39465a000-7fb394859000 ---p 0001d000 08:05 11674824                   /usr/lib/x86_64-linux-gnu/libxcb.so.1.1.0
7fb394859000-7fb39485a000 r--p 0001c000 08:05 11674824                   /usr/lib/x86_64-linux-gnu/libxcb.so.1.1.0
7fb39485a000-7fb39485b000 rw-p 0001d000 08:05 11674824                   /usr/lib/x86_64-linux-gnu/libxcb.so.1.1.0
7fb39485b000-7fb3948b5000 r-xp 00000000 08:05 11929362                   /usr/lib/x86_64-linux-gnu/mesa/libGL.so.1.2.0
7fb3948b5000-7fb394ab5000 ---p 0005a000 08:05 11929362                   /usr/lib/x86_64-linux-gnu/mesa/libGL.so.1.2.0
7fb394ab5000-7fb394ab7000 r--p 0005a000 08:05 11929362                   /usr/lib/x86_64-linux-gnu/mesa/libGL.so.1.2.0
7fb394ab7000-7fb394ab8000 rw-p 0005c000 08:05 11929362                   /usr/lib/x86_64-linux-gnu/mesa/libGL.so.1.2.0
7fb394ab8000-7fb394ab9000 rw-p 00000000 00:00 0 
7fb394ab9000-7fb394abd000 r-xp 00000000 08:05 11674079                   /usr/lib/x86_64-linux-gnu/libXxf86vm.so.1.0.0
7fb394abd000-7fb394cbd000 ---p 00004000 08:05 11674079                   /usr/lib/x86_64-linux-gnu/libXxf86vm.so.1.0.0
7fb394cbd000-7fb394cbe000 r--p 00004000 08:05 11674079                   /usr/lib/x86_64-linux-gnu/libXxf86vm.so.1.0.0
7fb394cbe000-7fb394cbf000 rw-p 00005000 08:05 11674079                   /usr/lib/x86_64-linux-gnu/libXxf86vm.so.1.0.0
7fb394cbf000-7fb394def000 r-xp 00000000 08:05 11674030                   /usr/lib/x86_64-linux-gnu/libX11.so.6.3.0
7fb394def000-7fb394fef000 ---p 00130000 08:05 11674030                   /usr/lib/x86_64-linux-gnu/libX11.so.6.3.0
7fb394fef000-7fb394ff0000 r--p 00130000 08:05 11674030                   /usr/lib/x86_64-linux-gnu/libX11.so.6.3.0
7fb394ff0000-7fb394ff4000 rw-p 00131000 08:05 11674030                   /usr/lib/x86_64-linux-gnu/libX11.so.6.3.0
7fb394ff4000-7fb394ff5000 r--s 00000000 08:05 658161                     /var/cache/fontconfig/1ac9eb803944fde146138c791f5cc56a-le64.cache-4
7fb394ff5000-7fb394ffe000 r--s 00000000 08:05 658946                     /var/cache/fontconfig/3f7329c5293ffd510edef78f73874cfd-le64.cache-4
7fb394ffe000-7fb39500a000 r--s 00000000 08:05 658187                     /var/cache/fontconfig/d589a48862398ed80a3d6066f4f56f4c-le64.cache-4
7fb39500a000-7fb395014000 r--s 00250000 08:05 1575388                    /usr/local/jdk1.7.0_45/jre/lib/resources.jar
7fb395014000-7fb39501d000 r-xp 00000000 08:05 2231317                    /usr/local/jdk1.7.0_45/jre/lib/amd64/libprism-es2.so
7fb39501d000-7fb39521c000 ---p 00009000 08:05 2231317                    /usr/local/jdk1.7.0_45/jre/lib/amd64/libprism-es2.so
7fb39521c000-7fb39521d000 r--p 00008000 08:05 2231317                    /usr/local/jdk1.7.0_45/jre/lib/amd64/libprism-es2.so
7fb39521d000-7fb39521e000 rw-p 00009000 08:05 2231317                    /usr/local/jdk1.7.0_45/jre/lib/amd64/libprism-es2.so
7fb39521e000-7fb395221000 ---p 00000000 00:00 0 
7fb395221000-7fb39531f000 rw-p 00000000 00:00 0                          [stack:8080]
7fb39531f000-7fb395322000 ---p 00000000 00:00 0 
7fb395322000-7fb395420000 rw-p 00000000 00:00 0                          [stack:8079]
7fb395420000-7fb395436000 r-xp 00000000 08:05 3149736                    /lib/x86_64-linux-gnu/libresolv-2.17.so
7fb395436000-7fb395636000 ---p 00016000 08:05 3149736                    /lib/x86_64-linux-gnu/libresolv-2.17.so
7fb395636000-7fb395637000 r--p 00016000 08:05 3149736                    /lib/x86_64-linux-gnu/libresolv-2.17.so
7fb395637000-7fb395638000 rw-p 00017000 08:05 3149736                    /lib/x86_64-linux-gnu/libresolv-2.17.so
7fb395638000-7fb39563a000 rw-p 00000000 00:00 0 
7fb39563a000-7fb395640000 r-xp 00000000 08:05 3149689                    /lib/x86_64-linux-gnu/libnss_dns-2.17.so
7fb395640000-7fb39583f000 ---p 00006000 08:05 3149689                    /lib/x86_64-linux-gnu/libnss_dns-2.17.so
7fb39583f000-7fb395840000 r--p 00005000 08:05 3149689                    /lib/x86_64-linux-gnu/libnss_dns-2.17.so
7fb395840000-7fb395841000 rw-p 00006000 08:05 3149689                    /lib/x86_64-linux-gnu/libnss_dns-2.17.so
7fb395841000-7fb395843000 r-xp 00000000 08:05 3145766                    /lib/libnss_mdns4_minimal.so.2
7fb395843000-7fb395a42000 ---p 00002000 08:05 3145766                    /lib/libnss_mdns4_minimal.so.2
7fb395a42000-7fb395a43000 r--p 00001000 08:05 3145766                    /lib/libnss_mdns4_minimal.so.2
7fb395a43000-7fb395a44000 rw-p 00002000 08:05 3145766                    /lib/libnss_mdns4_minimal.so.2
7fb395a44000-7fb395a45000 r--s 00000000 08:05 658192                     /var/cache/fontconfig/dc05db6664285cc2f12bf69c139ae4c3-le64.cache-4
7fb395a45000-7fb395a49000 r--s 00000000 08:05 658185                     /var/cache/fontconfig/c57959a16110560c8d0fcea73374aeeb-le64.cache-4
7fb395a49000-7fb395a51000 rw-s 00000000 00:04 42460                      /drm mm object (deleted)
7fb395a51000-7fb395a64000 r--s 000d0000 08:05 1575397                    /usr/local/jdk1.7.0_45/jre/lib/plugin.jar
7fb395a64000-7fb395a7a000 r-xp 00000000 08:05 2231713                    /usr/local/jdk1.7.0_45/jre/lib/amd64/libnet.so
7fb395a7a000-7fb395c7a000 ---p 00016000 08:05 2231713                    /usr/local/jdk1.7.0_45/jre/lib/amd64/libnet.so
7fb395c7a000-7fb395c7b000 rw-p 00016000 08:05 2231713                    /usr/local/jdk1.7.0_45/jre/lib/amd64/libnet.so
7fb395c7b000-7fb395c99000 r-xp 00000000 08:05 2231512                    /usr/local/jdk1.7.0_45/jre/lib/amd64/libdeploy.so
7fb395c99000-7fb395e99000 ---p 0001e000 08:05 2231512                    /usr/local/jdk1.7.0_45/jre/lib/amd64/libdeploy.so
7fb395e99000-7fb395e9b000 rw-p 0001e000 08:05 2231512                    /usr/local/jdk1.7.0_45/jre/lib/amd64/libdeploy.so
7fb395e9b000-7fb395eab000 rw-p 00000000 00:00 0 
7fb395eab000-7fb395eae000 ---p 00000000 00:00 0 
7fb395eae000-7fb395fac000 rw-p 00000000 00:00 0                          [stack:8078]
7fb395fac000-7fb39603a000 r--s 00ddd000 08:05 1575401                    /usr/local/jdk1.7.0_45/jre/lib/jfxrt.jar
7fb39603a000-7fb39603b000 ---p 00000000 00:00 0 
7fb39603b000-7fb39613b000 rw-p 00000000 00:00 0                          [stack:8077]
7fb39613b000-7fb39613e000 ---p 00000000 00:00 0 
7fb39613e000-7fb39623c000 rw-p 00000000 00:00 0                          [stack:8076]
7fb39623c000-7fb39623f000 ---p 00000000 00:00 0 
7fb39623f000-7fb39633d000 rw-p 00000000 00:00 0                          [stack:8075]
7fb39633d000-7fb396340000 ---p 00000000 00:00 0 
7fb396340000-7fb39643e000 rw-p 00000000 00:00 0                          [stack:8074]
7fb39643e000-7fb396441000 ---p 00000000 00:00 0 
7fb396441000-7fb39653f000 rw-p 00000000 00:00 0                          [stack:8073]
7fb39653f000-7fb396939000 r--p 00000000 08:05 11672888                   /usr/lib/locale/locale-archive
7fb396939000-7fb39693c000 ---p 00000000 00:00 0 
7fb39693c000-7fb396a3a000 rw-p 00000000 00:00 0                          [stack:8072]
7fb396a3a000-7fb396a3d000 ---p 00000000 00:00 0 
7fb396a3d000-7fb396b3b000 rw-p 00000000 00:00 0                          [stack:8071]
7fb396b3b000-7fb396b3c000 ---p 00000000 00:00 0 
7fb396b3c000-7fb397b96000 rw-p 00000000 00:00 0                          [stack:8070]
7fb397b96000-7fb397d52000 r--s 039b2000 08:05 1575425                    /usr/local/jdk1.7.0_45/jre/lib/rt.jar
7fb397d52000-7fb39c157000 rw-p 00000000 00:00 0 
7fb39c157000-7fb39c158000 ---p 00000000 00:00 0 
7fb39c158000-7fb39c258000 rw-p 00000000 00:00 0                          [stack:8069]
7fb39c258000-7fb39c259000 ---p 00000000 00:00 0 
7fb39c259000-7fb39c359000 rw-p 00000000 00:00 0                          [stack:8068]
7fb39c359000-7fb39c35a000 ---p 00000000 00:00 0 
7fb39c35a000-7fb39c45a000 rw-p 00000000 00:00 0                          [stack:8067]
7fb39c45a000-7fb39c45b000 ---p 00000000 00:00 0 
7fb39c45b000-7fb39c584000 rw-p 00000000 00:00 0                          [stack:8066]
7fb39c584000-7fb39c7e3000 rw-p 00000000 00:00 0 
7fb39c7e3000-7fb39c7ee000 rw-p 00000000 00:00 0 
7fb39c7ee000-7fb39c80c000 rw-p 00000000 00:00 0 
7fb39c80c000-7fb39c835000 rw-p 00000000 00:00 0 
7fb39c835000-7fb39ca93000 rw-p 00000000 00:00 0 
7fb39ca93000-7fb39caa8000 rw-p 00000000 00:00 0 
7fb39caa8000-7fb39cbd7000 rw-p 00000000 00:00 0 
7fb39cbd7000-7fb39cbd8000 rw-p 00000000 00:00 0 
7fb39cbd8000-7fb39ce48000 rwxp 00000000 00:00 0 
7fb39ce48000-7fb39fbd8000 rw-p 00000000 00:00 0 
7fb39fbd8000-7fb39fbf2000 r-xp 00000000 08:05 2231711                    /usr/local/jdk1.7.0_45/jre/lib/amd64/libzip.so
7fb39fbf2000-7fb39fdf2000 ---p 0001a000 08:05 2231711                    /usr/local/jdk1.7.0_45/jre/lib/amd64/libzip.so
7fb39fdf2000-7fb39fdf3000 rw-p 0001a000 08:05 2231711                    /usr/local/jdk1.7.0_45/jre/lib/amd64/libzip.so
7fb39fdf3000-7fb39fdff000 r-xp 00000000 08:05 3149691                    /lib/x86_64-linux-gnu/libnss_files-2.17.so
7fb39fdff000-7fb39fffe000 ---p 0000c000 08:05 3149691                    /lib/x86_64-linux-gnu/libnss_files-2.17.so
7fb39fffe000-7fb39ffff000 r--p 0000b000 08:05 3149691                    /lib/x86_64-linux-gnu/libnss_files-2.17.so
7fb39ffff000-7fb3a0000000 rw-p 0000c000 08:05 3149691                    /lib/x86_64-linux-gnu/libnss_files-2.17.so
7fb3a0000000-7fb3a02af000 rw-p 00000000 00:00 0 
7fb3a02af000-7fb3a4000000 ---p 00000000 00:00 0 
7fb3a4000000-7fb3a4001000 r--s 00000000 08:05 658167                     /var/cache/fontconfig/4794a0821666d79190d59a36cb4f44b5-le64.cache-4
7fb3a4001000-7fb3a4002000 r--s 00000000 08:05 658169                     /var/cache/fontconfig/56cf4f4769d0f4abc89a4895d7bd3ae1-le64.cache-4
7fb3a4002000-7fb3a4003000 r--s 00000000 08:05 658183                     /var/cache/fontconfig/b9d506c9ac06c20b433354fa67a72993-le64.cache-4
7fb3a4003000-7fb3a4004000 r--s 00000000 08:05 658158                     /var/cache/fontconfig/0c9eb80ebd1c36541ebe2852d3bb0c49-le64.cache-4
7fb3a4004000-7fb3a4007000 r--s 00000000 08:05 658688                     /var/cache/fontconfig/e13b20fdb08344e0e664864cc2ede53d-le64.cache-4
7fb3a4007000-7fb3a403a000 rw-p 00000000 00:00 0 
7fb3a403a000-7fb3a4058000 rw-p 00000000 00:00 0 
7fb3a4058000-7fb3a4063000 r-xp 00000000 08:05 3149695                    /lib/x86_64-linux-gnu/libnss_nis-2.17.so
7fb3a4063000-7fb3a4262000 ---p 0000b000 08:05 3149695                    /lib/x86_64-linux-gnu/libnss_nis-2.17.so
7fb3a4262000-7fb3a4263000 r--p 0000a000 08:05 3149695                    /lib/x86_64-linux-gnu/libnss_nis-2.17.so
7fb3a4263000-7fb3a4264000 rw-p 0000b000 08:05 3149695                    /lib/x86_64-linux-gnu/libnss_nis-2.17.so
7fb3a4264000-7fb3a427b000 r-xp 00000000 08:05 3149685                    /lib/x86_64-linux-gnu/libnsl-2.17.so
7fb3a427b000-7fb3a447a000 ---p 00017000 08:05 3149685                    /lib/x86_64-linux-gnu/libnsl-2.17.so
7fb3a447a000-7fb3a447b000 r--p 00016000 08:05 3149685                    /lib/x86_64-linux-gnu/libnsl-2.17.so
7fb3a447b000-7fb3a447c000 rw-p 00017000 08:05 3149685                    /lib/x86_64-linux-gnu/libnsl-2.17.so
7fb3a447c000-7fb3a447e000 rw-p 00000000 00:00 0 
7fb3a447e000-7fb3a4486000 r-xp 00000000 08:05 3149687                    /lib/x86_64-linux-gnu/libnss_compat-2.17.so
7fb3a4486000-7fb3a4685000 ---p 00008000 08:05 3149687                    /lib/x86_64-linux-gnu/libnss_compat-2.17.so
7fb3a4685000-7fb3a4686000 r--p 00007000 08:05 3149687                    /lib/x86_64-linux-gnu/libnss_compat-2.17.so
7fb3a4686000-7fb3a4687000 rw-p 00008000 08:05 3149687                    /lib/x86_64-linux-gnu/libnss_compat-2.17.so
7fb3a4687000-7fb3a46b0000 r-xp 00000000 08:05 2231646                    /usr/local/jdk1.7.0_45/jre/lib/amd64/libjava.so
7fb3a46b0000-7fb3a48b0000 ---p 00029000 08:05 2231646                    /usr/local/jdk1.7.0_45/jre/lib/amd64/libjava.so
7fb3a48b0000-7fb3a48b2000 rw-p 00029000 08:05 2231646                    /usr/local/jdk1.7.0_45/jre/lib/amd64/libjava.so
7fb3a48b2000-7fb3a48bf000 r-xp 00000000 08:05 2231511                    /usr/local/jdk1.7.0_45/jre/lib/amd64/libverify.so
7fb3a48bf000-7fb3a4abe000 ---p 0000d000 08:05 2231511                    /usr/local/jdk1.7.0_45/jre/lib/amd64/libverify.so
7fb3a4abe000-7fb3a4ac0000 rw-p 0000c000 08:05 2231511                    /usr/local/jdk1.7.0_45/jre/lib/amd64/libverify.so
7fb3a4ac0000-7fb3a4ac7000 r-xp 00000000 08:05 3149738                    /lib/x86_64-linux-gnu/librt-2.17.so
7fb3a4ac7000-7fb3a4cc6000 ---p 00007000 08:05 3149738                    /lib/x86_64-linux-gnu/librt-2.17.so
7fb3a4cc6000-7fb3a4cc7000 r--p 00006000 08:05 3149738                    /lib/x86_64-linux-gnu/librt-2.17.so
7fb3a4cc7000-7fb3a4cc8000 rw-p 00007000 08:05 3149738                    /lib/x86_64-linux-gnu/librt-2.17.so
7fb3a4cc8000-7fb3a4dcb000 r-xp 00000000 08:05 3149666                    /lib/x86_64-linux-gnu/libm-2.17.so
7fb3a4dcb000-7fb3a4fca000 ---p 00103000 08:05 3149666                    /lib/x86_64-linux-gnu/libm-2.17.so
7fb3a4fca000-7fb3a4fcb000 r--p 00102000 08:05 3149666                    /lib/x86_64-linux-gnu/libm-2.17.so
7fb3a4fcb000-7fb3a4fcc000 rw-p 00103000 08:05 3149666                    /lib/x86_64-linux-gnu/libm-2.17.so
7fb3a4fcc000-7fb3a5b2e000 r-xp 00000000 08:05 2231274                    /usr/local/jdk1.7.0_45/jre/lib/amd64/server/libjvm.so
7fb3a5b2e000-7fb3a5d2e000 ---p 00b62000 08:05 2231274                    /usr/local/jdk1.7.0_45/jre/lib/amd64/server/libjvm.so
7fb3a5d2e000-7fb3a5df1000 rw-p 00b62000 08:05 2231274                    /usr/local/jdk1.7.0_45/jre/lib/amd64/server/libjvm.so
7fb3a5df1000-7fb3a5e32000 rw-p 00000000 00:00 0 
7fb3a5e32000-7fb3a5fef000 r-xp 00000000 08:05 3149615                    /lib/x86_64-linux-gnu/libc-2.17.so
7fb3a5fef000-7fb3a61ef000 ---p 001bd000 08:05 3149615                    /lib/x86_64-linux-gnu/libc-2.17.so
7fb3a61ef000-7fb3a61f3000 r--p 001bd000 08:05 3149615                    /lib/x86_64-linux-gnu/libc-2.17.so
7fb3a61f3000-7fb3a61f5000 rw-p 001c1000 08:05 3149615                    /lib/x86_64-linux-gnu/libc-2.17.so
7fb3a61f5000-7fb3a61fa000 rw-p 00000000 00:00 0 
7fb3a61fa000-7fb3a61fd000 r-xp 00000000 08:05 3149630                    /lib/x86_64-linux-gnu/libdl-2.17.so
7fb3a61fd000-7fb3a63fc000 ---p 00003000 08:05 3149630                    /lib/x86_64-linux-gnu/libdl-2.17.so
7fb3a63fc000-7fb3a63fd000 r--p 00002000 08:05 3149630                    /lib/x86_64-linux-gnu/libdl-2.17.so
7fb3a63fd000-7fb3a63fe000 rw-p 00003000 08:05 3149630                    /lib/x86_64-linux-gnu/libdl-2.17.so
7fb3a63fe000-7fb3a6414000 r-xp 00000000 08:05 2231436                    /usr/local/jdk1.7.0_45/jre/lib/amd64/jli/libjli.so
7fb3a6414000-7fb3a6614000 ---p 00016000 08:05 2231436                    /usr/local/jdk1.7.0_45/jre/lib/amd64/jli/libjli.so
7fb3a6614000-7fb3a6615000 rw-p 00016000 08:05 2231436                    /usr/local/jdk1.7.0_45/jre/lib/amd64/jli/libjli.so
7fb3a6615000-7fb3a662c000 r-xp 00000000 08:05 3149730                    /lib/x86_64-linux-gnu/libpthread-2.17.so
7fb3a662c000-7fb3a682c000 ---p 00017000 08:05 3149730                    /lib/x86_64-linux-gnu/libpthread-2.17.so
7fb3a682c000-7fb3a682d000 r--p 00017000 08:05 3149730                    /lib/x86_64-linux-gnu/libpthread-2.17.so
7fb3a682d000-7fb3a682e000 rw-p 00018000 08:05 3149730                    /lib/x86_64-linux-gnu/libpthread-2.17.so
7fb3a682e000-7fb3a6832000 rw-p 00000000 00:00 0 
7fb3a6832000-7fb3a6855000 r-xp 00000000 08:05 3149589                    /lib/x86_64-linux-gnu/ld-2.17.so
7fb3a6855000-7fb3a686d000 r--s 001cd000 08:05 1575398                    /usr/local/jdk1.7.0_45/jre/lib/deploy.jar
7fb3a686d000-7fb3a6877000 rw-p 00000000 00:00 0 
7fb3a6877000-7fb3a692d000 rw-p 00000000 00:00 0 
7fb3a692d000-7fb3a6930000 ---p 00000000 00:00 0 
7fb3a6930000-7fb3a6a32000 rw-p 00000000 00:00 0                          [stack:8062]
7fb3a6a32000-7fb3a6a36000 r--s 00000000 08:05 658990                     /var/cache/fontconfig/7ef2298fde41cc6eeb7af42e48b7d293-le64.cache-4
7fb3a6a36000-7fb3a6a3f000 r--s 00064000 08:05 1575399                    /usr/local/jdk1.7.0_45/jre/lib/javaws.jar
7fb3a6a3f000-7fb3a6a43000 r--s 000f7000 08:05 2231186                    /usr/local/jdk1.7.0_45/jre/lib/ext/localedata.jar
7fb3a6a43000-7fb3a6a47000 r--s 0008a000 08:05 1575404                    /usr/local/jdk1.7.0_45/jre/lib/jsse.jar
7fb3a6a47000-7fb3a6a48000 r--s 0002d000 08:03 9833795                    /home/sergio/Programacin/JavaFX/ExeaMusicPlayer/Player/dist/run352925035/Player.jar
7fb3a6a48000-7fb3a6a50000 rw-s 00000000 08:05 11010090                   /tmp/hsperfdata_sergio/8061
7fb3a6a50000-7fb3a6a51000 rw-p 00000000 00:00 0 
7fb3a6a51000-7fb3a6a52000 r--p 00000000 00:00 0 
7fb3a6a52000-7fb3a6a54000 rw-p 00000000 00:00 0 
7fb3a6a54000-7fb3a6a55000 r--p 00022000 08:05 3149589                    /lib/x86_64-linux-gnu/ld-2.17.so
7fb3a6a55000-7fb3a6a57000 rw-p 00023000 08:05 3149589                    /lib/x86_64-linux-gnu/ld-2.17.so
7fff0b483000-7fff0b4a4000 rw-p 00000000 00:00 0                          [stack]
7fff0b5fe000-7fff0b600000 r-xp 00000000 00:00 0                          [vdso]
ffffffffff600000-ffffffffff601000 r-xp 00000000 00:00 0                  [vsyscall]

VM Arguments:
jvm_args: -Dfile.encoding=UTF-8 
java_command: /home/sergio/Programacin/JavaFX/ExeaMusicPlayer/Player/dist/run352925035/Player.jar
Launcher Type: SUN_STANDARD

Environment Variables:
PATH=/usr/lib/lightdm/lightdm:/usr/local/sbin:/usr/local/bin:/usr/sbin:/usr/bin:/sbin:/bin:/usr/games:/usr/local/games
LD_LIBRARY_PATH=/usr/local/jdk1.7.0_45/jre/lib/amd64:/usr/local/jdk1.7.0_45/jre/lib/i386:
SHELL=/bin/bash
DISPLAY=:0

Signal Handlers:
SIGSEGV: [libjvm.so+0x9935b0], sa_mask[0]=0x7ffbfeff, sa_flags=0x10000004
SIGBUS: [libjvm.so+0x9935b0], sa_mask[0]=0x7ffbfeff, sa_flags=0x10000004
SIGFPE: [libjvm.so+0x810330], sa_mask[0]=0x7ffbfeff, sa_flags=0x10000004
SIGPIPE: SIG_IGN, sa_mask[0]=0x00001000, sa_flags=0x10000000
SIGXFSZ: [libjvm.so+0x810330], sa_mask[0]=0x7ffbfeff, sa_flags=0x10000004
SIGILL: [libjvm.so+0x810330], sa_mask[0]=0x7ffbfeff, sa_flags=0x10000004
SIGUSR1: SIG_DFL, sa_mask[0]=0x00000000, sa_flags=0x00000000
SIGUSR2: [libjvm.so+0x811820], sa_mask[0]=0x00000004, sa_flags=0x10000004
SIGHUP: [libjvm.so+0x812790], sa_mask[0]=0x7ffbfeff, sa_flags=0x10000004
SIGINT: SIG_IGN, sa_mask[0]=0x00000000, sa_flags=0x00000000
SIGTERM: [libjvm.so+0x812790], sa_mask[0]=0x7ffbfeff, sa_flags=0x10000004
SIGQUIT: [libjvm.so+0x812790], sa_mask[0]=0x7ffbfeff, sa_flags=0x10000004


---------------  S Y S T E M  ---------------

OS:wheezy/sid

uname:Linux 3.11.0-12-generic #19-Ubuntu SMP Wed Oct 9 16:20:46 UTC 2013 x86_64
libc:glibc 2.17 NPTL 2.17 
rlimit: STACK 8192k, CORE 0k, NPROC 61918, NOFILE 4096, AS infinity
load average:1,62 0,66 0,46

/proc/meminfo:
MemTotal:        7953504 kB
MemFree:         4097488 kB
Buffers:          283468 kB
Cached:          1462728 kB
SwapCached:            0 kB
Active:          2351372 kB
Inactive:        1175472 kB
Active(anon):    1782528 kB
Inactive(anon):   172140 kB
Active(file):     568844 kB
Inactive(file):  1003332 kB
Unevictable:          32 kB
Mlocked:              32 kB
SwapTotal:       7812092 kB
SwapFree:        7812092 kB
Dirty:              7940 kB
Writeback:             0 kB
AnonPages:       1780984 kB
Mapped:           336460 kB
Shmem:            173976 kB
Slab:             209008 kB
SReclaimable:     170664 kB
SUnreclaim:        38344 kB
KernelStack:        4768 kB
PageTables:        40088 kB
NFS_Unstable:          0 kB
Bounce:                0 kB
WritebackTmp:          0 kB
CommitLimit:    11788844 kB
Committed_AS:    5163216 kB
VmallocTotal:   34359738367 kB
VmallocUsed:      356100 kB
VmallocChunk:   34359379556 kB
HardwareCorrupted:     0 kB
AnonHugePages:         0 kB
HugePages_Total:       0
HugePages_Free:        0
HugePages_Rsvd:        0
HugePages_Surp:        0
Hugepagesize:       2048 kB
DirectMap4k:       67508 kB
DirectMap2M:     8097792 kB


CPU:total 4 (2 cores per cpu, 2 threads per core) family 6 model 58 stepping 9, cmov, cx8, fxsr, mmx, sse, sse2, sse3, ssse3, sse4.1, sse4.2, popcnt, avx, aes, erms, ht, tsc, tscinvbit, tscinv

/proc/cpuinfo:
processor	: 0
vendor_id	: GenuineIntel
cpu family	: 6
model		: 58
model name	: Intel(R) Core(TM) i5-3210M CPU @ 2.50GHz
stepping	: 9
microcode	: 0x15
cpu MHz		: 1200.000
cache size	: 3072 KB
physical id	: 0
siblings	: 4
core id		: 0
cpu cores	: 2
apicid		: 0
initial apicid	: 0
fpu		: yes
fpu_exception	: yes
cpuid level	: 13
wp		: yes
flags		: fpu vme de pse tsc msr pae mce cx8 apic sep mtrr pge mca cmov pat pse36 clflush dts acpi mmx fxsr sse sse2 ss ht tm pbe syscall nx rdtscp lm constant_tsc arch_perfmon pebs bts rep_good nopl xtopology nonstop_tsc aperfmperf eagerfpu pni pclmulqdq dtes64 monitor ds_cpl vmx est tm2 ssse3 cx16 xtpr pdcm pcid sse4_1 sse4_2 x2apic popcnt tsc_deadline_timer aes xsave avx f16c rdrand lahf_lm ida arat epb xsaveopt pln pts dtherm tpr_shadow vnmi flexpriority ept vpid fsgsbase smep erms
bogomips	: 4988.39
clflush size	: 64
cache_alignment	: 64
address sizes	: 36 bits physical, 48 bits virtual
power management:

processor	: 1
vendor_id	: GenuineIntel
cpu family	: 6
model		: 58
model name	: Intel(R) Core(TM) i5-3210M CPU @ 2.50GHz
stepping	: 9
microcode	: 0x15
cpu MHz		: 2500.000
cache size	: 3072 KB
physical id	: 0
siblings	: 4
core id		: 0
cpu cores	: 2
apicid		: 1
initial apicid	: 1
fpu		: yes
fpu_exception	: yes
cpuid level	: 13
wp		: yes
flags		: fpu vme de pse tsc msr pae mce cx8 apic sep mtrr pge mca cmov pat pse36 clflush dts acpi mmx fxsr sse sse2 ss ht tm pbe syscall nx rdtscp lm constant_tsc arch_perfmon pebs bts rep_good nopl xtopology nonstop_tsc aperfmperf eagerfpu pni pclmulqdq dtes64 monitor ds_cpl vmx est tm2 ssse3 cx16 xtpr pdcm pcid sse4_1 sse4_2 x2apic popcnt tsc_deadline_timer aes xsave avx f16c rdrand lahf_lm ida arat epb xsaveopt pln pts dtherm tpr_shadow vnmi flexpriority ept vpid fsgsbase smep erms
bogomips	: 4988.39
clflush size	: 64
cache_alignment	: 64
address sizes	: 36 bits physical, 48 bits virtual
power management:

processor	: 2
vendor_id	: GenuineIntel
cpu family	: 6
model		: 58
model name	: Intel(R) Core(TM) i5-3210M CPU @ 2.50GHz
stepping	: 9
microcode	: 0x15
cpu MHz		: 1200.000
cache size	: 3072 KB
physical id	: 0
siblings	: 4
core id		: 1
cpu cores	: 2
apicid		: 2
initial apicid	: 2
fpu		: yes
fpu_exception	: yes
cpuid level	: 13
wp		: yes
flags		: fpu vme de pse tsc msr pae mce cx8 apic sep mtrr pge mca cmov pat pse36 clflush dts acpi mmx fxsr sse sse2 ss ht tm pbe syscall nx rdtscp lm constant_tsc arch_perfmon pebs bts rep_good nopl xtopology nonstop_tsc aperfmperf eagerfpu pni pclmulqdq dtes64 monitor ds_cpl vmx est tm2 ssse3 cx16 xtpr pdcm pcid sse4_1 sse4_2 x2apic popcnt tsc_deadline_timer aes xsave avx f16c rdrand lahf_lm ida arat epb xsaveopt pln pts dtherm tpr_shadow vnmi flexpriority ept vpid fsgsbase smep erms
bogomips	: 4988.39
clflush size	: 64
cache_alignment	: 64
address sizes	: 36 bits physical, 48 bits virtual
power management:

processor	: 3
vendor_id	: GenuineIntel
cpu family	: 6
model		: 58
model name	: Intel(R) Core(TM) i5-3210M CPU @ 2.50GHz
stepping	: 9
microcode	: 0x15
cpu MHz		: 2400.000
cache size	: 3072 KB
physical id	: 0
siblings	: 4
core id		: 1
cpu cores	: 2
apicid		: 3
initial apicid	: 3
fpu		: yes
fpu_exception	: yes
cpuid level	: 13
wp		: yes
flags		: fpu vme de pse tsc msr pae mce cx8 apic sep mtrr pge mca cmov pat pse36 clflush dts acpi mmx fxsr sse sse2 ss ht tm pbe syscall nx rdtscp lm constant_tsc arch_perfmon pebs bts rep_good nopl xtopology nonstop_tsc aperfmperf eagerfpu pni pclmulqdq dtes64 monitor ds_cpl vmx est tm2 ssse3 cx16 xtpr pdcm pcid sse4_1 sse4_2 x2apic popcnt tsc_deadline_timer aes xsave avx f16c rdrand lahf_lm ida arat epb xsaveopt pln pts dtherm tpr_shadow vnmi flexpriority ept vpid fsgsbase smep erms
bogomips	: 4988.39
clflush size	: 64
cache_alignment	: 64
address sizes	: 36 bits physical, 48 bits virtual
power management:



Memory: 4k page, physical 7953504k(4097488k free), swap 7812092k(7812092k free)

vm_info: Java HotSpot(TM) 64-Bit Server VM (24.45-b08) for linux-amd64 JRE (1.7.0_45-b18), built on Oct  8 2013 05:44:25 by "java_re" with gcc 4.3.0 20080428 (Red Hat 4.3.0-8)

time: Wed Nov  6 08:08:03 2013
elapsed time: 4 seconds

