#
# A fatal error has been detected by the Java Runtime Environment:
#
#  SIGSEGV (0xb) at pc=0x00007fb33c022a4c, pid=29197, tid=140407003023104
#
# JRE version: Java(TM) SE Runtime Environment (7.0_45-b18) (build 1.7.0_45-b18)
# Java VM: Java HotSpot(TM) 64-Bit Server VM (24.45-b08 mixed mode linux-amd64 compressed oops)
# Problematic frame:
# C  [fxplugins.so+0xea4c]  cache_has_enough_data+0x0
#
# Failed to write core dump. Core dumps have been disabled. To enable core dumping, try "ulimit -c unlimited" before starting Java again
#
# If you would like to submit a bug report, please visit:
#   http://bugreport.sun.com/bugreport/crash.jsp
#

---------------  T H R E A D  ---------------

Current thread is native thread

siginfo:si_signo=SIGSEGV: si_errno=0, si_code=1 (SEGV_MAPERR), si_addr=0x0000000000000018

Registers:
RAX=0x0000000000000000, RBX=0x00007fb32806c020, RCX=0x00007fb32802bf40, RDX=0x0000000000000001
RSP=0x00007fb30d89fdc8, RBP=0x00007fb3301d3d10, RSI=0x0000000000000003, RDI=0x0000000000000000
R8 =0x00007fb328028c90, R9 =0x0000000000007235, R10=0x0000000000000001, R11=0x0000000000000000
R12=0x0000000000000000, R13=0x00007fb30d89fde8, R14=0x00007fb30fffeac0, R15=0x00007fb3301d3dc0
RIP=0x00007fb33c022a4c, EFLAGS=0x0000000000010246, CSGSFS=0x0000000000000033, ERR=0x0000000000000004
  TRAPNO=0x000000000000000e

Top of Stack: (sp=0x00007fb30d89fdc8)
0x00007fb30d89fdc8:   00007fb33c0215e8 00007fb33405e450
0x00007fb30d89fdd8:   00007fb32806c020 00007fb334009840
0x00007fb30d89fde8:   00007fb33f3eab35 00007fb3301d3d70
0x00007fb30d89fdf8:   00007fb3301d3d10 00007fb33405e450
0x00007fb30d89fe08:   00007fb334009840 00007fb30fffeac0
0x00007fb30d89fe18:   00007fb33c2a6240 0000000000000001
0x00007fb30d89fe28:   00007fb328016360 00007fb33400a0b0
0x00007fb30d89fe38:   0000000000000001 0000000000000000
0x00007fb30d89fe48:   00007fb30fffeac0 0000000000001000
0x00007fb30d89fe58:   00007fb33f43baa6 0000000000000000
0x00007fb30d89fe68:   00007fb33405e450 0000000000000000
0x00007fb30d89fe78:   0000000000000000 00007fb397172060
0x00007fb30d89fe88:   00007fb30fffeac0 0000000000001000
0x00007fb30d89fe98:   00007fb33f43b0e5 0000000000000000
0x00007fb30d89fea8:   00007fb396d39f6e 0000000000000000
0x00007fb30d89feb8:   00007fb30d8a0700 00007fb30d8a0700
0x00007fb30d89fec8:   01785aa606ce8ec5 0000000000000000
0x00007fb30d89fed8:   00007fb397172060 00007fb30fffeac0
0x00007fb30d89fee8:   0000000000001000 fe1e41b5fbae8ec5
0x00007fb30d89fef8:   fe1f770138a08ec5 0000000000000000
0x00007fb30d89ff08:   0000000000000000 0000000000000000
0x00007fb30d89ff18:   0000000000000000 0000000000000000
0x00007fb30d89ff28:   0000000000000000 0000000000000000
0x00007fb30d89ff38:   0000000000000000 0000000000000000
0x00007fb30d89ff48:   0000000000000000 0000000000000000
0x00007fb30d89ff58:   0000000000000000 0000000000000000
0x00007fb30d89ff68:   0000000000000000 0000000000000000
0x00007fb30d89ff78:   0000000000000000 0000000000000000
0x00007fb30d89ff88:   0000000000000000 0000000000000000
0x00007fb30d89ff98:   0000000000000000 0000000000000000
0x00007fb30d89ffa8:   0000000000000000 00007fb30d8a0700
0x00007fb30d89ffb8:   00007fb3966499cd 0000000000000000 

Instructions: (pc=0x00007fb33c022a4c)
0x00007fb33c022a2c:   48 8b 05 05 f5 20 00 48 8b bd f8 00 00 00 ff 50
0x00007fb33c022a3c:   18 48 89 df e8 2b 8c ff ff 31 c0 5a 5b 5d c3 90
0x00007fb33c022a4c:   48 8b 47 18 48 39 47 10 0f 9c c0 0f b6 c0 c3 55
0x00007fb33c022a5c:   b8 01 00 00 00 48 89 f5 53 48 89 fb 48 83 ec 08 

Register to memory mapping:

RAX=0x0000000000000000 is an unknown value
RBX=0x00007fb32806c020 is an unknown value
RCX=0x00007fb32802bf40 is an unknown value
RDX=0x0000000000000001 is an unknown value
RSP=0x00007fb30d89fdc8 is an unknown value
RBP=0x00007fb3301d3d10 is an unknown value
RSI=0x0000000000000003 is an unknown value
RDI=0x0000000000000000 is an unknown value
R8 =0x00007fb328028c90 is an unknown value
R9 =0x0000000000007235 is an unknown value
R10=0x0000000000000001 is an unknown value
R11=0x0000000000000000 is an unknown value
R12=0x0000000000000000 is an unknown value
R13=0x00007fb30d89fde8 is an unknown value
R14=0x00007fb30fffeac0 is pointing into the stack for thread: 0x00007fb33400b000
R15=0x00007fb3301d3dc0 is an unknown value


Stack: [0x00007fb30d0a0000,0x00007fb30d8a1000],  sp=0x00007fb30d89fdc8,  free space=8191k
Native frames: (J=compiled Java code, j=interpreted, Vv=VM code, C=native code)
C  [fxplugins.so+0xea4c]  cache_has_enough_data+0x0


---------------  P R O C E S S  ---------------

VM state:not at safepoint (normal execution)

VM Mutex/Monitor currently owned by a thread: None

Heap
 PSYoungGen      total 36352K, used 17166K [0x00000000d7880000, 0x00000000da100000, 0x0000000100000000)
  eden space 31232K, 38% used [0x00000000d7880000,0x00000000d844a910,0x00000000d9700000)
  from space 5120K, 99% used [0x00000000d9700000,0x00000000d9bf8fa8,0x00000000d9c00000)
  to   space 5120K, 0% used [0x00000000d9c00000,0x00000000d9c00000,0x00000000da100000)
 ParOldGen       total 82432K, used 2760K [0x0000000086a00000, 0x000000008ba80000, 0x00000000d7880000)
  object space 82432K, 3% used [0x0000000086a00000,0x0000000086cb2378,0x000000008ba80000)
 PSPermGen       total 21504K, used 17301K [0x0000000081800000, 0x0000000082d00000, 0x0000000086a00000)
  object space 21504K, 80% used [0x0000000081800000,0x00000000828e5688,0x0000000082d00000)

Card table byte_map: [0x00007fb38cc0b000,0x00007fb38d000000] byte_map_base: 0x00007fb38c7ff000

Polling page: 0x00007fb39716e000

Code Cache  [0x00007fb38d000000, 0x00007fb38d270000, 0x00007fb390000000)
 total_blobs=771 nmethods=177 adapters=547 free_code_cache=48086Kb largest_free_block=49217280

Compilation events (10 events):
Event: 2,097 Thread 0x00007fb390158800 nmethod 166 0x00007fb38d103d90 code [0x00007fb38d1041c0, 0x00007fb38d106fd0]
Event: 2,113 Thread 0x00007fb39015b800 nmethod 174% 0x00007fb38d102750 code [0x00007fb38d102960, 0x00007fb38d103398]
Event: 2,159 Thread 0x00007fb390158800  175             com.sun.scenario.effect.impl.sw.java.JSWBlend_ADDPeer::filter (1315 bytes)
Event: 2,162 Thread 0x00007fb39015b800  176             com.sun.scenario.effect.impl.sw.java.JSWBoxShadowPeer::filterHorizontalBlack (208 bytes)
Event: 2,173 Thread 0x00007fb39015b800 nmethod 176 0x00007fb38d06b850 code [0x00007fb38d06b9a0, 0x00007fb38d06bcb8]
Event: 2,173 Thread 0x00007fb39015b800  177             com.sun.scenario.effect.impl.sw.java.JSWBoxShadowPeer::filterVerticalBlack (208 bytes)
Event: 2,179 Thread 0x00007fb39015b800 nmethod 177 0x00007fb38d0fc9d0 code [0x00007fb38d0fcb20, 0x00007fb38d0fce78]
Event: 2,179 Thread 0x00007fb39015b800  178             java.awt.GradientPaintContext::cycleFillRaster (104 bytes)
Event: 2,183 Thread 0x00007fb39015b800 nmethod 178 0x00007fb38d102050 code [0x00007fb38d1021e0, 0x00007fb38d102638]
Event: 2,190 Thread 0x00007fb390158800 nmethod 175 0x00007fb38d10b6d0 code [0x00007fb38d10ba80, 0x00007fb38d10ceb0]

GC Heap History (2 events):
Event: 1,531 GC heap before
{Heap before GC invocations=1 (full 0):
 PSYoungGen      total 36352K, used 31181K [0x00000000d7880000, 0x00000000da100000, 0x0000000100000000)
  eden space 31232K, 99% used [0x00000000d7880000,0x00000000d96f3608,0x00000000d9700000)
  from space 5120K, 0% used [0x00000000d9c00000,0x00000000d9c00000,0x00000000da100000)
  to   space 5120K, 0% used [0x00000000d9700000,0x00000000d9700000,0x00000000d9c00000)
 ParOldGen       total 82432K, used 0K [0x0000000086a00000, 0x000000008ba80000, 0x00000000d7880000)
  object space 82432K, 0% used [0x0000000086a00000,0x0000000086a00000,0x000000008ba80000)
 PSPermGen       total 21504K, used 15658K [0x0000000081800000, 0x0000000082d00000, 0x0000000086a00000)
  object space 21504K, 72% used [0x0000000081800000,0x000000008274ab70,0x0000000082d00000)
Event: 1,544 GC heap after
Heap after GC invocations=1 (full 0):
 PSYoungGen      total 36352K, used 5091K [0x00000000d7880000, 0x00000000da100000, 0x0000000100000000)
  eden space 31232K, 0% used [0x00000000d7880000,0x00000000d7880000,0x00000000d9700000)
  from space 5120K, 99% used [0x00000000d9700000,0x00000000d9bf8fa8,0x00000000d9c00000)
  to   space 5120K, 0% used [0x00000000d9c00000,0x00000000d9c00000,0x00000000da100000)
 ParOldGen       total 82432K, used 2760K [0x0000000086a00000, 0x000000008ba80000, 0x00000000d7880000)
  object space 82432K, 3% used [0x0000000086a00000,0x0000000086cb2378,0x000000008ba80000)
 PSPermGen       total 21504K, used 15658K [0x0000000081800000, 0x0000000082d00000, 0x0000000086a00000)
  object space 21504K, 72% used [0x0000000081800000,0x000000008274ab70,0x0000000082d00000)
}

Deoptimization events (10 events):
Event: 1,454 Thread 0x00007fb34803c000 Uncommon trap: reason=bimorphic action=maybe_recompile pc=0x00007fb38d0b5164 method=java.util.Collections$UnmodifiableCollection.size()I @ 4
Event: 1,454 Thread 0x00007fb34803c000 Uncommon trap: reason=bimorphic action=maybe_recompile pc=0x00007fb38d0c3044 method=java.util.Collections$UnmodifiableList.get(I)Ljava/lang/Object; @ 5
Event: 1,454 Thread 0x00007fb34803c000 Uncommon trap: reason=bimorphic action=maybe_recompile pc=0x00007fb38d0c3044 method=java.util.Collections$UnmodifiableList.get(I)Ljava/lang/Object; @ 5
Event: 1,454 Thread 0x00007fb34803c000 Uncommon trap: reason=bimorphic action=maybe_recompile pc=0x00007fb38d0b5164 method=java.util.Collections$UnmodifiableCollection.size()I @ 4
Event: 1,454 Thread 0x00007fb34803c000 Uncommon trap: reason=bimorphic action=maybe_recompile pc=0x00007fb38d0c3044 method=java.util.Collections$UnmodifiableList.get(I)Ljava/lang/Object; @ 5
Event: 1,839 Thread 0x00007fb34803c000 Uncommon trap: reason=class_check action=maybe_recompile pc=0x00007fb38d06323c method=java.util.Properties$LineReader.readLine()I @ 62
Event: 1,839 Thread 0x00007fb34803c000 Uncommon trap: reason=class_check action=maybe_recompile pc=0x00007fb38d06323c method=java.util.Properties$LineReader.readLine()I @ 62
Event: 2,001 Thread 0x00007fb34803c000 Uncommon trap: reason=class_check action=maybe_recompile pc=0x00007fb38d09d20c method=java.io.DataInputStream.readFully([BII)V @ 34
Event: 2,001 Thread 0x00007fb34803c000 Uncommon trap: reason=class_check action=maybe_recompile pc=0x00007fb38d09d20c method=java.io.DataInputStream.readFully([BII)V @ 34
Event: 2,001 Thread 0x00007fb34803c000 Uncommon trap: reason=class_check action=maybe_recompile pc=0x00007fb38d09d20c method=java.io.DataInputStream.readFully([BII)V @ 34

Internal exceptions (10 events):
Event: 1,069 Thread 0x00007fb348096000 Threw 0x00000000d8e71978 at /HUDSON/workspace/7u-2-build-linux-amd64/jdk7u45/229/hotspot/src/share/vm/prims/jni.cpp:717
Event: 1,079 Thread 0x00007fb3301c2000 Threw 0x00000000d8f8bd90 at /HUDSON/workspace/7u-2-build-linux-amd64/jdk7u45/229/hotspot/src/share/vm/prims/nativeLookup.cpp:378
Event: 1,100 Thread 0x00007fb3301c2000 Threw 0x00000000d8f9fea8 at /HUDSON/workspace/7u-2-build-linux-amd64/jdk7u45/229/hotspot/src/share/vm/prims/jvm.cpp:1244
Event: 1,102 Thread 0x00007fb3301c2000 Threw 0x00000000d8fac3f8 at /HUDSON/workspace/7u-2-build-linux-amd64/jdk7u45/229/hotspot/src/share/vm/prims/jvm.cpp:1244
Event: 1,102 Thread 0x00007fb3301c2000 Threw 0x00000000d8fad290 at /HUDSON/workspace/7u-2-build-linux-amd64/jdk7u45/229/hotspot/src/share/vm/prims/jvm.cpp:1244
Event: 1,312 Thread 0x00007fb348096000 Implicit null exception at 0x00007fb38d0b6169 to 0x00007fb38d0b6405
Event: 1,455 Thread 0x00007fb34803c000 Threw 0x00000000d7f0a5d0 at /HUDSON/workspace/7u-2-build-linux-amd64/jdk7u45/229/hotspot/src/share/vm/prims/jni.cpp:717
Event: 1,455 Thread 0x00007fb34803c000 Threw 0x00000000d7f0ae58 at /HUDSON/workspace/7u-2-build-linux-amd64/jdk7u45/229/hotspot/src/share/vm/prims/jni.cpp:717
Event: 1,508 Thread 0x00007fb34803c000 Threw 0x00000000d95a6918 at /HUDSON/workspace/7u-2-build-linux-amd64/jdk7u45/229/hotspot/src/share/vm/prims/jvm.cpp:1244
Event: 1,999 Thread 0x00007fb34803c000 Threw 0x00000000d8058f38 at /HUDSON/workspace/7u-2-build-linux-amd64/jdk7u45/229/hotspot/src/share/vm/interpreter/interpreterRuntime.cpp:362

Events (10 events):
Event: 4,665 loading class 0x00007fb3301c77f0
Event: 4,665 loading class 0x00007fb3301c77f0 done
Event: 4,665 loading class 0x00007fb3301c75d0
Event: 4,665 loading class 0x00007fb3301c75d0 done
Event: 4,666 loading class 0x00007fb3301c7580
Event: 4,666 loading class 0x00007fb3301c7580 done
Event: 4,666 loading class 0x00007fb33002e1d0
Event: 4,666 loading class 0x00007fb33002e1d0 done
Event: 4,667 loading class 0x00007fb328069e80
Event: 4,667 loading class 0x00007fb328069e80 done


Dynamic libraries:
00400000-00401000 r-xp 00000000 08:05 2231882                            /usr/local/jdk1.7.0_45/jre/bin/java
00600000-00601000 rw-p 00000000 08:05 2231882                            /usr/local/jdk1.7.0_45/jre/bin/java
0161c000-0163d000 rw-p 00000000 00:00 0                                  [heap]
81800000-82d00000 rw-p 00000000 00:00 0 
82d00000-86a00000 rw-p 00000000 00:00 0 
86a00000-8ba80000 rw-p 00000000 00:00 0 
8ba80000-d7880000 rw-p 00000000 00:00 0 
d7880000-da100000 rw-p 00000000 00:00 0 
da100000-100000000 rw-p 00000000 00:00 0 
7fb2f4000000-7fb2f4022000 rw-p 00000000 00:00 0 
7fb2f4022000-7fb2f8000000 ---p 00000000 00:00 0 
7fb2f8000000-7fb2f8022000 rw-p 00000000 00:00 0 
7fb2f8022000-7fb2fc000000 ---p 00000000 00:00 0 
7fb2fc000000-7fb2fc021000 rw-p 00000000 00:00 0 
7fb2fc021000-7fb300000000 ---p 00000000 00:00 0 
7fb303fff000-7fb308000000 rw-s 00000000 00:13 401951                     /run/shm/pulse-shm-3788356562
7fb308000000-7fb308021000 rw-p 00000000 00:00 0 
7fb308021000-7fb30c000000 ---p 00000000 00:00 0 
7fb30d0a0000-7fb30d0a1000 ---p 00000000 00:00 0 
7fb30d0a1000-7fb30d8a1000 rw-p 00000000 00:00 0                          [stack:29237]
7fb30d8a1000-7fb30d8a2000 ---p 00000000 00:00 0 
7fb30d8a2000-7fb30e0a2000 rw-p 00000000 00:00 0                          [stack:29236]
7fb30e0a2000-7fb30e0a3000 ---p 00000000 00:00 0 
7fb30e0a3000-7fb30e8a3000 rw-p 00000000 00:00 0                          [stack:29235]
7fb30e8a3000-7fb30e8a9000 r-xp 00000000 08:05 11800828                   /usr/lib/x86_64-linux-gnu/alsa-lib/libasound_module_pcm_pulse.so
7fb30e8a9000-7fb30eaa8000 ---p 00006000 08:05 11800828                   /usr/lib/x86_64-linux-gnu/alsa-lib/libasound_module_pcm_pulse.so
7fb30eaa8000-7fb30eaa9000 r--p 00005000 08:05 11800828                   /usr/lib/x86_64-linux-gnu/alsa-lib/libasound_module_pcm_pulse.so
7fb30eaa9000-7fb30eaaa000 rw-p 00006000 08:05 11800828                   /usr/lib/x86_64-linux-gnu/alsa-lib/libasound_module_pcm_pulse.so
7fb30eaaa000-7fb30ead9000 r-xp 00000000 08:05 11673932                   /usr/lib/x86_64-linux-gnu/libFLAC.so.8.3.0
7fb30ead9000-7fb30ecd9000 ---p 0002f000 08:05 11673932                   /usr/lib/x86_64-linux-gnu/libFLAC.so.8.3.0
7fb30ecd9000-7fb30ecda000 r--p 0002f000 08:05 11673932                   /usr/lib/x86_64-linux-gnu/libFLAC.so.8.3.0
7fb30ecda000-7fb30ecdb000 rw-p 00030000 08:05 11673932                   /usr/lib/x86_64-linux-gnu/libFLAC.so.8.3.0
7fb30ecdb000-7fb30ece0000 r-xp 00000000 08:05 11674103                   /usr/lib/x86_64-linux-gnu/libasyncns.so.0.3.1
7fb30ece0000-7fb30eedf000 ---p 00005000 08:05 11674103                   /usr/lib/x86_64-linux-gnu/libasyncns.so.0.3.1
7fb30eedf000-7fb30eee0000 r--p 00004000 08:05 11674103                   /usr/lib/x86_64-linux-gnu/libasyncns.so.0.3.1
7fb30eee0000-7fb30eee1000 rw-p 00005000 08:05 11674103                   /usr/lib/x86_64-linux-gnu/libasyncns.so.0.3.1
7fb30eee1000-7fb30ef42000 r-xp 00000000 08:05 11674692                   /usr/lib/x86_64-linux-gnu/libsndfile.so.1.0.25
7fb30ef42000-7fb30f142000 ---p 00061000 08:05 11674692                   /usr/lib/x86_64-linux-gnu/libsndfile.so.1.0.25
7fb30f142000-7fb30f144000 r--p 00061000 08:05 11674692                   /usr/lib/x86_64-linux-gnu/libsndfile.so.1.0.25
7fb30f144000-7fb30f145000 rw-p 00063000 08:05 11674692                   /usr/lib/x86_64-linux-gnu/libsndfile.so.1.0.25
7fb30f145000-7fb30f149000 rw-p 00000000 00:00 0 
7fb30f149000-7fb30f151000 r-xp 00000000 08:05 3149768                    /lib/x86_64-linux-gnu/libwrap.so.0.7.6
7fb30f151000-7fb30f351000 ---p 00008000 08:05 3149768                    /lib/x86_64-linux-gnu/libwrap.so.0.7.6
7fb30f351000-7fb30f352000 r--p 00008000 08:05 3149768                    /lib/x86_64-linux-gnu/libwrap.so.0.7.6
7fb30f352000-7fb30f353000 rw-p 00009000 08:05 3149768                    /lib/x86_64-linux-gnu/libwrap.so.0.7.6
7fb30f353000-7fb30f397000 r-xp 00000000 08:05 3149627                    /lib/x86_64-linux-gnu/libdbus-1.so.3.7.4
7fb30f397000-7fb30f596000 ---p 00044000 08:05 3149627                    /lib/x86_64-linux-gnu/libdbus-1.so.3.7.4
7fb30f596000-7fb30f597000 r--p 00043000 08:05 3149627                    /lib/x86_64-linux-gnu/libdbus-1.so.3.7.4
7fb30f597000-7fb30f598000 rw-p 00044000 08:05 3149627                    /lib/x86_64-linux-gnu/libdbus-1.so.3.7.4
7fb30f598000-7fb30f5fe000 r-xp 00000000 08:05 11929411                   /usr/lib/x86_64-linux-gnu/pulseaudio/libpulsecommon-4.0.so
7fb30f5fe000-7fb30f7fd000 ---p 00066000 08:05 11929411                   /usr/lib/x86_64-linux-gnu/pulseaudio/libpulsecommon-4.0.so
7fb30f7fd000-7fb30f7fe000 r--p 00065000 08:05 11929411                   /usr/lib/x86_64-linux-gnu/pulseaudio/libpulsecommon-4.0.so
7fb30f7fe000-7fb30f7ff000 rw-p 00066000 08:05 11929411                   /usr/lib/x86_64-linux-gnu/pulseaudio/libpulsecommon-4.0.so
7fb30f7ff000-7fb30f802000 ---p 00000000 00:00 0 
7fb30f802000-7fb310000000 rw-p 00000000 00:00 0                          [stack:29234]
7fb310000000-7fb310021000 rw-p 00000000 00:00 0 
7fb310021000-7fb314000000 ---p 00000000 00:00 0 
7fb314000000-7fb314021000 rw-p 00000000 00:00 0 
7fb314021000-7fb318000000 ---p 00000000 00:00 0 
7fb318000000-7fb318022000 rw-p 00000000 00:00 0 
7fb318022000-7fb31c000000 ---p 00000000 00:00 0 
7fb31c000000-7fb31c021000 rw-p 00000000 00:00 0 
7fb31c021000-7fb320000000 ---p 00000000 00:00 0 
7fb320000000-7fb320021000 rw-p 00000000 00:00 0 
7fb320021000-7fb324000000 ---p 00000000 00:00 0 
7fb324041000-7fb32404a000 r-xp 00000000 08:05 3149655                    /lib/x86_64-linux-gnu/libjson-c.so.2.0.1
7fb32404a000-7fb324249000 ---p 00009000 08:05 3149655                    /lib/x86_64-linux-gnu/libjson-c.so.2.0.1
7fb324249000-7fb32424a000 r--p 00008000 08:05 3149655                    /lib/x86_64-linux-gnu/libjson-c.so.2.0.1
7fb32424a000-7fb32424b000 rw-p 00009000 08:05 3149655                    /lib/x86_64-linux-gnu/libjson-c.so.2.0.1
7fb32424b000-7fb324292000 r-xp 00000000 08:05 11674645                   /usr/lib/x86_64-linux-gnu/libpulse.so.0.16.2
7fb324292000-7fb324492000 ---p 00047000 08:05 11674645                   /usr/lib/x86_64-linux-gnu/libpulse.so.0.16.2
7fb324492000-7fb324493000 r--p 00047000 08:05 11674645                   /usr/lib/x86_64-linux-gnu/libpulse.so.0.16.2
7fb324493000-7fb324494000 rw-p 00048000 08:05 11674645                   /usr/lib/x86_64-linux-gnu/libpulse.so.0.16.2
7fb324696000-7fb324699000 ---p 00000000 00:00 0 
7fb324699000-7fb324797000 rw-p 00000000 00:00 0                          [stack:29233]
7fb324797000-7fb3247c1000 r-xp 00000000 08:05 2231644                    /usr/local/jdk1.7.0_45/jre/lib/amd64/libdcpr.so
7fb3247c1000-7fb3249c1000 ---p 0002a000 08:05 2231644                    /usr/local/jdk1.7.0_45/jre/lib/amd64/libdcpr.so
7fb3249c1000-7fb3249c4000 rw-p 0002a000 08:05 2231644                    /usr/local/jdk1.7.0_45/jre/lib/amd64/libdcpr.so
7fb3249c4000-7fb324a2c000 r-xp 00000000 08:05 2231714                    /usr/local/jdk1.7.0_45/jre/lib/amd64/libt2k.so
7fb324a2c000-7fb324c2c000 ---p 00068000 08:05 2231714                    /usr/local/jdk1.7.0_45/jre/lib/amd64/libt2k.so
7fb324c2c000-7fb324c33000 rw-p 00068000 08:05 2231714                    /usr/local/jdk1.7.0_45/jre/lib/amd64/libt2k.so
7fb324c33000-7fb324c43000 rw-p 00000000 00:00 0 
7fb324c43000-7fb324c54000 r--s 00000000 08:05 265590                     /usr/share/fonts/type1/gsfonts/a010035l.pfb
7fb324c54000-7fb324c6f000 r--s 00000000 08:05 265671                     /usr/share/fonts/type1/gsfonts/p052004l.pfb
7fb324c6f000-7fb324c8a000 r--s 00000000 08:05 265668                     /usr/share/fonts/type1/gsfonts/p052003l.pfb
7fb324c8a000-7fb324c9b000 r--s 00000000 08:05 265638                     /usr/share/fonts/type1/gsfonts/n019063l.pfb
7fb324c9b000-7fb324cae000 r--s 00000000 08:05 265641                     /usr/share/fonts/type1/gsfonts/n019064l.pfb
7fb324cae000-7fb324cc0000 r--s 00000000 08:05 265602                     /usr/share/fonts/type1/gsfonts/b018035l.pfb
7fb324cc0000-7fb324cda000 r--s 00000000 08:05 265605                     /usr/share/fonts/type1/gsfonts/c059013l.pfb
7fb324cda000-7fb324ce6000 r--s 00000000 08:05 265617                     /usr/share/fonts/type1/gsfonts/d050000l.pfb
7fb324ce6000-7fb324cf8000 r--s 00000000 08:05 265635                     /usr/share/fonts/type1/gsfonts/n019044l.pfb
7fb324cf8000-7fb324d13000 r--s 00000000 08:05 265674                     /usr/share/fonts/type1/gsfonts/p052023l.pfb
7fb324d13000-7fb324d1c000 r--s 00000000 08:05 265680                     /usr/share/fonts/type1/gsfonts/s050000l.pfb
7fb324d1c000-7fb324d34000 r--s 00000000 08:05 265611                     /usr/share/fonts/type1/gsfonts/c059033l.pfb
7fb324d34000-7fb324d44000 r--s 00000000 08:05 265584                     /usr/share/fonts/type1/gsfonts/a010015l.pfb
7fb324d44000-7fb324d5c000 r--s 00000000 08:05 265614                     /usr/share/fonts/type1/gsfonts/c059036l.pfb
7fb324d5c000-7fb324d6f000 r--s 00000000 08:05 265596                     /usr/share/fonts/type1/gsfonts/b018015l.pfb
7fb324d6f000-7fb324d84000 r--s 00000000 08:05 265599                     /usr/share/fonts/type1/gsfonts/b018032l.pfb
7fb324d84000-7fb324d9b000 r--s 00000000 08:05 265683                     /usr/share/fonts/type1/gsfonts/z003034l.pfb
7fb324d9b000-7fb324dad000 r--s 00000000 08:05 265632                     /usr/share/fonts/type1/gsfonts/n019043l.pfb
7fb324dad000-7fb324dc6000 r--s 00000000 08:05 265593                     /usr/share/fonts/type1/gsfonts/b018012l.pfb
7fb324dc6000-7fb324dd6000 r--s 00000000 08:05 265581                     /usr/share/fonts/type1/gsfonts/a010013l.pfb
7fb324dd6000-7fb324df2000 r--s 00000000 08:05 265677                     /usr/share/fonts/type1/gsfonts/p052024l.pfb
7fb324df2000-7fb324e0d000 r--s 00000000 08:05 265608                     /usr/share/fonts/type1/gsfonts/c059016l.pfb
7fb324e0d000-7fb324e1d000 r--s 00000000 08:05 265587                     /usr/share/fonts/type1/gsfonts/a010033l.pfb
7fb324e1d000-7fb324e27000 r--s 00000000 08:05 264877                     /usr/share/fonts/X11/Type1/c0582bt_.pfb
7fb324e27000-7fb324e30000 r--s 00000000 08:05 264885                     /usr/share/fonts/X11/Type1/c0633bt_.pfb
7fb324e30000-7fb324e39000 r--s 00000000 08:05 264889                     /usr/share/fonts/X11/Type1/c0649bt_.pfb
7fb324e39000-7fb324e42000 r--s 00000000 08:05 264887                     /usr/share/fonts/X11/Type1/c0648bt_.pfb
7fb324e42000-7fb324e4c000 r--s 00000000 08:05 264881                     /usr/share/fonts/X11/Type1/c0611bt_.pfb
7fb324e4c000-7fb324e55000 r--s 00000000 08:05 264883                     /usr/share/fonts/X11/Type1/c0632bt_.pfb
7fb324e55000-7fb324e5f000 r--s 00000000 08:05 265686                     /usr/share/fonts/type1/mathml/Symbol.pfb
7fb324e5f000-7fb324e69000 r--s 00000000 08:05 264879                     /usr/share/fonts/X11/Type1/c0583bt_.pfb
7fb324e69000-7fb324e79000 r-xp 00000000 08:05 2231712                    /usr/local/jdk1.7.0_45/jre/lib/amd64/libnio.so
7fb324e79000-7fb325079000 ---p 00010000 08:05 2231712                    /usr/local/jdk1.7.0_45/jre/lib/amd64/libnio.so
7fb325079000-7fb32507a000 rw-p 00010000 08:05 2231712                    /usr/local/jdk1.7.0_45/jre/lib/amd64/libnio.so
7fb32507a000-7fb3250da000 r-xp 00000000 08:05 2231250                    /usr/local/jdk1.7.0_45/jre/lib/amd64/libfontmanager.so
7fb3250da000-7fb3252d9000 ---p 00060000 08:05 2231250                    /usr/local/jdk1.7.0_45/jre/lib/amd64/libfontmanager.so
7fb3252d9000-7fb3252dd000 rw-p 0005f000 08:05 2231250                    /usr/local/jdk1.7.0_45/jre/lib/amd64/libfontmanager.so
7fb3252dd000-7fb3252ee000 rw-p 00000000 00:00 0 
7fb3252ee000-7fb3252f1000 ---p 00000000 00:00 0 
7fb3252f1000-7fb3253ef000 rw-p 00000000 00:00 0                          [stack:29230]
7fb3253ef000-7fb32543f000 r-xp 00000000 08:05 2231319                    /usr/local/jdk1.7.0_45/jre/lib/amd64/xawt/libmawt.so
7fb32543f000-7fb32563f000 ---p 00050000 08:05 2231319                    /usr/local/jdk1.7.0_45/jre/lib/amd64/xawt/libmawt.so
7fb32563f000-7fb325643000 rw-p 00050000 08:05 2231319                    /usr/local/jdk1.7.0_45/jre/lib/amd64/xawt/libmawt.so
7fb325643000-7fb325644000 rw-p 00000000 00:00 0 
7fb325644000-7fb3256e6000 r-xp 00000000 08:05 2231715                    /usr/local/jdk1.7.0_45/jre/lib/amd64/libawt.so
7fb3256e6000-7fb3258e6000 ---p 000a2000 08:05 2231715                    /usr/local/jdk1.7.0_45/jre/lib/amd64/libawt.so
7fb3258e6000-7fb3258f2000 rw-p 000a2000 08:05 2231715                    /usr/local/jdk1.7.0_45/jre/lib/amd64/libawt.so
7fb3258f2000-7fb325916000 rw-p 00000000 00:00 0 
7fb325916000-7fb325919000 ---p 00000000 00:00 0 
7fb325919000-7fb325a17000 rw-p 00000000 00:00 0                          [stack:29229]
7fb325a17000-7fb325a18000 ---p 00000000 00:00 0 
7fb325a18000-7fb326218000 rw-p 00000000 00:00 0                          [stack:29228]
7fb326218000-7fb326219000 ---p 00000000 00:00 0 
7fb326219000-7fb326a19000 rw-p 00000000 00:00 0                          [stack:29227]
7fb326a19000-7fb326a29000 r-xp 00000000 08:05 3149554                    /lib/x86_64-linux-gnu/libudev.so.1.3.5
7fb326a29000-7fb326c28000 ---p 00010000 08:05 3149554                    /lib/x86_64-linux-gnu/libudev.so.1.3.5
7fb326c28000-7fb326c29000 r--p 0000f000 08:05 3149554                    /lib/x86_64-linux-gnu/libudev.so.1.3.5
7fb326c29000-7fb326c2a000 rw-p 00010000 08:05 3149554                    /lib/x86_64-linux-gnu/libudev.so.1.3.5
7fb326c2a000-7fb326c5e000 r-xp 00000000 08:05 11802914                   /usr/lib/x86_64-linux-gnu/gvfs/libgvfscommon.so
7fb326c5e000-7fb326e5e000 ---p 00034000 08:05 11802914                   /usr/lib/x86_64-linux-gnu/gvfs/libgvfscommon.so
7fb326e5e000-7fb326e63000 r--p 00034000 08:05 11802914                   /usr/lib/x86_64-linux-gnu/gvfs/libgvfscommon.so
7fb326e63000-7fb326e64000 rw-p 00039000 08:05 11802914                   /usr/lib/x86_64-linux-gnu/gvfs/libgvfscommon.so
7fb326e64000-7fb326e93000 r-xp 00000000 08:05 11933778                   /usr/lib/x86_64-linux-gnu/gio/modules/libgvfsdbus.so
7fb326e93000-7fb327093000 ---p 0002f000 08:05 11933778                   /usr/lib/x86_64-linux-gnu/gio/modules/libgvfsdbus.so
7fb327093000-7fb327094000 r--p 0002f000 08:05 11933778                   /usr/lib/x86_64-linux-gnu/gio/modules/libgvfsdbus.so
7fb327094000-7fb327095000 rw-p 00030000 08:05 11933778                   /usr/lib/x86_64-linux-gnu/gio/modules/libgvfsdbus.so
7fb327095000-7fb327096000 rw-p 00000000 00:00 0 
7fb327096000-7fb3271d2000 r-xp 00000000 08:05 11929199                   /usr/lib/x86_64-linux-gnu/gtk-2.0/2.10.0/engines/liboxygen-gtk.so
7fb3271d2000-7fb3273d2000 ---p 0013c000 08:05 11929199                   /usr/lib/x86_64-linux-gnu/gtk-2.0/2.10.0/engines/liboxygen-gtk.so
7fb3273d2000-7fb3273d8000 r--p 0013c000 08:05 11929199                   /usr/lib/x86_64-linux-gnu/gtk-2.0/2.10.0/engines/liboxygen-gtk.so
7fb3273d8000-7fb3273d9000 rw-p 00142000 08:05 11929199                   /usr/lib/x86_64-linux-gnu/gtk-2.0/2.10.0/engines/liboxygen-gtk.so
7fb3273d9000-7fb3273da000 rw-p 00000000 00:00 0 
7fb3273da000-7fb3273dd000 ---p 00000000 00:00 0 
7fb3273dd000-7fb327bdb000 rw-p 00000000 00:00 0                          [stack:29222]
7fb327bdb000-7fb327bdf000 r-xp 00000000 08:05 3149646                    /lib/x86_64-linux-gnu/libgpg-error.so.0.10.0
7fb327bdf000-7fb327dde000 ---p 00004000 08:05 3149646                    /lib/x86_64-linux-gnu/libgpg-error.so.0.10.0
7fb327dde000-7fb327ddf000 r--p 00003000 08:05 3149646                    /lib/x86_64-linux-gnu/libgpg-error.so.0.10.0
7fb327ddf000-7fb327de0000 rw-p 00004000 08:05 3149646                    /lib/x86_64-linux-gnu/libgpg-error.so.0.10.0
7fb327de0000-7fb327dfe000 r-xp 00000000 08:05 11674589                   /usr/lib/x86_64-linux-gnu/libp11-kit.so.0.0.0
7fb327dfe000-7fb327ffd000 ---p 0001e000 08:05 11674589                   /usr/lib/x86_64-linux-gnu/libp11-kit.so.0.0.0
7fb327ffd000-7fb327fff000 r--p 0001d000 08:05 11674589                   /usr/lib/x86_64-linux-gnu/libp11-kit.so.0.0.0
7fb327fff000-7fb328000000 rw-p 0001f000 08:05 11674589                   /usr/lib/x86_64-linux-gnu/libp11-kit.so.0.0.0
7fb328000000-7fb32809c000 rw-p 00000000 00:00 0 
7fb32809c000-7fb32c000000 ---p 00000000 00:00 0 
7fb32c002000-7fb32c018000 r--s 00000000 08:05 265665                     /usr/share/fonts/type1/gsfonts/n022024l.pfb
7fb32c018000-7fb32c030000 r--s 00000000 08:05 265656                     /usr/share/fonts/type1/gsfonts/n022003l.pfb
7fb32c030000-7fb32c041000 r--s 00000000 08:05 265629                     /usr/share/fonts/type1/gsfonts/n019024l.pfb
7fb32c041000-7fb32c05a000 r--s 00000000 08:05 265647                     /usr/share/fonts/type1/gsfonts/n021004l.pfb
7fb32c05a000-7fb32c073000 r--s 00000000 08:05 265659                     /usr/share/fonts/type1/gsfonts/n022004l.pfb
7fb32c073000-7fb32c08c000 r--s 00000000 08:05 265644                     /usr/share/fonts/type1/gsfonts/n021003l.pfb
7fb32c105000-7fb32c10c000 r--s 00000000 08:05 11929031                   /usr/lib/x86_64-linux-gnu/gconv/gconv-modules.cache
7fb32c10c000-7fb32c11c000 r-xp 00000000 08:05 11674722                   /usr/lib/x86_64-linux-gnu/libtasn1.so.3.2.0
7fb32c11c000-7fb32c31b000 ---p 00010000 08:05 11674722                   /usr/lib/x86_64-linux-gnu/libtasn1.so.3.2.0
7fb32c31b000-7fb32c31c000 r--p 0000f000 08:05 11674722                   /usr/lib/x86_64-linux-gnu/libtasn1.so.3.2.0
7fb32c31c000-7fb32c31d000 rw-p 00010000 08:05 11674722                   /usr/lib/x86_64-linux-gnu/libtasn1.so.3.2.0
7fb32c31d000-7fb32c397000 r-xp 00000000 08:05 3149642                    /lib/x86_64-linux-gnu/libgcrypt.so.11.7.0
7fb32c397000-7fb32c597000 ---p 0007a000 08:05 3149642                    /lib/x86_64-linux-gnu/libgcrypt.so.11.7.0
7fb32c597000-7fb32c598000 r--p 0007a000 08:05 3149642                    /lib/x86_64-linux-gnu/libgcrypt.so.11.7.0
7fb32c598000-7fb32c59b000 rw-p 0007b000 08:05 3149642                    /lib/x86_64-linux-gnu/libgcrypt.so.11.7.0
7fb32c59b000-7fb32c5aa000 r-xp 00000000 08:05 3149614                    /lib/x86_64-linux-gnu/libbz2.so.1.0.4
7fb32c5aa000-7fb32c7a9000 ---p 0000f000 08:05 3149614                    /lib/x86_64-linux-gnu/libbz2.so.1.0.4
7fb32c7a9000-7fb32c7aa000 r--p 0000e000 08:05 3149614                    /lib/x86_64-linux-gnu/libbz2.so.1.0.4
7fb32c7aa000-7fb32c7ab000 rw-p 0000f000 08:05 3149614                    /lib/x86_64-linux-gnu/libbz2.so.1.0.4
7fb32c7ab000-7fb32c861000 r-xp 00000000 08:05 11674325                   /usr/lib/x86_64-linux-gnu/libgnutls.so.26.22.6
7fb32c861000-7fb32ca61000 ---p 000b6000 08:05 11674325                   /usr/lib/x86_64-linux-gnu/libgnutls.so.26.22.6
7fb32ca61000-7fb32ca67000 r--p 000b6000 08:05 11674325                   /usr/lib/x86_64-linux-gnu/libgnutls.so.26.22.6
7fb32ca67000-7fb32ca68000 rw-p 000bc000 08:05 11674325                   /usr/lib/x86_64-linux-gnu/libgnutls.so.26.22.6
7fb32ca68000-7fb32ca69000 rw-p 00000000 00:00 0 
7fb32ca69000-7fb32cb5f000 r-xp 00000000 08:05 11675185                   /usr/lib/x86_64-linux-gnu/libavformat.so.53.21.1
7fb32cb5f000-7fb32cd5f000 ---p 000f6000 08:05 11675185                   /usr/lib/x86_64-linux-gnu/libavformat.so.53.21.1
7fb32cd5f000-7fb32cd65000 r--p 000f6000 08:05 11675185                   /usr/lib/x86_64-linux-gnu/libavformat.so.53.21.1
7fb32cd65000-7fb32cd72000 rw-p 000fc000 08:05 11675185                   /usr/lib/x86_64-linux-gnu/libavformat.so.53.21.1
7fb32cd72000-7fb32cd7b000 r-xp 00000000 08:05 2231172                    /usr/local/jdk1.7.0_45/jre/lib/amd64/fxavcodecplugin-53.so
7fb32cd7b000-7fb32cf7a000 ---p 00009000 08:05 2231172                    /usr/local/jdk1.7.0_45/jre/lib/amd64/fxavcodecplugin-53.so
7fb32cf7a000-7fb32cf7b000 r--p 00008000 08:05 2231172                    /usr/local/jdk1.7.0_45/jre/lib/amd64/fxavcodecplugin-53.so
7fb32cf7b000-7fb32cf7c000 rw-p 00009000 08:05 2231172                    /usr/local/jdk1.7.0_45/jre/lib/amd64/fxavcodecplugin-53.so
7fb32cf7c000-7fb32cff6000 r-xp 00000000 08:05 11674585                   /usr/lib/x86_64-linux-gnu/liborc-0.4.so.0.17.0
7fb32cff6000-7fb32d1f5000 ---p 0007a000 08:05 11674585                   /usr/lib/x86_64-linux-gnu/liborc-0.4.so.0.17.0
7fb32d1f5000-7fb32d1f7000 r--p 00079000 08:05 11674585                   /usr/lib/x86_64-linux-gnu/liborc-0.4.so.0.17.0
7fb32d1f7000-7fb32d1fb000 rw-p 0007b000 08:05 11674585                   /usr/lib/x86_64-linux-gnu/liborc-0.4.so.0.17.0
7fb32d1fb000-7fb32d202000 r-xp 00000000 08:05 11674577                   /usr/lib/x86_64-linux-gnu/libogg.so.0.8.1
7fb32d202000-7fb32d402000 ---p 00007000 08:05 11674577                   /usr/lib/x86_64-linux-gnu/libogg.so.0.8.1
7fb32d402000-7fb32d403000 r--p 00007000 08:05 11674577                   /usr/lib/x86_64-linux-gnu/libogg.so.0.8.1
7fb32d403000-7fb32d404000 rw-p 00008000 08:05 11674577                   /usr/lib/x86_64-linux-gnu/libogg.so.0.8.1
7fb32d404000-7fb32d414000 r-xp 00000000 08:05 11675181                   /usr/lib/x86_64-linux-gnu/libva.so.1.3300.0
7fb32d414000-7fb32d613000 ---p 00010000 08:05 11675181                   /usr/lib/x86_64-linux-gnu/libva.so.1.3300.0
7fb32d613000-7fb32d614000 r--p 0000f000 08:05 11675181                   /usr/lib/x86_64-linux-gnu/libva.so.1.3300.0
7fb32d614000-7fb32d615000 rw-p 00010000 08:05 11675181                   /usr/lib/x86_64-linux-gnu/libva.so.1.3300.0
7fb32d615000-7fb32d61a000 rw-p 00000000 00:00 0 
7fb32d61a000-7fb32d627000 r-xp 00000000 08:05 11667280                   /usr/lib/x86_64-linux-gnu/libgsm.so.1.0.12
7fb32d627000-7fb32d826000 ---p 0000d000 08:05 11667280                   /usr/lib/x86_64-linux-gnu/libgsm.so.1.0.12
7fb32d826000-7fb32d827000 r--p 0000c000 08:05 11667280                   /usr/lib/x86_64-linux-gnu/libgsm.so.1.0.12
7fb32d827000-7fb32d828000 rw-p 0000d000 08:05 11667280                   /usr/lib/x86_64-linux-gnu/libgsm.so.1.0.12
7fb32d828000-7fb32d8f3000 r-xp 00000000 08:05 11673558                   /usr/lib/x86_64-linux-gnu/libschroedinger-1.0.so.0.11.0
7fb32d8f3000-7fb32daf2000 ---p 000cb000 08:05 11673558                   /usr/lib/x86_64-linux-gnu/libschroedinger-1.0.so.0.11.0
7fb32daf2000-7fb32daf4000 r--p 000ca000 08:05 11673558                   /usr/lib/x86_64-linux-gnu/libschroedinger-1.0.so.0.11.0
7fb32daf4000-7fb32daf5000 rw-p 000cc000 08:05 11673558                   /usr/lib/x86_64-linux-gnu/libschroedinger-1.0.so.0.11.0
7fb32daf5000-7fb32daf6000 rw-p 00000000 00:00 0 
7fb32daf6000-7fb32db0d000 r-xp 00000000 08:05 11674704                   /usr/lib/x86_64-linux-gnu/libspeex.so.1.5.0
7fb32db0d000-7fb32dd0d000 ---p 00017000 08:05 11674704                   /usr/lib/x86_64-linux-gnu/libspeex.so.1.5.0
7fb32dd0d000-7fb32dd0e000 r--p 00017000 08:05 11674704                   /usr/lib/x86_64-linux-gnu/libspeex.so.1.5.0
7fb32dd0e000-7fb32dd0f000 rw-p 00018000 08:05 11674704                   /usr/lib/x86_64-linux-gnu/libspeex.so.1.5.0
7fb32dd0f000-7fb32dd2a000 r-xp 00000000 08:05 11674740                   /usr/lib/x86_64-linux-gnu/libtheoradec.so.1.1.4
7fb32dd2a000-7fb32df29000 ---p 0001b000 08:05 11674740                   /usr/lib/x86_64-linux-gnu/libtheoradec.so.1.1.4
7fb32df29000-7fb32df2a000 r--p 0001a000 08:05 11674740                   /usr/lib/x86_64-linux-gnu/libtheoradec.so.1.1.4
7fb32df2a000-7fb32df2b000 rw-p 0001b000 08:05 11674740                   /usr/lib/x86_64-linux-gnu/libtheoradec.so.1.1.4
7fb32df2b000-7fb32df6a000 r-xp 00000000 08:05 11674742                   /usr/lib/x86_64-linux-gnu/libtheoraenc.so.1.1.2
7fb32df6a000-7fb32e16a000 ---p 0003f000 08:05 11674742                   /usr/lib/x86_64-linux-gnu/libtheoraenc.so.1.1.2
7fb32e16a000-7fb32e16b000 r--p 0003f000 08:05 11674742                   /usr/lib/x86_64-linux-gnu/libtheoraenc.so.1.1.2
7fb32e16b000-7fb32e16c000 rw-p 00040000 08:05 11674742                   /usr/lib/x86_64-linux-gnu/libtheoraenc.so.1.1.2
7fb32e16c000-7fb32e197000 r-xp 00000000 08:05 11674774                   /usr/lib/x86_64-linux-gnu/libvorbis.so.0.4.5
7fb32e197000-7fb32e397000 ---p 0002b000 08:05 11674774                   /usr/lib/x86_64-linux-gnu/libvorbis.so.0.4.5
7fb32e397000-7fb32e398000 r--p 0002b000 08:05 11674774                   /usr/lib/x86_64-linux-gnu/libvorbis.so.0.4.5
7fb32e398000-7fb32e399000 rw-p 0002c000 08:05 11674774                   /usr/lib/x86_64-linux-gnu/libvorbis.so.0.4.5
7fb32e399000-7fb32e64c000 r-xp 00000000 08:05 11674776                   /usr/lib/x86_64-linux-gnu/libvorbisenc.so.2.0.8
7fb32e64c000-7fb32e84b000 ---p 002b3000 08:05 11674776                   /usr/lib/x86_64-linux-gnu/libvorbisenc.so.2.0.8
7fb32e84b000-7fb32e867000 r--p 002b2000 08:05 11674776                   /usr/lib/x86_64-linux-gnu/libvorbisenc.so.2.0.8
7fb32e867000-7fb32e868000 rw-p 002ce000 08:05 11674776                   /usr/lib/x86_64-linux-gnu/libvorbisenc.so.2.0.8
7fb32e868000-7fb32e8fa000 r-xp 00000000 08:05 11674781                   /usr/lib/x86_64-linux-gnu/libvpx.so.1.2.0
7fb32e8fa000-7fb32eafa000 ---p 00092000 08:05 11674781                   /usr/lib/x86_64-linux-gnu/libvpx.so.1.2.0
7fb32eafa000-7fb32eafb000 r--p 00092000 08:05 11674781                   /usr/lib/x86_64-linux-gnu/libvpx.so.1.2.0
7fb32eafb000-7fb32eafc000 rw-p 00093000 08:05 11674781                   /usr/lib/x86_64-linux-gnu/libvpx.so.1.2.0
7fb32eafc000-7fb32eb18000 r-xp 00000000 08:05 11675179                   /usr/lib/x86_64-linux-gnu/libavutil.so.51.22.1
7fb32eb18000-7fb32ed17000 ---p 0001c000 08:05 11675179                   /usr/lib/x86_64-linux-gnu/libavutil.so.51.22.1
7fb32ed17000-7fb32ed19000 r--p 0001b000 08:05 11675179                   /usr/lib/x86_64-linux-gnu/libavutil.so.51.22.1
7fb32ed19000-7fb32ed1a000 rw-p 0001d000 08:05 11675179                   /usr/lib/x86_64-linux-gnu/libavutil.so.51.22.1
7fb32ed1a000-7fb32ed1e000 rw-p 00000000 00:00 0 
7fb32ed1e000-7fb32f31d000 r-xp 00000000 08:05 11675183                   /usr/lib/x86_64-linux-gnu/libavcodec.so.53.35.0
7fb32f31d000-7fb32f51c000 ---p 005ff000 08:05 11675183                   /usr/lib/x86_64-linux-gnu/libavcodec.so.53.35.0
7fb32f51c000-7fb32f52b000 r--p 005fe000 08:05 11675183                   /usr/lib/x86_64-linux-gnu/libavcodec.so.53.35.0
7fb32f52b000-7fb32f541000 rw-p 0060d000 08:05 11675183                   /usr/lib/x86_64-linux-gnu/libavcodec.so.53.35.0
7fb32f541000-7fb32fab1000 rw-p 00000000 00:00 0 
7fb32fab1000-7fb32fb9a000 r-xp 00000000 08:05 11674095                   /usr/lib/x86_64-linux-gnu/libasound.so.2.0.0
7fb32fb9a000-7fb32fd99000 ---p 000e9000 08:05 11674095                   /usr/lib/x86_64-linux-gnu/libasound.so.2.0.0
7fb32fd99000-7fb32fda0000 r--p 000e8000 08:05 11674095                   /usr/lib/x86_64-linux-gnu/libasound.so.2.0.0
7fb32fda0000-7fb32fda1000 rw-p 000ef000 08:05 11674095                   /usr/lib/x86_64-linux-gnu/libasound.so.2.0.0
7fb32fda1000-7fb32fdfb000 r-xp 00000000 08:05 2231171                    /usr/local/jdk1.7.0_45/jre/lib/amd64/libgstplugins-lite.so
7fb32fdfb000-7fb32fffa000 ---p 0005a000 08:05 2231171                    /usr/local/jdk1.7.0_45/jre/lib/amd64/libgstplugins-lite.so
7fb32fffa000-7fb32fffd000 r--p 00059000 08:05 2231171                    /usr/local/jdk1.7.0_45/jre/lib/amd64/libgstplugins-lite.so
7fb32fffd000-7fb330000000 rw-p 0005c000 08:05 2231171                    /usr/local/jdk1.7.0_45/jre/lib/amd64/libgstplugins-lite.so
7fb330000000-7fb33030d000 rw-p 00000000 00:00 0 
7fb33030d000-7fb334000000 ---p 00000000 00:00 0 
7fb334000000-7fb334061000 rw-p 00000000 00:00 0 
7fb334061000-7fb338000000 ---p 00000000 00:00 0 
7fb338000000-7fb338021000 rw-p 00000000 00:00 0 
7fb338021000-7fb33c000000 ---p 00000000 00:00 0 
7fb33c002000-7fb33c014000 r--s 00000000 08:05 265623                     /usr/share/fonts/type1/gsfonts/n019004l.pfb
7fb33c014000-7fb33c032000 r-xp 00000000 08:05 2231510                    /usr/local/jdk1.7.0_45/jre/lib/amd64/fxplugins.so
7fb33c032000-7fb33c231000 ---p 0001e000 08:05 2231510                    /usr/local/jdk1.7.0_45/jre/lib/amd64/fxplugins.so
7fb33c231000-7fb33c232000 r--p 0001d000 08:05 2231510                    /usr/local/jdk1.7.0_45/jre/lib/amd64/fxplugins.so
7fb33c232000-7fb33c233000 rw-p 0001e000 08:05 2231510                    /usr/local/jdk1.7.0_45/jre/lib/amd64/fxplugins.so
7fb33c233000-7fb33c339000 r-xp 00000000 08:05 2231182                    /usr/local/jdk1.7.0_45/jre/lib/amd64/libgstreamer-lite.so
7fb33c339000-7fb33c538000 ---p 00106000 08:05 2231182                    /usr/local/jdk1.7.0_45/jre/lib/amd64/libgstreamer-lite.so
7fb33c538000-7fb33c53f000 r--p 00105000 08:05 2231182                    /usr/local/jdk1.7.0_45/jre/lib/amd64/libgstreamer-lite.so
7fb33c53f000-7fb33c543000 rw-p 0010c000 08:05 2231182                    /usr/local/jdk1.7.0_45/jre/lib/amd64/libgstreamer-lite.so
7fb33c543000-7fb33c545000 rw-p 00000000 00:00 0 
7fb33c545000-7fb33c570000 r-xp 00000000 08:05 2231374                    /usr/local/jdk1.7.0_45/jre/lib/amd64/libjfxmedia.so
7fb33c570000-7fb33c770000 ---p 0002b000 08:05 2231374                    /usr/local/jdk1.7.0_45/jre/lib/amd64/libjfxmedia.so
7fb33c770000-7fb33c771000 r--p 0002b000 08:05 2231374                    /usr/local/jdk1.7.0_45/jre/lib/amd64/libjfxmedia.so
7fb33c771000-7fb33c772000 rw-p 0002c000 08:05 2231374                    /usr/local/jdk1.7.0_45/jre/lib/amd64/libjfxmedia.so
7fb33c772000-7fb33c775000 ---p 00000000 00:00 0 
7fb33c775000-7fb33c873000 rw-p 00000000 00:00 0                          [stack:29238]
7fb33c873000-7fb33c876000 ---p 00000000 00:00 0 
7fb33c876000-7fb33c974000 rw-p 00000000 00:00 0 
7fb33c974000-7fb33c9cc000 r-xp 00000000 08:05 2231249                    /usr/local/jdk1.7.0_45/jre/lib/amd64/libjavafx-font.so
7fb33c9cc000-7fb33cbcb000 ---p 00058000 08:05 2231249                    /usr/local/jdk1.7.0_45/jre/lib/amd64/libjavafx-font.so
7fb33cbcb000-7fb33cbd0000 r--p 00057000 08:05 2231249                    /usr/local/jdk1.7.0_45/jre/lib/amd64/libjavafx-font.so
7fb33cbd0000-7fb33cbd1000 rw-p 0005c000 08:05 2231249                    /usr/local/jdk1.7.0_45/jre/lib/amd64/libjavafx-font.so
7fb33cbd1000-7fb33cbd2000 rw-p 00000000 00:00 0 
7fb33cbd2000-7fb33cbd5000 ---p 00000000 00:00 0 
7fb33cbd5000-7fb33ccd3000 rw-p 00000000 00:00 0                          [stack:29219]
7fb33ccd3000-7fb33ccd6000 ---p 00000000 00:00 0 
7fb33ccd6000-7fb33cdd4000 rw-p 00000000 00:00 0                          [stack:29218]
7fb33cdd4000-7fb33cdda000 r-xp 00000000 08:05 11674183                   /usr/lib/x86_64-linux-gnu/libdatrie.so.1.2.0
7fb33cdda000-7fb33cfd9000 ---p 00006000 08:05 11674183                   /usr/lib/x86_64-linux-gnu/libdatrie.so.1.2.0
7fb33cfd9000-7fb33cfda000 r--p 00005000 08:05 11674183                   /usr/lib/x86_64-linux-gnu/libdatrie.so.1.2.0
7fb33cfda000-7fb33cfdb000 rw-p 00006000 08:05 11674183                   /usr/lib/x86_64-linux-gnu/libdatrie.so.1.2.0
7fb33cfdb000-7fb33cff3000 r-xp 00000000 08:05 11674349                   /usr/lib/x86_64-linux-gnu/libgraphite2.so.3.0.1
7fb33cff3000-7fb33d1f2000 ---p 00018000 08:05 11674349                   /usr/lib/x86_64-linux-gnu/libgraphite2.so.3.0.1
7fb33d1f2000-7fb33d1f4000 r--p 00017000 08:05 11674349                   /usr/lib/x86_64-linux-gnu/libgraphite2.so.3.0.1
7fb33d1f4000-7fb33d1f5000 rw-p 00019000 08:05 11674349                   /usr/lib/x86_64-linux-gnu/libgraphite2.so.3.0.1
7fb33d1f5000-7fb33d232000 r-xp 00000000 08:05 3149713                    /lib/x86_64-linux-gnu/libpcre.so.3.13.1
7fb33d232000-7fb33d432000 ---p 0003d000 08:05 3149713                    /lib/x86_64-linux-gnu/libpcre.so.3.13.1
7fb33d432000-7fb33d433000 r--p 0003d000 08:05 3149713                    /lib/x86_64-linux-gnu/libpcre.so.3.13.1
7fb33d433000-7fb33d434000 rw-p 0003e000 08:05 3149713                    /lib/x86_64-linux-gnu/libpcre.so.3.13.1
7fb33d434000-7fb33d43b000 r-xp 00000000 08:05 11674230                   /usr/lib/x86_64-linux-gnu/libffi.so.6.0.1
7fb33d43b000-7fb33d63a000 ---p 00007000 08:05 11674230                   /usr/lib/x86_64-linux-gnu/libffi.so.6.0.1
7fb33d63a000-7fb33d63b000 r--p 00006000 08:05 11674230                   /usr/lib/x86_64-linux-gnu/libffi.so.6.0.1
7fb33d63b000-7fb33d63c000 rw-p 00007000 08:05 11674230                   /usr/lib/x86_64-linux-gnu/libffi.so.6.0.1
7fb33d63c000-7fb33d644000 r-xp 00000000 08:05 11674736                   /usr/lib/x86_64-linux-gnu/libthai.so.0.2.0
7fb33d644000-7fb33d843000 ---p 00008000 08:05 11674736                   /usr/lib/x86_64-linux-gnu/libthai.so.0.2.0
7fb33d843000-7fb33d844000 r--p 00007000 08:05 11674736                   /usr/lib/x86_64-linux-gnu/libthai.so.0.2.0
7fb33d844000-7fb33d845000 rw-p 00008000 08:05 11674736                   /usr/lib/x86_64-linux-gnu/libthai.so.0.2.0
7fb33d845000-7fb33d84d000 r-xp 00000000 08:05 11674810                   /usr/lib/x86_64-linux-gnu/libxcb-render.so.0.0.0
7fb33d84d000-7fb33da4c000 ---p 00008000 08:05 11674810                   /usr/lib/x86_64-linux-gnu/libxcb-render.so.0.0.0
7fb33da4c000-7fb33da4d000 r--p 00007000 08:05 11674810                   /usr/lib/x86_64-linux-gnu/libxcb-render.so.0.0.0
7fb33da4d000-7fb33da4e000 rw-p 00008000 08:05 11674810                   /usr/lib/x86_64-linux-gnu/libxcb-render.so.0.0.0
7fb33da4e000-7fb33da50000 r-xp 00000000 08:05 11674814                   /usr/lib/x86_64-linux-gnu/libxcb-shm.so.0.0.0
7fb33da50000-7fb33dc4f000 ---p 00002000 08:05 11674814                   /usr/lib/x86_64-linux-gnu/libxcb-shm.so.0.0.0
7fb33dc4f000-7fb33dc50000 r--p 00001000 08:05 11674814                   /usr/lib/x86_64-linux-gnu/libxcb-shm.so.0.0.0
7fb33dc50000-7fb33dc51000 rw-p 00002000 08:05 11674814                   /usr/lib/x86_64-linux-gnu/libxcb-shm.so.0.0.0
7fb33dc51000-7fb33dc76000 r-xp 00000000 08:05 3149725                    /lib/x86_64-linux-gnu/libpng12.so.0.49.0
7fb33dc76000-7fb33de75000 ---p 00025000 08:05 3149725                    /lib/x86_64-linux-gnu/libpng12.so.0.49.0
7fb33de75000-7fb33de76000 r--p 00024000 08:05 3149725                    /lib/x86_64-linux-gnu/libpng12.so.0.49.0
7fb33de76000-7fb33de77000 rw-p 00025000 08:05 3149725                    /lib/x86_64-linux-gnu/libpng12.so.0.49.0
7fb33de77000-7fb33df18000 r-xp 00000000 08:05 11674621                   /usr/lib/x86_64-linux-gnu/libpixman-1.so.0.30.2
7fb33df18000-7fb33e118000 ---p 000a1000 08:05 11674621                   /usr/lib/x86_64-linux-gnu/libpixman-1.so.0.30.2
7fb33e118000-7fb33e11f000 r--p 000a1000 08:05 11674621                   /usr/lib/x86_64-linux-gnu/libpixman-1.so.0.30.2
7fb33e11f000-7fb33e120000 rw-p 000a8000 08:05 11674621                   /usr/lib/x86_64-linux-gnu/libpixman-1.so.0.30.2
7fb33e120000-7fb33e170000 r-xp 00000000 08:05 11674443                   /usr/lib/x86_64-linux-gnu/libharfbuzz.so.0.919.0
7fb33e170000-7fb33e370000 ---p 00050000 08:05 11674443                   /usr/lib/x86_64-linux-gnu/libharfbuzz.so.0.919.0
7fb33e370000-7fb33e371000 r--p 00050000 08:05 11674443                   /usr/lib/x86_64-linux-gnu/libharfbuzz.so.0.919.0
7fb33e371000-7fb33e372000 rw-p 00051000 08:05 11674443                   /usr/lib/x86_64-linux-gnu/libharfbuzz.so.0.919.0
7fb33e372000-7fb33e391000 r-xp 00000000 08:05 3149740                    /lib/x86_64-linux-gnu/libselinux.so.1
7fb33e391000-7fb33e591000 ---p 0001f000 08:05 3149740                    /lib/x86_64-linux-gnu/libselinux.so.1
7fb33e591000-7fb33e592000 r--p 0001f000 08:05 3149740                    /lib/x86_64-linux-gnu/libselinux.so.1
7fb33e592000-7fb33e593000 rw-p 00020000 08:05 3149740                    /lib/x86_64-linux-gnu/libselinux.so.1
7fb33e593000-7fb33e594000 rw-p 00000000 00:00 0 
7fb33e594000-7fb33e596000 r-xp 00000000 08:05 11674037                   /usr/lib/x86_64-linux-gnu/libXcomposite.so.1.0.0
7fb33e596000-7fb33e795000 ---p 00002000 08:05 11674037                   /usr/lib/x86_64-linux-gnu/libXcomposite.so.1.0.0
7fb33e795000-7fb33e796000 r--p 00001000 08:05 11674037                   /usr/lib/x86_64-linux-gnu/libXcomposite.so.1.0.0
7fb33e796000-7fb33e797000 rw-p 00002000 08:05 11674037                   /usr/lib/x86_64-linux-gnu/libXcomposite.so.1.0.0
7fb33e797000-7fb33e7a0000 r-xp 00000000 08:05 11674039                   /usr/lib/x86_64-linux-gnu/libXcursor.so.1.0.2
7fb33e7a0000-7fb33e99f000 ---p 00009000 08:05 11674039                   /usr/lib/x86_64-linux-gnu/libXcursor.so.1.0.2
7fb33e99f000-7fb33e9a0000 r--p 00008000 08:05 11674039                   /usr/lib/x86_64-linux-gnu/libXcursor.so.1.0.2
7fb33e9a0000-7fb33e9a1000 rw-p 00009000 08:05 11674039                   /usr/lib/x86_64-linux-gnu/libXcursor.so.1.0.2
7fb33e9a1000-7fb33e9aa000 r-xp 00000000 08:05 11674065                   /usr/lib/x86_64-linux-gnu/libXrandr.so.2.2.0
7fb33e9aa000-7fb33eba9000 ---p 00009000 08:05 11674065                   /usr/lib/x86_64-linux-gnu/libXrandr.so.2.2.0
7fb33eba9000-7fb33ebaa000 r--p 00008000 08:05 11674065                   /usr/lib/x86_64-linux-gnu/libXrandr.so.2.2.0
7fb33ebaa000-7fb33ebab000 rw-p 00009000 08:05 11674065                   /usr/lib/x86_64-linux-gnu/libXrandr.so.2.2.0
7fb33ebab000-7fb33ebba000 r-xp 00000000 08:05 11674053                   /usr/lib/x86_64-linux-gnu/libXi.so.6.1.0
7fb33ebba000-7fb33edb9000 ---p 0000f000 08:05 11674053                   /usr/lib/x86_64-linux-gnu/libXi.so.6.1.0
7fb33edb9000-7fb33edba000 r--p 0000e000 08:05 11674053                   /usr/lib/x86_64-linux-gnu/libXi.so.6.1.0
7fb33edba000-7fb33edbb000 rw-p 0000f000 08:05 11674053                   /usr/lib/x86_64-linux-gnu/libXi.so.6.1.0
7fb33edbb000-7fb33edbd000 r-xp 00000000 08:05 11674055                   /usr/lib/x86_64-linux-gnu/libXinerama.so.1.0.0
7fb33edbd000-7fb33efbc000 ---p 00002000 08:05 11674055                   /usr/lib/x86_64-linux-gnu/libXinerama.so.1.0.0
7fb33efbc000-7fb33efbd000 r--p 00001000 08:05 11674055                   /usr/lib/x86_64-linux-gnu/libXinerama.so.1.0.0
7fb33efbd000-7fb33efbe000 rw-p 00002000 08:05 11674055                   /usr/lib/x86_64-linux-gnu/libXinerama.so.1.0.0
7fb33efbe000-7fb33efc7000 r-xp 00000000 08:05 11674067                   /usr/lib/x86_64-linux-gnu/libXrender.so.1.3.0
7fb33efc7000-7fb33f1c6000 ---p 00009000 08:05 11674067                   /usr/lib/x86_64-linux-gnu/libXrender.so.1.3.0
7fb33f1c6000-7fb33f1c7000 r--p 00008000 08:05 11674067                   /usr/lib/x86_64-linux-gnu/libXrender.so.1.3.0
7fb33f1c7000-7fb33f1c8000 rw-p 00009000 08:05 11674067                   /usr/lib/x86_64-linux-gnu/libXrender.so.1.3.0
7fb33f1c8000-7fb33f1cd000 r-xp 00000000 08:05 11674073                   /usr/lib/x86_64-linux-gnu/libXtst.so.6.1.0
7fb33f1cd000-7fb33f3cc000 ---p 00005000 08:05 11674073                   /usr/lib/x86_64-linux-gnu/libXtst.so.6.1.0
7fb33f3cc000-7fb33f3cd000 r--p 00004000 08:05 11674073                   /usr/lib/x86_64-linux-gnu/libXtst.so.6.1.0
7fb33f3cd000-7fb33f3ce000 rw-p 00005000 08:05 11674073                   /usr/lib/x86_64-linux-gnu/libXtst.so.6.1.0
7fb33f3ce000-7fb33f4cc000 r-xp 00000000 08:05 3149644                    /lib/x86_64-linux-gnu/libglib-2.0.so.0.3800.0
7fb33f4cc000-7fb33f6cc000 ---p 000fe000 08:05 3149644                    /lib/x86_64-linux-gnu/libglib-2.0.so.0.3800.0
7fb33f6cc000-7fb33f6cd000 r--p 000fe000 08:05 3149644                    /lib/x86_64-linux-gnu/libglib-2.0.so.0.3800.0
7fb33f6cd000-7fb33f6ce000 rw-p 000ff000 08:05 3149644                    /lib/x86_64-linux-gnu/libglib-2.0.so.0.3800.0
7fb33f6ce000-7fb33f6cf000 rw-p 00000000 00:00 0 
7fb33f6cf000-7fb33f6d0000 r-xp 00000000 08:05 11674429                   /usr/lib/x86_64-linux-gnu/libgthread-2.0.so.0.3800.0
7fb33f6d0000-7fb33f8cf000 ---p 00001000 08:05 11674429                   /usr/lib/x86_64-linux-gnu/libgthread-2.0.so.0.3800.0
7fb33f8cf000-7fb33f8d0000 r--p 00000000 08:05 11674429                   /usr/lib/x86_64-linux-gnu/libgthread-2.0.so.0.3800.0
7fb33f8d0000-7fb33f8d1000 rw-p 00001000 08:05 11674429                   /usr/lib/x86_64-linux-gnu/libgthread-2.0.so.0.3800.0
7fb33f8d1000-7fb33f920000 r-xp 00000000 08:05 11674327                   /usr/lib/x86_64-linux-gnu/libgobject-2.0.so.0.3800.0
7fb33f920000-7fb33fb20000 ---p 0004f000 08:05 11674327                   /usr/lib/x86_64-linux-gnu/libgobject-2.0.so.0.3800.0
7fb33fb20000-7fb33fb21000 r--p 0004f000 08:05 11674327                   /usr/lib/x86_64-linux-gnu/libgobject-2.0.so.0.3800.0
7fb33fb21000-7fb33fb22000 rw-p 00050000 08:05 11674327                   /usr/lib/x86_64-linux-gnu/libgobject-2.0.so.0.3800.0
7fb33fb22000-7fb33fb5b000 r-xp 00000000 08:05 11674244                   /usr/lib/x86_64-linux-gnu/libfontconfig.so.1.7.0
7fb33fb5b000-7fb33fd5b000 ---p 00039000 08:05 11674244                   /usr/lib/x86_64-linux-gnu/libfontconfig.so.1.7.0
7fb33fd5b000-7fb33fd5d000 r--p 00039000 08:05 11674244                   /usr/lib/x86_64-linux-gnu/libfontconfig.so.1.7.0
7fb33fd5d000-7fb33fd5e000 rw-p 0003b000 08:05 11674244                   /usr/lib/x86_64-linux-gnu/libfontconfig.so.1.7.0
7fb33fd5e000-7fb33fdfa000 r-xp 00000000 08:05 11674270                   /usr/lib/x86_64-linux-gnu/libfreetype.so.6.10.1
7fb33fdfa000-7fb33fffa000 ---p 0009c000 08:05 11674270                   /usr/lib/x86_64-linux-gnu/libfreetype.so.6.10.1
7fb33fffa000-7fb33ffff000 r--p 0009c000 08:05 11674270                   /usr/lib/x86_64-linux-gnu/libfreetype.so.6.10.1
7fb33ffff000-7fb340000000 rw-p 000a1000 08:05 11674270                   /usr/lib/x86_64-linux-gnu/libfreetype.so.6.10.1
7fb340000000-7fb340021000 rw-p 00000000 00:00 0 
7fb340021000-7fb344000000 ---p 00000000 00:00 0 
7fb344002000-7fb344018000 r--s 00000000 08:05 265653                     /usr/share/fonts/type1/gsfonts/n021024l.pfb
7fb344018000-7fb34402e000 r--s 00000000 08:05 265662                     /usr/share/fonts/type1/gsfonts/n022023l.pfb
7fb34402e000-7fb344031000 r-xp 00000000 08:05 11674315                   /usr/lib/x86_64-linux-gnu/libgmodule-2.0.so.0.3800.0
7fb344031000-7fb344230000 ---p 00003000 08:05 11674315                   /usr/lib/x86_64-linux-gnu/libgmodule-2.0.so.0.3800.0
7fb344230000-7fb344231000 r--p 00002000 08:05 11674315                   /usr/lib/x86_64-linux-gnu/libgmodule-2.0.so.0.3800.0
7fb344231000-7fb344232000 rw-p 00003000 08:05 11674315                   /usr/lib/x86_64-linux-gnu/libgmodule-2.0.so.0.3800.0
7fb344232000-7fb34427c000 r-xp 00000000 08:05 11674597                   /usr/lib/x86_64-linux-gnu/libpango-1.0.so.0.3200.5
7fb34427c000-7fb34447b000 ---p 0004a000 08:05 11674597                   /usr/lib/x86_64-linux-gnu/libpango-1.0.so.0.3200.5
7fb34447b000-7fb34447d000 r--p 00049000 08:05 11674597                   /usr/lib/x86_64-linux-gnu/libpango-1.0.so.0.3200.5
7fb34447d000-7fb34447e000 rw-p 0004b000 08:05 11674597                   /usr/lib/x86_64-linux-gnu/libpango-1.0.so.0.3200.5
7fb34447e000-7fb344582000 r-xp 00000000 08:05 11674141                   /usr/lib/x86_64-linux-gnu/libcairo.so.2.11200.16
7fb344582000-7fb344781000 ---p 00104000 08:05 11674141                   /usr/lib/x86_64-linux-gnu/libcairo.so.2.11200.16
7fb344781000-7fb344784000 r--p 00103000 08:05 11674141                   /usr/lib/x86_64-linux-gnu/libcairo.so.2.11200.16
7fb344784000-7fb344785000 rw-p 00106000 08:05 11674141                   /usr/lib/x86_64-linux-gnu/libcairo.so.2.11200.16
7fb344785000-7fb344787000 rw-p 00000000 00:00 0 
7fb344787000-7fb344792000 r-xp 00000000 08:05 11674599                   /usr/lib/x86_64-linux-gnu/libpangocairo-1.0.so.0.3200.5
7fb344792000-7fb344992000 ---p 0000b000 08:05 11674599                   /usr/lib/x86_64-linux-gnu/libpangocairo-1.0.so.0.3200.5
7fb344992000-7fb344993000 r--p 0000b000 08:05 11674599                   /usr/lib/x86_64-linux-gnu/libpangocairo-1.0.so.0.3200.5
7fb344993000-7fb344994000 rw-p 0000c000 08:05 11674599                   /usr/lib/x86_64-linux-gnu/libpangocairo-1.0.so.0.3200.5
7fb344994000-7fb3449b3000 r-xp 00000000 08:05 11674298                   /usr/lib/x86_64-linux-gnu/libgdk_pixbuf-2.0.so.0.2800.1
7fb3449b3000-7fb344bb2000 ---p 0001f000 08:05 11674298                   /usr/lib/x86_64-linux-gnu/libgdk_pixbuf-2.0.so.0.2800.1
7fb344bb2000-7fb344bb3000 r--p 0001e000 08:05 11674298                   /usr/lib/x86_64-linux-gnu/libgdk_pixbuf-2.0.so.0.2800.1
7fb344bb3000-7fb344bb4000 rw-p 0001f000 08:05 11674298                   /usr/lib/x86_64-linux-gnu/libgdk_pixbuf-2.0.so.0.2800.1
7fb344bb4000-7fb344bc8000 r-xp 00000000 08:05 11674601                   /usr/lib/x86_64-linux-gnu/libpangoft2-1.0.so.0.3200.5
7fb344bc8000-7fb344dc7000 ---p 00014000 08:05 11674601                   /usr/lib/x86_64-linux-gnu/libpangoft2-1.0.so.0.3200.5
7fb344dc7000-7fb344dc8000 r--p 00013000 08:05 11674601                   /usr/lib/x86_64-linux-gnu/libpangoft2-1.0.so.0.3200.5
7fb344dc8000-7fb344dc9000 rw-p 00014000 08:05 11674601                   /usr/lib/x86_64-linux-gnu/libpangoft2-1.0.so.0.3200.5
7fb344dc9000-7fb344f25000 r-xp 00000000 08:05 11674309                   /usr/lib/x86_64-linux-gnu/libgio-2.0.so.0.3800.0
7fb344f25000-7fb345124000 ---p 0015c000 08:05 11674309                   /usr/lib/x86_64-linux-gnu/libgio-2.0.so.0.3800.0
7fb345124000-7fb345128000 r--p 0015b000 08:05 11674309                   /usr/lib/x86_64-linux-gnu/libgio-2.0.so.0.3800.0
7fb345128000-7fb34512a000 rw-p 0015f000 08:05 11674309                   /usr/lib/x86_64-linux-gnu/libgio-2.0.so.0.3800.0
7fb34512a000-7fb34512c000 rw-p 00000000 00:00 0 
7fb34512c000-7fb34514b000 r-xp 00000000 08:05 11674105                   /usr/lib/x86_64-linux-gnu/libatk-1.0.so.0.21009.1
7fb34514b000-7fb34534b000 ---p 0001f000 08:05 11674105                   /usr/lib/x86_64-linux-gnu/libatk-1.0.so.0.21009.1
7fb34534b000-7fb34534d000 r--p 0001f000 08:05 11674105                   /usr/lib/x86_64-linux-gnu/libatk-1.0.so.0.21009.1
7fb34534d000-7fb34534e000 rw-p 00021000 08:05 11674105                   /usr/lib/x86_64-linux-gnu/libatk-1.0.so.0.21009.1
7fb34534e000-7fb3453fb000 r-xp 00000000 08:05 11674296                   /usr/lib/x86_64-linux-gnu/libgdk-x11-2.0.so.0.2400.20
7fb3453fb000-7fb3455fa000 ---p 000ad000 08:05 11674296                   /usr/lib/x86_64-linux-gnu/libgdk-x11-2.0.so.0.2400.20
7fb3455fa000-7fb3455fe000 r--p 000ac000 08:05 11674296                   /usr/lib/x86_64-linux-gnu/libgdk-x11-2.0.so.0.2400.20
7fb3455fe000-7fb345600000 rw-p 000b0000 08:05 11674296                   /usr/lib/x86_64-linux-gnu/libgdk-x11-2.0.so.0.2400.20
7fb345600000-7fb345a2f000 r-xp 00000000 08:05 11674433                   /usr/lib/x86_64-linux-gnu/libgtk-x11-2.0.so.0.2400.20
7fb345a2f000-7fb345c2e000 ---p 0042f000 08:05 11674433                   /usr/lib/x86_64-linux-gnu/libgtk-x11-2.0.so.0.2400.20
7fb345c2e000-7fb345c35000 r--p 0042e000 08:05 11674433                   /usr/lib/x86_64-linux-gnu/libgtk-x11-2.0.so.0.2400.20
7fb345c35000-7fb345c39000 rw-p 00435000 08:05 11674433                   /usr/lib/x86_64-linux-gnu/libgtk-x11-2.0.so.0.2400.20
7fb345c39000-7fb345c3c000 rw-p 00000000 00:00 0 
7fb345c3c000-7fb345c61000 r-xp 00000000 08:05 2231577                    /usr/local/jdk1.7.0_45/jre/lib/amd64/libglass.so
7fb345c61000-7fb345e61000 ---p 00025000 08:05 2231577                    /usr/local/jdk1.7.0_45/jre/lib/amd64/libglass.so
7fb345e61000-7fb345e62000 r--p 00025000 08:05 2231577                    /usr/local/jdk1.7.0_45/jre/lib/amd64/libglass.so
7fb345e62000-7fb345e63000 rw-p 00026000 08:05 2231577                    /usr/local/jdk1.7.0_45/jre/lib/amd64/libglass.so
7fb345e63000-7fb345e66000 ---p 00000000 00:00 0 
7fb345e66000-7fb345f64000 rw-p 00000000 00:00 0                          [stack:29217]
7fb345f64000-7fb345f96000 r-xp 00000000 08:05 11674752                   /usr/lib/x86_64-linux-gnu/libtxc_dxtn_s2tc.so.0.0.0
7fb345f96000-7fb346195000 ---p 00032000 08:05 11674752                   /usr/lib/x86_64-linux-gnu/libtxc_dxtn_s2tc.so.0.0.0
7fb346195000-7fb346196000 r--p 00031000 08:05 11674752                   /usr/lib/x86_64-linux-gnu/libtxc_dxtn_s2tc.so.0.0.0
7fb346196000-7fb346197000 rw-p 00032000 08:05 11674752                   /usr/lib/x86_64-linux-gnu/libtxc_dxtn_s2tc.so.0.0.0
7fb346197000-7fb3461af000 r-xp 00000000 08:05 3149771                    /lib/x86_64-linux-gnu/libz.so.1.2.8
7fb3461af000-7fb3463ae000 ---p 00018000 08:05 3149771                    /lib/x86_64-linux-gnu/libz.so.1.2.8
7fb3463ae000-7fb3463af000 r--p 00017000 08:05 3149771                    /lib/x86_64-linux-gnu/libz.so.1.2.8
7fb3463af000-7fb3463b0000 rw-p 00018000 08:05 3149771                    /lib/x86_64-linux-gnu/libz.so.1.2.8
7fb3463b0000-7fb3463b8000 r-xp 00000000 08:05 11674611                   /usr/lib/x86_64-linux-gnu/libpciaccess.so.0.11.1
7fb3463b8000-7fb3465b7000 ---p 00008000 08:05 11674611                   /usr/lib/x86_64-linux-gnu/libpciaccess.so.0.11.1
7fb3465b7000-7fb3465b8000 r--p 00007000 08:05 11674611                   /usr/lib/x86_64-linux-gnu/libpciaccess.so.0.11.1
7fb3465b8000-7fb3465b9000 rw-p 00008000 08:05 11674611                   /usr/lib/x86_64-linux-gnu/libpciaccess.so.0.11.1
7fb3465b9000-7fb3465ce000 r-xp 00000000 08:05 3149640                    /lib/x86_64-linux-gnu/libgcc_s.so.1
7fb3465ce000-7fb3467cd000 ---p 00015000 08:05 3149640                    /lib/x86_64-linux-gnu/libgcc_s.so.1
7fb3467cd000-7fb3467ce000 r--p 00014000 08:05 3149640                    /lib/x86_64-linux-gnu/libgcc_s.so.1
7fb3467ce000-7fb3467cf000 rw-p 00015000 08:05 3149640                    /lib/x86_64-linux-gnu/libgcc_s.so.1
7fb3467cf000-7fb3468b5000 r-xp 00000000 08:05 11674716                   /usr/lib/x86_64-linux-gnu/libstdc++.so.6.0.18
7fb3468b5000-7fb346ab4000 ---p 000e6000 08:05 11674716                   /usr/lib/x86_64-linux-gnu/libstdc++.so.6.0.18
7fb346ab4000-7fb346abc000 r--p 000e5000 08:05 11674716                   /usr/lib/x86_64-linux-gnu/libstdc++.so.6.0.18
7fb346abc000-7fb346abe000 rw-p 000ed000 08:05 11674716                   /usr/lib/x86_64-linux-gnu/libstdc++.so.6.0.18
7fb346abe000-7fb346ad3000 rw-p 00000000 00:00 0 
7fb346ad3000-7fb346af2000 r-xp 00000000 08:05 11674200                   /usr/lib/x86_64-linux-gnu/libdrm_intel.so.1.0.0
7fb346af2000-7fb346cf1000 ---p 0001f000 08:05 11674200                   /usr/lib/x86_64-linux-gnu/libdrm_intel.so.1.0.0
7fb346cf1000-7fb346cf2000 r--p 0001e000 08:05 11674200                   /usr/lib/x86_64-linux-gnu/libdrm_intel.so.1.0.0
7fb346cf2000-7fb346cf3000 rw-p 0001f000 08:05 11674200                   /usr/lib/x86_64-linux-gnu/libdrm_intel.so.1.0.0
7fb346cf3000-7fb346d1a000 r-xp 00000000 08:05 3149635                    /lib/x86_64-linux-gnu/libexpat.so.1.6.0
7fb346d1a000-7fb346f1a000 ---p 00027000 08:05 3149635                    /lib/x86_64-linux-gnu/libexpat.so.1.6.0
7fb346f1a000-7fb346f1c000 r--p 00027000 08:05 3149635                    /lib/x86_64-linux-gnu/libexpat.so.1.6.0
7fb346f1c000-7fb346f1d000 rw-p 00029000 08:05 3149635                    /lib/x86_64-linux-gnu/libexpat.so.1.6.0
7fb346f1d000-7fb3472db000 r-xp 00000000 08:05 11674196                   /usr/lib/x86_64-linux-gnu/libdricore9.2.1.so.1.0.0
7fb3472db000-7fb3474da000 ---p 003be000 08:05 11674196                   /usr/lib/x86_64-linux-gnu/libdricore9.2.1.so.1.0.0
7fb3474da000-7fb3474ea000 r--p 003bd000 08:05 11674196                   /usr/lib/x86_64-linux-gnu/libdricore9.2.1.so.1.0.0
7fb3474ea000-7fb3474f2000 rw-p 003cd000 08:05 11674196                   /usr/lib/x86_64-linux-gnu/libdricore9.2.1.so.1.0.0
7fb3474f2000-7fb34750a000 rw-p 00000000 00:00 0 
7fb34750a000-7fb3475df000 r-xp 00000000 08:05 11928735                   /usr/lib/x86_64-linux-gnu/dri/i965_dri.so
7fb3475df000-7fb3477df000 ---p 000d5000 08:05 11928735                   /usr/lib/x86_64-linux-gnu/dri/i965_dri.so
7fb3477df000-7fb3477e2000 r--p 000d5000 08:05 11928735                   /usr/lib/x86_64-linux-gnu/dri/i965_dri.so
7fb3477e2000-7fb3477e4000 rw-p 000d8000 08:05 11928735                   /usr/lib/x86_64-linux-gnu/dri/i965_dri.so
7fb3477e4000-7fb3477e5000 rw-p 00000000 00:00 0 
7fb3477e5000-7fb3477ea000 r-xp 00000000 08:05 11674043                   /usr/lib/x86_64-linux-gnu/libXdmcp.so.6.0.0
7fb3477ea000-7fb3479e9000 ---p 00005000 08:05 11674043                   /usr/lib/x86_64-linux-gnu/libXdmcp.so.6.0.0
7fb3479e9000-7fb3479ea000 r--p 00004000 08:05 11674043                   /usr/lib/x86_64-linux-gnu/libXdmcp.so.6.0.0
7fb3479ea000-7fb3479eb000 rw-p 00005000 08:05 11674043                   /usr/lib/x86_64-linux-gnu/libXdmcp.so.6.0.0
7fb3479eb000-7fb3479ed000 r-xp 00000000 08:05 11674032                   /usr/lib/x86_64-linux-gnu/libXau.so.6.0.0
7fb3479ed000-7fb347bed000 ---p 00002000 08:05 11674032                   /usr/lib/x86_64-linux-gnu/libXau.so.6.0.0
7fb347bed000-7fb347bee000 r--p 00002000 08:05 11674032                   /usr/lib/x86_64-linux-gnu/libXau.so.6.0.0
7fb347bee000-7fb347bef000 rw-p 00003000 08:05 11674032                   /usr/lib/x86_64-linux-gnu/libXau.so.6.0.0
7fb347bef000-7fb347bfa000 r-xp 00000000 08:05 11674198                   /usr/lib/x86_64-linux-gnu/libdrm.so.2.4.0
7fb347bfa000-7fb347df9000 ---p 0000b000 08:05 11674198                   /usr/lib/x86_64-linux-gnu/libdrm.so.2.4.0
7fb347df9000-7fb347dfa000 r--p 0000a000 08:05 11674198                   /usr/lib/x86_64-linux-gnu/libdrm.so.2.4.0
7fb347dfa000-7fb347dfb000 rw-p 0000b000 08:05 11674198                   /usr/lib/x86_64-linux-gnu/libdrm.so.2.4.0
7fb347dfb000-7fb347dfe000 r-xp 00000000 08:05 11674800                   /usr/lib/x86_64-linux-gnu/libxcb-dri2.so.0.0.0
7fb347dfe000-7fb347ffe000 ---p 00003000 08:05 11674800                   /usr/lib/x86_64-linux-gnu/libxcb-dri2.so.0.0.0
7fb347ffe000-7fb347fff000 r--p 00003000 08:05 11674800                   /usr/lib/x86_64-linux-gnu/libxcb-dri2.so.0.0.0
7fb347fff000-7fb348000000 rw-p 00004000 08:05 11674800                   /usr/lib/x86_64-linux-gnu/libxcb-dri2.so.0.0.0
7fb348000000-7fb3480a5000 rw-p 00000000 00:00 0 
7fb3480a5000-7fb34c000000 ---p 00000000 00:00 0 
7fb34c000000-7fb34c2ed000 rw-p 00000000 00:00 0 
7fb34c2ed000-7fb350000000 ---p 00000000 00:00 0 
7fb350000000-7fb350021000 rw-p 00000000 00:00 0 
7fb350021000-7fb354000000 ---p 00000000 00:00 0 
7fb354000000-7fb354021000 rw-p 00000000 00:00 0 
7fb354021000-7fb358000000 ---p 00000000 00:00 0 
7fb358000000-7fb358611000 rw-p 00000000 00:00 0 
7fb358611000-7fb35c000000 ---p 00000000 00:00 0 
7fb35c000000-7fb35c021000 rw-p 00000000 00:00 0 
7fb35c021000-7fb360000000 ---p 00000000 00:00 0 
7fb360000000-7fb360021000 rw-p 00000000 00:00 0 
7fb360021000-7fb364000000 ---p 00000000 00:00 0 
7fb364000000-7fb3648d8000 rw-p 00000000 00:00 0 
7fb3648d8000-7fb368000000 ---p 00000000 00:00 0 
7fb368000000-7fb368021000 rw-p 00000000 00:00 0 
7fb368021000-7fb36c000000 ---p 00000000 00:00 0 
7fb36c000000-7fb36c021000 rw-p 00000000 00:00 0 
7fb36c021000-7fb370000000 ---p 00000000 00:00 0 
7fb370000000-7fb370021000 rw-p 00000000 00:00 0 
7fb370021000-7fb374000000 ---p 00000000 00:00 0 
7fb374003000-7fb37400d000 r--s 00000000 08:05 264875                     /usr/share/fonts/X11/Type1/c0419bt_.pfb
7fb37400d000-7fb374024000 r--s 00000000 08:05 265650                     /usr/share/fonts/type1/gsfonts/n021023l.pfb
7fb374024000-7fb37402e000 r--s 00000000 08:05 265686                     /usr/share/fonts/type1/mathml/Symbol.pfb
7fb37402e000-7fb37403f000 r--s 00000000 08:05 265626                     /usr/share/fonts/type1/gsfonts/n019023l.pfb
7fb37403f000-7fb374053000 r--s 00000000 08:05 265620                     /usr/share/fonts/type1/gsfonts/n019003l.pfb
7fb374053000-7fb37405e000 r--s 00000000 08:05 658177                     /var/cache/fontconfig/945677eb7aeaf62f1d50efc3fb3ec7d8-le64.cache-4
7fb37405e000-7fb374067000 r--s 00000000 08:05 658948                     /var/cache/fontconfig/a6d8cf8e4ec09cdbc8633c31745a07dd-le64.cache-4
7fb374067000-7fb37407c000 r-xp 00000000 08:05 11674802                   /usr/lib/x86_64-linux-gnu/libxcb-glx.so.0.0.0
7fb37407c000-7fb37427b000 ---p 00015000 08:05 11674802                   /usr/lib/x86_64-linux-gnu/libxcb-glx.so.0.0.0
7fb37427b000-7fb37427d000 r--p 00014000 08:05 11674802                   /usr/lib/x86_64-linux-gnu/libxcb-glx.so.0.0.0
7fb37427d000-7fb37427e000 rw-p 00016000 08:05 11674802                   /usr/lib/x86_64-linux-gnu/libxcb-glx.so.0.0.0
7fb37427e000-7fb37427f000 r-xp 00000000 08:05 11674028                   /usr/lib/x86_64-linux-gnu/libX11-xcb.so.1.0.0
7fb37427f000-7fb37447e000 ---p 00001000 08:05 11674028                   /usr/lib/x86_64-linux-gnu/libX11-xcb.so.1.0.0
7fb37447e000-7fb37447f000 r--p 00000000 08:05 11674028                   /usr/lib/x86_64-linux-gnu/libX11-xcb.so.1.0.0
7fb37447f000-7fb374480000 rw-p 00001000 08:05 11674028                   /usr/lib/x86_64-linux-gnu/libX11-xcb.so.1.0.0
7fb374480000-7fb374485000 r-xp 00000000 08:05 11674047                   /usr/lib/x86_64-linux-gnu/libXfixes.so.3.1.0
7fb374485000-7fb374684000 ---p 00005000 08:05 11674047                   /usr/lib/x86_64-linux-gnu/libXfixes.so.3.1.0
7fb374684000-7fb374685000 r--p 00004000 08:05 11674047                   /usr/lib/x86_64-linux-gnu/libXfixes.so.3.1.0
7fb374685000-7fb374686000 rw-p 00005000 08:05 11674047                   /usr/lib/x86_64-linux-gnu/libXfixes.so.3.1.0
7fb374686000-7fb374688000 r-xp 00000000 08:05 11674041                   /usr/lib/x86_64-linux-gnu/libXdamage.so.1.1.0
7fb374688000-7fb374887000 ---p 00002000 08:05 11674041                   /usr/lib/x86_64-linux-gnu/libXdamage.so.1.1.0
7fb374887000-7fb374888000 r--p 00001000 08:05 11674041                   /usr/lib/x86_64-linux-gnu/libXdamage.so.1.1.0
7fb374888000-7fb374889000 rw-p 00002000 08:05 11674041                   /usr/lib/x86_64-linux-gnu/libXdamage.so.1.1.0
7fb374889000-7fb3748aa000 r-xp 00000000 08:05 11674313                   /usr/lib/x86_64-linux-gnu/libglapi.so.0.0.0
7fb3748aa000-7fb374aaa000 ---p 00021000 08:05 11674313                   /usr/lib/x86_64-linux-gnu/libglapi.so.0.0.0
7fb374aaa000-7fb374aad000 r--p 00021000 08:05 11674313                   /usr/lib/x86_64-linux-gnu/libglapi.so.0.0.0
7fb374aad000-7fb374aae000 rw-p 00024000 08:05 11674313                   /usr/lib/x86_64-linux-gnu/libglapi.so.0.0.0
7fb374aae000-7fb374aaf000 rw-p 00000000 00:00 0 
7fb374aaf000-7fb374ac0000 r-xp 00000000 08:05 11674045                   /usr/lib/x86_64-linux-gnu/libXext.so.6.4.0
7fb374ac0000-7fb374cbf000 ---p 00011000 08:05 11674045                   /usr/lib/x86_64-linux-gnu/libXext.so.6.4.0
7fb374cbf000-7fb374cc0000 r--p 00010000 08:05 11674045                   /usr/lib/x86_64-linux-gnu/libXext.so.6.4.0
7fb374cc0000-7fb374cc1000 rw-p 00011000 08:05 11674045                   /usr/lib/x86_64-linux-gnu/libXext.so.6.4.0
7fb374cc1000-7fb374cde000 r-xp 00000000 08:05 11674824                   /usr/lib/x86_64-linux-gnu/libxcb.so.1.1.0
7fb374cde000-7fb374edd000 ---p 0001d000 08:05 11674824                   /usr/lib/x86_64-linux-gnu/libxcb.so.1.1.0
7fb374edd000-7fb374ede000 r--p 0001c000 08:05 11674824                   /usr/lib/x86_64-linux-gnu/libxcb.so.1.1.0
7fb374ede000-7fb374edf000 rw-p 0001d000 08:05 11674824                   /usr/lib/x86_64-linux-gnu/libxcb.so.1.1.0
7fb374edf000-7fb374f39000 r-xp 00000000 08:05 11929362                   /usr/lib/x86_64-linux-gnu/mesa/libGL.so.1.2.0
7fb374f39000-7fb375139000 ---p 0005a000 08:05 11929362                   /usr/lib/x86_64-linux-gnu/mesa/libGL.so.1.2.0
7fb375139000-7fb37513b000 r--p 0005a000 08:05 11929362                   /usr/lib/x86_64-linux-gnu/mesa/libGL.so.1.2.0
7fb37513b000-7fb37513c000 rw-p 0005c000 08:05 11929362                   /usr/lib/x86_64-linux-gnu/mesa/libGL.so.1.2.0
7fb37513c000-7fb37513d000 rw-p 00000000 00:00 0 
7fb37513d000-7fb375141000 r-xp 00000000 08:05 11674079                   /usr/lib/x86_64-linux-gnu/libXxf86vm.so.1.0.0
7fb375141000-7fb375341000 ---p 00004000 08:05 11674079                   /usr/lib/x86_64-linux-gnu/libXxf86vm.so.1.0.0
7fb375341000-7fb375342000 r--p 00004000 08:05 11674079                   /usr/lib/x86_64-linux-gnu/libXxf86vm.so.1.0.0
7fb375342000-7fb375343000 rw-p 00005000 08:05 11674079                   /usr/lib/x86_64-linux-gnu/libXxf86vm.so.1.0.0
7fb375343000-7fb375473000 r-xp 00000000 08:05 11674030                   /usr/lib/x86_64-linux-gnu/libX11.so.6.3.0
7fb375473000-7fb375673000 ---p 00130000 08:05 11674030                   /usr/lib/x86_64-linux-gnu/libX11.so.6.3.0
7fb375673000-7fb375674000 r--p 00130000 08:05 11674030                   /usr/lib/x86_64-linux-gnu/libX11.so.6.3.0
7fb375674000-7fb375678000 rw-p 00131000 08:05 11674030                   /usr/lib/x86_64-linux-gnu/libX11.so.6.3.0
7fb375678000-7fb375681000 r-xp 00000000 08:05 2231317                    /usr/local/jdk1.7.0_45/jre/lib/amd64/libprism-es2.so
7fb375681000-7fb375880000 ---p 00009000 08:05 2231317                    /usr/local/jdk1.7.0_45/jre/lib/amd64/libprism-es2.so
7fb375880000-7fb375881000 r--p 00008000 08:05 2231317                    /usr/local/jdk1.7.0_45/jre/lib/amd64/libprism-es2.so
7fb375881000-7fb375882000 rw-p 00009000 08:05 2231317                    /usr/local/jdk1.7.0_45/jre/lib/amd64/libprism-es2.so
7fb375882000-7fb375885000 ---p 00000000 00:00 0 
7fb375885000-7fb375983000 rw-p 00000000 00:00 0                          [stack:29216]
7fb375983000-7fb375986000 ---p 00000000 00:00 0 
7fb375986000-7fb375a84000 rw-p 00000000 00:00 0                          [stack:29215]
7fb375a84000-7fb375a9a000 r-xp 00000000 08:05 3149736                    /lib/x86_64-linux-gnu/libresolv-2.17.so
7fb375a9a000-7fb375c9a000 ---p 00016000 08:05 3149736                    /lib/x86_64-linux-gnu/libresolv-2.17.so
7fb375c9a000-7fb375c9b000 r--p 00016000 08:05 3149736                    /lib/x86_64-linux-gnu/libresolv-2.17.so
7fb375c9b000-7fb375c9c000 rw-p 00017000 08:05 3149736                    /lib/x86_64-linux-gnu/libresolv-2.17.so
7fb375c9c000-7fb375c9e000 rw-p 00000000 00:00 0 
7fb375c9e000-7fb375ca4000 r-xp 00000000 08:05 3149689                    /lib/x86_64-linux-gnu/libnss_dns-2.17.so
7fb375ca4000-7fb375ea3000 ---p 00006000 08:05 3149689                    /lib/x86_64-linux-gnu/libnss_dns-2.17.so
7fb375ea3000-7fb375ea4000 r--p 00005000 08:05 3149689                    /lib/x86_64-linux-gnu/libnss_dns-2.17.so
7fb375ea4000-7fb375ea5000 rw-p 00006000 08:05 3149689                    /lib/x86_64-linux-gnu/libnss_dns-2.17.so
7fb375ea5000-7fb375ea7000 r-xp 00000000 08:05 3145766                    /lib/libnss_mdns4_minimal.so.2
7fb375ea7000-7fb3760a6000 ---p 00002000 08:05 3145766                    /lib/libnss_mdns4_minimal.so.2
7fb3760a6000-7fb3760a7000 r--p 00001000 08:05 3145766                    /lib/libnss_mdns4_minimal.so.2
7fb3760a7000-7fb3760a8000 rw-p 00002000 08:05 3145766                    /lib/libnss_mdns4_minimal.so.2
7fb3760a8000-7fb3760be000 r-xp 00000000 08:05 2231713                    /usr/local/jdk1.7.0_45/jre/lib/amd64/libnet.so
7fb3760be000-7fb3762be000 ---p 00016000 08:05 2231713                    /usr/local/jdk1.7.0_45/jre/lib/amd64/libnet.so
7fb3762be000-7fb3762bf000 rw-p 00016000 08:05 2231713                    /usr/local/jdk1.7.0_45/jre/lib/amd64/libnet.so
7fb3762bf000-7fb3762dd000 r-xp 00000000 08:05 2231512                    /usr/local/jdk1.7.0_45/jre/lib/amd64/libdeploy.so
7fb3762dd000-7fb3764dd000 ---p 0001e000 08:05 2231512                    /usr/local/jdk1.7.0_45/jre/lib/amd64/libdeploy.so
7fb3764dd000-7fb3764df000 rw-p 0001e000 08:05 2231512                    /usr/local/jdk1.7.0_45/jre/lib/amd64/libdeploy.so
7fb3764df000-7fb3764ef000 rw-p 00000000 00:00 0 
7fb3764ef000-7fb3764f2000 ---p 00000000 00:00 0 
7fb3764f2000-7fb3765f0000 rw-p 00000000 00:00 0                          [stack:29214]
7fb3765f0000-7fb3765f1000 ---p 00000000 00:00 0 
7fb3765f1000-7fb3766f1000 rw-p 00000000 00:00 0                          [stack:29213]
7fb3766f1000-7fb3766f4000 ---p 00000000 00:00 0 
7fb3766f4000-7fb3767f2000 rw-p 00000000 00:00 0                          [stack:29212]
7fb3767f2000-7fb3767f5000 ---p 00000000 00:00 0 
7fb3767f5000-7fb3768f3000 rw-p 00000000 00:00 0                          [stack:29211]
7fb3768f3000-7fb3768f6000 ---p 00000000 00:00 0 
7fb3768f6000-7fb3769f4000 rw-p 00000000 00:00 0                          [stack:29210]
7fb3769f4000-7fb3769f7000 ---p 00000000 00:00 0 
7fb3769f7000-7fb376af5000 rw-p 00000000 00:00 0                          [stack:29209]
7fb376af5000-7fb376eef000 r--p 00000000 08:05 11672888                   /usr/lib/locale/locale-archive
7fb376eef000-7fb376ef2000 ---p 00000000 00:00 0 
7fb376ef2000-7fb376ff0000 rw-p 00000000 00:00 0                          [stack:29208]
7fb376ff0000-7fb376ff3000 ---p 00000000 00:00 0 
7fb376ff3000-7fb3770f1000 rw-p 00000000 00:00 0                          [stack:29207]
7fb3770f1000-7fb3770f2000 ---p 00000000 00:00 0 
7fb3770f2000-7fb378000000 rw-p 00000000 00:00 0                          [stack:29206]
7fb378000000-7fb378021000 rw-p 00000000 00:00 0 
7fb378021000-7fb37c000000 ---p 00000000 00:00 0 
7fb37c000000-7fb37c021000 rw-p 00000000 00:00 0 
7fb37c021000-7fb380000000 ---p 00000000 00:00 0 
7fb380000000-7fb380021000 rw-p 00000000 00:00 0 
7fb380021000-7fb384000000 ---p 00000000 00:00 0 
7fb384000000-7fb384001000 r--s 00000000 08:05 658184                     /var/cache/fontconfig/c05880de57d1f5e948fdfacc138775d9-le64.cache-4
7fb384001000-7fb384003000 r--s 00000000 08:05 658179                     /var/cache/fontconfig/99e8ed0e538f840c565b6ed5dad60d56-le64.cache-4
7fb384003000-7fb384009000 r--s 00000000 08:05 658162                     /var/cache/fontconfig/2cd17615ca594fa2959ae173292e504c-le64.cache-4
7fb384009000-7fb38400a000 r--s 00000000 08:05 658195                     /var/cache/fontconfig/e7071f4a29fa870f4323321c154eba04-le64.cache-4
7fb38400a000-7fb38400b000 r--s 00000000 08:05 658159                     /var/cache/fontconfig/0d8c3b2ac0904cb8a57a757ad11a4a08-le64.cache-4
7fb38400b000-7fb384012000 r--s 00000000 08:05 658181                     /var/cache/fontconfig/a755afe4a08bf5b97852ceb7400b47bc-le64.cache-4
7fb384012000-7fb384016000 r--s 00000000 08:05 658172                     /var/cache/fontconfig/6d41288fd70b0be22e8c3a91e032eec0-le64.cache-4
7fb384016000-7fb38402a000 r--s 00000000 08:05 658157                     /var/cache/fontconfig/04aabc0a78ac019cf9454389977116d2-le64.cache-4
7fb38402a000-7fb38402b000 r--s 00000000 08:05 658161                     /var/cache/fontconfig/1ac9eb803944fde146138c791f5cc56a-le64.cache-4
7fb38402b000-7fb38402f000 r--s 00000000 08:05 658166                     /var/cache/fontconfig/385c0604a188198f04d133e54aba7fe7-le64.cache-4
7fb38402f000-7fb384030000 r--s 00000000 08:05 658192                     /var/cache/fontconfig/dc05db6664285cc2f12bf69c139ae4c3-le64.cache-4
7fb384030000-7fb384032000 r--s 00000000 08:05 658174                     /var/cache/fontconfig/767a8244fc0220cfb567a839d0392e0b-le64.cache-4
7fb384032000-7fb384034000 r--s 00000000 08:05 658163                     /var/cache/fontconfig/2fe16cf53f8bd2da9ea33d9eb6e69eee-le64.cache-4
7fb384034000-7fb384037000 r--s 00000000 08:05 658176                     /var/cache/fontconfig/8801497958630a81b71ace7c5f9b32a8-le64.cache-4
7fb384037000-7fb384072000 r--s 00000000 08:05 658945                     /var/cache/fontconfig/365b55f210c0a22e9a19e35191240f32-le64.cache-4
7fb384072000-7fb384076000 r--s 00000000 08:05 658185                     /var/cache/fontconfig/c57959a16110560c8d0fcea73374aeeb-le64.cache-4
7fb384076000-7fb38407d000 r--s 00000000 08:05 658164                     /var/cache/fontconfig/3047814df9a2f067bd2d96a2b9c36e5a-le64.cache-4
7fb38407d000-7fb384086000 r--s 00000000 08:05 658947                     /var/cache/fontconfig/52f7bdb7ce746bfd7eaa1985bd9cfa93-le64.cache-4
7fb384086000-7fb384099000 r--s 00000000 08:05 658189                     /var/cache/fontconfig/d52a8644073d54c13679302ca1180695-le64.cache-4
7fb384099000-7fb3840a2000 r--s 00000000 08:05 658946                     /var/cache/fontconfig/3f7329c5293ffd510edef78f73874cfd-le64.cache-4
7fb3840a2000-7fb3840ae000 r--s 00000000 08:05 658187                     /var/cache/fontconfig/d589a48862398ed80a3d6066f4f56f4c-le64.cache-4
7fb3840ae000-7fb3840b8000 r--s 00250000 08:05 1575388                    /usr/local/jdk1.7.0_45/jre/lib/resources.jar
7fb3840b8000-7fb3840c0000 rw-s 00000000 00:04 402439                     /drm mm object (deleted)
7fb3840c0000-7fb388000000 rw-p 00000000 00:00 0 
7fb388000000-7fb388021000 rw-p 00000000 00:00 0 
7fb388021000-7fb38c000000 ---p 00000000 00:00 0 
7fb38c000000-7fb38c001000 r--s 00000000 08:05 658167                     /var/cache/fontconfig/4794a0821666d79190d59a36cb4f44b5-le64.cache-4
7fb38c001000-7fb38c007000 r--s 00000000 08:05 658182                     /var/cache/fontconfig/b47c4e1ecd0709278f4910c18777a504-le64.cache-4
7fb38c007000-7fb38c095000 r--s 00ddd000 08:05 1575401                    /usr/local/jdk1.7.0_45/jre/lib/jfxrt.jar
7fb38c095000-7fb38c1e1000 rw-p 00000000 00:00 0 
7fb38c1e1000-7fb38c39d000 r--s 039b2000 08:05 1575425                    /usr/local/jdk1.7.0_45/jre/lib/rt.jar
7fb38c39d000-7fb38c807000 rw-p 00000000 00:00 0 
7fb38c807000-7fb38c808000 ---p 00000000 00:00 0 
7fb38c808000-7fb38c908000 rw-p 00000000 00:00 0                          [stack:29205]
7fb38c908000-7fb38c909000 ---p 00000000 00:00 0 
7fb38c909000-7fb38ca09000 rw-p 00000000 00:00 0                          [stack:29204]
7fb38ca09000-7fb38ca0a000 ---p 00000000 00:00 0 
7fb38ca0a000-7fb38cb0a000 rw-p 00000000 00:00 0                          [stack:29203]
7fb38cb0a000-7fb38cb0b000 ---p 00000000 00:00 0 
7fb38cb0b000-7fb38cc16000 rw-p 00000000 00:00 0                          [stack:29202]
7fb38cc16000-7fb38cc34000 rw-p 00000000 00:00 0 
7fb38cc34000-7fb38cc5d000 rw-p 00000000 00:00 0 
7fb38cc5d000-7fb38cebb000 rw-p 00000000 00:00 0 
7fb38cebb000-7fb38ced0000 rw-p 00000000 00:00 0 
7fb38ced0000-7fb38cfff000 rw-p 00000000 00:00 0 
7fb38cfff000-7fb38d000000 rw-p 00000000 00:00 0 
7fb38d000000-7fb38d270000 rwxp 00000000 00:00 0 
7fb38d270000-7fb3902a7000 rw-p 00000000 00:00 0 
7fb3902a7000-7fb394000000 ---p 00000000 00:00 0 
7fb394000000-7fb394001000 r--s 00000000 08:05 658169                     /var/cache/fontconfig/56cf4f4769d0f4abc89a4895d7bd3ae1-le64.cache-4
7fb394001000-7fb394002000 r--s 00000000 08:05 658183                     /var/cache/fontconfig/b9d506c9ac06c20b433354fa67a72993-le64.cache-4
7fb394002000-7fb394003000 r--s 00000000 08:05 658158                     /var/cache/fontconfig/0c9eb80ebd1c36541ebe2852d3bb0c49-le64.cache-4
7fb394003000-7fb394006000 r--s 00000000 08:05 658688                     /var/cache/fontconfig/e13b20fdb08344e0e664864cc2ede53d-le64.cache-4
7fb394006000-7fb394019000 r--s 000d0000 08:05 1575397                    /usr/local/jdk1.7.0_45/jre/lib/plugin.jar
7fb394019000-7fb3940a7000 rw-p 00000000 00:00 0 
7fb3940a7000-7fb3940c5000 rw-p 00000000 00:00 0 
7fb3940c5000-7fb3940ee000 rw-p 00000000 00:00 0 
7fb3940ee000-7fb39434d000 rw-p 00000000 00:00 0 
7fb39434d000-7fb394367000 r-xp 00000000 08:05 2231711                    /usr/local/jdk1.7.0_45/jre/lib/amd64/libzip.so
7fb394367000-7fb394567000 ---p 0001a000 08:05 2231711                    /usr/local/jdk1.7.0_45/jre/lib/amd64/libzip.so
7fb394567000-7fb394568000 rw-p 0001a000 08:05 2231711                    /usr/local/jdk1.7.0_45/jre/lib/amd64/libzip.so
7fb394568000-7fb394574000 r-xp 00000000 08:05 3149691                    /lib/x86_64-linux-gnu/libnss_files-2.17.so
7fb394574000-7fb394773000 ---p 0000c000 08:05 3149691                    /lib/x86_64-linux-gnu/libnss_files-2.17.so
7fb394773000-7fb394774000 r--p 0000b000 08:05 3149691                    /lib/x86_64-linux-gnu/libnss_files-2.17.so
7fb394774000-7fb394775000 rw-p 0000c000 08:05 3149691                    /lib/x86_64-linux-gnu/libnss_files-2.17.so
7fb394775000-7fb394780000 r-xp 00000000 08:05 3149695                    /lib/x86_64-linux-gnu/libnss_nis-2.17.so
7fb394780000-7fb39497f000 ---p 0000b000 08:05 3149695                    /lib/x86_64-linux-gnu/libnss_nis-2.17.so
7fb39497f000-7fb394980000 r--p 0000a000 08:05 3149695                    /lib/x86_64-linux-gnu/libnss_nis-2.17.so
7fb394980000-7fb394981000 rw-p 0000b000 08:05 3149695                    /lib/x86_64-linux-gnu/libnss_nis-2.17.so
7fb394981000-7fb394998000 r-xp 00000000 08:05 3149685                    /lib/x86_64-linux-gnu/libnsl-2.17.so
7fb394998000-7fb394b97000 ---p 00017000 08:05 3149685                    /lib/x86_64-linux-gnu/libnsl-2.17.so
7fb394b97000-7fb394b98000 r--p 00016000 08:05 3149685                    /lib/x86_64-linux-gnu/libnsl-2.17.so
7fb394b98000-7fb394b99000 rw-p 00017000 08:05 3149685                    /lib/x86_64-linux-gnu/libnsl-2.17.so
7fb394b99000-7fb394b9b000 rw-p 00000000 00:00 0 
7fb394b9b000-7fb394ba3000 r-xp 00000000 08:05 3149687                    /lib/x86_64-linux-gnu/libnss_compat-2.17.so
7fb394ba3000-7fb394da2000 ---p 00008000 08:05 3149687                    /lib/x86_64-linux-gnu/libnss_compat-2.17.so
7fb394da2000-7fb394da3000 r--p 00007000 08:05 3149687                    /lib/x86_64-linux-gnu/libnss_compat-2.17.so
7fb394da3000-7fb394da4000 rw-p 00008000 08:05 3149687                    /lib/x86_64-linux-gnu/libnss_compat-2.17.so
7fb394da4000-7fb394dcd000 r-xp 00000000 08:05 2231646                    /usr/local/jdk1.7.0_45/jre/lib/amd64/libjava.so
7fb394dcd000-7fb394fcd000 ---p 00029000 08:05 2231646                    /usr/local/jdk1.7.0_45/jre/lib/amd64/libjava.so
7fb394fcd000-7fb394fcf000 rw-p 00029000 08:05 2231646                    /usr/local/jdk1.7.0_45/jre/lib/amd64/libjava.so
7fb394fcf000-7fb394fdc000 r-xp 00000000 08:05 2231511                    /usr/local/jdk1.7.0_45/jre/lib/amd64/libverify.so
7fb394fdc000-7fb3951db000 ---p 0000d000 08:05 2231511                    /usr/local/jdk1.7.0_45/jre/lib/amd64/libverify.so
7fb3951db000-7fb3951dd000 rw-p 0000c000 08:05 2231511                    /usr/local/jdk1.7.0_45/jre/lib/amd64/libverify.so
7fb3951dd000-7fb3951e4000 r-xp 00000000 08:05 3149738                    /lib/x86_64-linux-gnu/librt-2.17.so
7fb3951e4000-7fb3953e3000 ---p 00007000 08:05 3149738                    /lib/x86_64-linux-gnu/librt-2.17.so
7fb3953e3000-7fb3953e4000 r--p 00006000 08:05 3149738                    /lib/x86_64-linux-gnu/librt-2.17.so
7fb3953e4000-7fb3953e5000 rw-p 00007000 08:05 3149738                    /lib/x86_64-linux-gnu/librt-2.17.so
7fb3953e5000-7fb3954e8000 r-xp 00000000 08:05 3149666                    /lib/x86_64-linux-gnu/libm-2.17.so
7fb3954e8000-7fb3956e7000 ---p 00103000 08:05 3149666                    /lib/x86_64-linux-gnu/libm-2.17.so
7fb3956e7000-7fb3956e8000 r--p 00102000 08:05 3149666                    /lib/x86_64-linux-gnu/libm-2.17.so
7fb3956e8000-7fb3956e9000 rw-p 00103000 08:05 3149666                    /lib/x86_64-linux-gnu/libm-2.17.so
7fb3956e9000-7fb39624b000 r-xp 00000000 08:05 2231274                    /usr/local/jdk1.7.0_45/jre/lib/amd64/server/libjvm.so
7fb39624b000-7fb39644b000 ---p 00b62000 08:05 2231274                    /usr/local/jdk1.7.0_45/jre/lib/amd64/server/libjvm.so
7fb39644b000-7fb39650e000 rw-p 00b62000 08:05 2231274                    /usr/local/jdk1.7.0_45/jre/lib/amd64/server/libjvm.so
7fb39650e000-7fb39654f000 rw-p 00000000 00:00 0 
7fb39654f000-7fb39670c000 r-xp 00000000 08:05 3149615                    /lib/x86_64-linux-gnu/libc-2.17.so
7fb39670c000-7fb39690c000 ---p 001bd000 08:05 3149615                    /lib/x86_64-linux-gnu/libc-2.17.so
7fb39690c000-7fb396910000 r--p 001bd000 08:05 3149615                    /lib/x86_64-linux-gnu/libc-2.17.so
7fb396910000-7fb396912000 rw-p 001c1000 08:05 3149615                    /lib/x86_64-linux-gnu/libc-2.17.so
7fb396912000-7fb396917000 rw-p 00000000 00:00 0 
7fb396917000-7fb39691a000 r-xp 00000000 08:05 3149630                    /lib/x86_64-linux-gnu/libdl-2.17.so
7fb39691a000-7fb396b19000 ---p 00003000 08:05 3149630                    /lib/x86_64-linux-gnu/libdl-2.17.so
7fb396b19000-7fb396b1a000 r--p 00002000 08:05 3149630                    /lib/x86_64-linux-gnu/libdl-2.17.so
7fb396b1a000-7fb396b1b000 rw-p 00003000 08:05 3149630                    /lib/x86_64-linux-gnu/libdl-2.17.so
7fb396b1b000-7fb396b31000 r-xp 00000000 08:05 2231436                    /usr/local/jdk1.7.0_45/jre/lib/amd64/jli/libjli.so
7fb396b31000-7fb396d31000 ---p 00016000 08:05 2231436                    /usr/local/jdk1.7.0_45/jre/lib/amd64/jli/libjli.so
7fb396d31000-7fb396d32000 rw-p 00016000 08:05 2231436                    /usr/local/jdk1.7.0_45/jre/lib/amd64/jli/libjli.so
7fb396d32000-7fb396d49000 r-xp 00000000 08:05 3149730                    /lib/x86_64-linux-gnu/libpthread-2.17.so
7fb396d49000-7fb396f49000 ---p 00017000 08:05 3149730                    /lib/x86_64-linux-gnu/libpthread-2.17.so
7fb396f49000-7fb396f4a000 r--p 00017000 08:05 3149730                    /lib/x86_64-linux-gnu/libpthread-2.17.so
7fb396f4a000-7fb396f4b000 rw-p 00018000 08:05 3149730                    /lib/x86_64-linux-gnu/libpthread-2.17.so
7fb396f4b000-7fb396f4f000 rw-p 00000000 00:00 0 
7fb396f4f000-7fb396f72000 r-xp 00000000 08:05 3149589                    /lib/x86_64-linux-gnu/ld-2.17.so
7fb396f72000-7fb396f8a000 r--s 001cd000 08:05 1575398                    /usr/local/jdk1.7.0_45/jre/lib/deploy.jar
7fb396f8a000-7fb396f94000 rw-p 00000000 00:00 0 
7fb396f94000-7fb39704a000 rw-p 00000000 00:00 0 
7fb39704a000-7fb39704d000 ---p 00000000 00:00 0 
7fb39704d000-7fb39714f000 rw-p 00000000 00:00 0                          [stack:29201]
7fb39714f000-7fb397153000 r--s 00000000 08:05 658990                     /var/cache/fontconfig/7ef2298fde41cc6eeb7af42e48b7d293-le64.cache-4
7fb397153000-7fb39715c000 r--s 00064000 08:05 1575399                    /usr/local/jdk1.7.0_45/jre/lib/javaws.jar
7fb39715c000-7fb397160000 r--s 000f7000 08:05 2231186                    /usr/local/jdk1.7.0_45/jre/lib/ext/localedata.jar
7fb397160000-7fb397164000 r--s 0008a000 08:05 1575404                    /usr/local/jdk1.7.0_45/jre/lib/jsse.jar
7fb397164000-7fb397165000 r--s 0002d000 08:03 9833794                    /home/sergio/Programacin/JavaFX/ExeaMusicPlayer/Player/dist/run1167961308/Player.jar
7fb397165000-7fb39716d000 rw-s 00000000 08:05 11010089                   /tmp/hsperfdata_sergio/29197
7fb39716d000-7fb39716e000 rw-p 00000000 00:00 0 
7fb39716e000-7fb39716f000 r--p 00000000 00:00 0 
7fb39716f000-7fb397171000 rw-p 00000000 00:00 0 
7fb397171000-7fb397172000 r--p 00022000 08:05 3149589                    /lib/x86_64-linux-gnu/ld-2.17.so
7fb397172000-7fb397174000 rw-p 00023000 08:05 3149589                    /lib/x86_64-linux-gnu/ld-2.17.so
7fff1595d000-7fff1597e000 rw-p 00000000 00:00 0                          [stack]
7fff159f3000-7fff159f5000 r-xp 00000000 00:00 0                          [vdso]
ffffffffff600000-ffffffffff601000 r-xp 00000000 00:00 0                  [vsyscall]

VM Arguments:
jvm_args: -Dfile.encoding=UTF-8 
java_command: /home/sergio/Programacin/JavaFX/ExeaMusicPlayer/Player/dist/run1167961308/Player.jar
Launcher Type: SUN_STANDARD

Environment Variables:
PATH=/usr/lib/lightdm/lightdm:/usr/local/sbin:/usr/local/bin:/usr/sbin:/usr/bin:/sbin:/bin:/usr/games:/usr/local/games
LD_LIBRARY_PATH=/usr/local/jdk1.7.0_45/jre/lib/amd64:/usr/local/jdk1.7.0_45/jre/lib/i386:
SHELL=/bin/bash
DISPLAY=:0

Signal Handlers:
SIGSEGV: [libjvm.so+0x9935b0], sa_mask[0]=0x7ffbfeff, sa_flags=0x10000004
SIGBUS: [libjvm.so+0x9935b0], sa_mask[0]=0x7ffbfeff, sa_flags=0x10000004
SIGFPE: [libjvm.so+0x810330], sa_mask[0]=0x7ffbfeff, sa_flags=0x10000004
SIGPIPE: SIG_IGN, sa_mask[0]=0x00001000, sa_flags=0x10000000
SIGXFSZ: [libjvm.so+0x810330], sa_mask[0]=0x7ffbfeff, sa_flags=0x10000004
SIGILL: [libjvm.so+0x810330], sa_mask[0]=0x7ffbfeff, sa_flags=0x10000004
SIGUSR1: SIG_DFL, sa_mask[0]=0x00000000, sa_flags=0x00000000
SIGUSR2: [libjvm.so+0x811820], sa_mask[0]=0x00000004, sa_flags=0x10000004
SIGHUP: [libjvm.so+0x812790], sa_mask[0]=0x7ffbfeff, sa_flags=0x10000004
SIGINT: SIG_IGN, sa_mask[0]=0x00000000, sa_flags=0x00000000
SIGTERM: [libjvm.so+0x812790], sa_mask[0]=0x7ffbfeff, sa_flags=0x10000004
SIGQUIT: [libjvm.so+0x812790], sa_mask[0]=0x7ffbfeff, sa_flags=0x10000004


---------------  S Y S T E M  ---------------

OS:wheezy/sid

uname:Linux 3.11.0-12-generic #19-Ubuntu SMP Wed Oct 9 16:20:46 UTC 2013 x86_64
libc:glibc 2.17 NPTL 2.17 
rlimit: STACK 8192k, CORE 0k, NPROC 61918, NOFILE 4096, AS infinity
load average:0,41 0,49 0,57

/proc/meminfo:
MemTotal:        7953504 kB
MemFree:         2656832 kB
Buffers:          304004 kB
Cached:          2795052 kB
SwapCached:            0 kB
Active:          3602268 kB
Inactive:        1319288 kB
Active(anon):    1824508 kB
Inactive(anon):   149640 kB
Active(file):    1777760 kB
Inactive(file):  1169648 kB
Unevictable:          32 kB
Mlocked:              32 kB
SwapTotal:       7812092 kB
SwapFree:        7812092 kB
Dirty:               388 kB
Writeback:             0 kB
AnonPages:       1822852 kB
Mapped:           327380 kB
Shmem:            151656 kB
Slab:             257012 kB
SReclaimable:     218268 kB
SUnreclaim:        38744 kB
KernelStack:        4432 kB
PageTables:        37820 kB
NFS_Unstable:          0 kB
Bounce:                0 kB
WritebackTmp:          0 kB
CommitLimit:    11788844 kB
Committed_AS:    5011800 kB
VmallocTotal:   34359738367 kB
VmallocUsed:      356100 kB
VmallocChunk:   34359379556 kB
HardwareCorrupted:     0 kB
AnonHugePages:         0 kB
HugePages_Total:       0
HugePages_Free:        0
HugePages_Rsvd:        0
HugePages_Surp:        0
Hugepagesize:       2048 kB
DirectMap4k:       77748 kB
DirectMap2M:     8087552 kB


CPU:total 4 (2 cores per cpu, 2 threads per core) family 6 model 58 stepping 9, cmov, cx8, fxsr, mmx, sse, sse2, sse3, ssse3, sse4.1, sse4.2, popcnt, avx, aes, erms, ht, tsc, tscinvbit, tscinv

/proc/cpuinfo:
processor	: 0
vendor_id	: GenuineIntel
cpu family	: 6
model		: 58
model name	: Intel(R) Core(TM) i5-3210M CPU @ 2.50GHz
stepping	: 9
microcode	: 0x15
cpu MHz		: 2500.000
cache size	: 3072 KB
physical id	: 0
siblings	: 4
core id		: 0
cpu cores	: 2
apicid		: 0
initial apicid	: 0
fpu		: yes
fpu_exception	: yes
cpuid level	: 13
wp		: yes
flags		: fpu vme de pse tsc msr pae mce cx8 apic sep mtrr pge mca cmov pat pse36 clflush dts acpi mmx fxsr sse sse2 ss ht tm pbe syscall nx rdtscp lm constant_tsc arch_perfmon pebs bts rep_good nopl xtopology nonstop_tsc aperfmperf eagerfpu pni pclmulqdq dtes64 monitor ds_cpl vmx est tm2 ssse3 cx16 xtpr pdcm pcid sse4_1 sse4_2 x2apic popcnt tsc_deadline_timer aes xsave avx f16c rdrand lahf_lm ida arat epb xsaveopt pln pts dtherm tpr_shadow vnmi flexpriority ept vpid fsgsbase smep erms
bogomips	: 4988.91
clflush size	: 64
cache_alignment	: 64
address sizes	: 36 bits physical, 48 bits virtual
power management:

processor	: 1
vendor_id	: GenuineIntel
cpu family	: 6
model		: 58
model name	: Intel(R) Core(TM) i5-3210M CPU @ 2.50GHz
stepping	: 9
microcode	: 0x15
cpu MHz		: 2500.000
cache size	: 3072 KB
physical id	: 0
siblings	: 4
core id		: 0
cpu cores	: 2
apicid		: 1
initial apicid	: 1
fpu		: yes
fpu_exception	: yes
cpuid level	: 13
wp		: yes
flags		: fpu vme de pse tsc msr pae mce cx8 apic sep mtrr pge mca cmov pat pse36 clflush dts acpi mmx fxsr sse sse2 ss ht tm pbe syscall nx rdtscp lm constant_tsc arch_perfmon pebs bts rep_good nopl xtopology nonstop_tsc aperfmperf eagerfpu pni pclmulqdq dtes64 monitor ds_cpl vmx est tm2 ssse3 cx16 xtpr pdcm pcid sse4_1 sse4_2 x2apic popcnt tsc_deadline_timer aes xsave avx f16c rdrand lahf_lm ida arat epb xsaveopt pln pts dtherm tpr_shadow vnmi flexpriority ept vpid fsgsbase smep erms
bogomips	: 4988.91
clflush size	: 64
cache_alignment	: 64
address sizes	: 36 bits physical, 48 bits virtual
power management:

processor	: 2
vendor_id	: GenuineIntel
cpu family	: 6
model		: 58
model name	: Intel(R) Core(TM) i5-3210M CPU @ 2.50GHz
stepping	: 9
microcode	: 0x15
cpu MHz		: 2500.000
cache size	: 3072 KB
physical id	: 0
siblings	: 4
core id		: 1
cpu cores	: 2
apicid		: 2
initial apicid	: 2
fpu		: yes
fpu_exception	: yes
cpuid level	: 13
wp		: yes
flags		: fpu vme de pse tsc msr pae mce cx8 apic sep mtrr pge mca cmov pat pse36 clflush dts acpi mmx fxsr sse sse2 ss ht tm pbe syscall nx rdtscp lm constant_tsc arch_perfmon pebs bts rep_good nopl xtopology nonstop_tsc aperfmperf eagerfpu pni pclmulqdq dtes64 monitor ds_cpl vmx est tm2 ssse3 cx16 xtpr pdcm pcid sse4_1 sse4_2 x2apic popcnt tsc_deadline_timer aes xsave avx f16c rdrand lahf_lm ida arat epb xsaveopt pln pts dtherm tpr_shadow vnmi flexpriority ept vpid fsgsbase smep erms
bogomips	: 4988.91
clflush size	: 64
cache_alignment	: 64
address sizes	: 36 bits physical, 48 bits virtual
power management:

processor	: 3
vendor_id	: GenuineIntel
cpu family	: 6
model		: 58
model name	: Intel(R) Core(TM) i5-3210M CPU @ 2.50GHz
stepping	: 9
microcode	: 0x15
cpu MHz		: 2500.000
cache size	: 3072 KB
physical id	: 0
siblings	: 4
core id		: 1
cpu cores	: 2
apicid		: 3
initial apicid	: 3
fpu		: yes
fpu_exception	: yes
cpuid level	: 13
wp		: yes
flags		: fpu vme de pse tsc msr pae mce cx8 apic sep mtrr pge mca cmov pat pse36 clflush dts acpi mmx fxsr sse sse2 ss ht tm pbe syscall nx rdtscp lm constant_tsc arch_perfmon pebs bts rep_good nopl xtopology nonstop_tsc aperfmperf eagerfpu pni pclmulqdq dtes64 monitor ds_cpl vmx est tm2 ssse3 cx16 xtpr pdcm pcid sse4_1 sse4_2 x2apic popcnt tsc_deadline_timer aes xsave avx f16c rdrand lahf_lm ida arat epb xsaveopt pln pts dtherm tpr_shadow vnmi flexpriority ept vpid fsgsbase smep erms
bogomips	: 4988.91
clflush size	: 64
cache_alignment	: 64
address sizes	: 36 bits physical, 48 bits virtual
power management:



Memory: 4k page, physical 7953504k(2656832k free), swap 7812092k(7812092k free)

vm_info: Java HotSpot(TM) 64-Bit Server VM (24.45-b08) for linux-amd64 JRE (1.7.0_45-b18), built on Oct  8 2013 05:44:25 by "java_re" with gcc 4.3.0 20080428 (Red Hat 4.3.0-8)

time: Tue Nov  5 22:22:59 2013
elapsed time: 4 seconds

